2021/01/14 10:37:29,b000,ログイン,00,,,/userchk.asp,::1,,
2021/01/14 10:37:40,b101,空搬出事前情報一覧,04,海貨,6FKAM,/predef/top.asp,::1
2021/01/14 10:37:47,b401,実搬入事前情報一覧,01,海貨,6FKAM,/predef/top.asp,::1
2021/01/14 10:44:46,b101,実搬出事前情報一覧,01,海貨,6FKAM,/predef/dmo010L.asp,::1
2021/01/14 10:45:35,2001,輸入コンテナ照会,12,海貨,6FKAM,/impcntnr.asp,::1,YMLUI228236251,入力内容の正誤:0(正しい)
2021/01/14 10:45:35,2006,輸入コンテナ照会-単独コンテナ,00,海貨,6FKAM,/impdetail.asp,::1,TCNU3471519,
2021/01/14 10:45:45,2001,輸入コンテナ照会,11,海貨,6FKAM,/impcntnr.asp,::1,PONU0650974/MRKU9801283/MSKU2304604/MSKU5040249,入力内容の正誤:0(正しい)
2021/01/14 10:45:45,2002,輸入コンテナ照会-複数コンテナ,00,海貨,6FKAM,/implist.asp,::1,,
2021/01/14 10:45:51,b106,実搬出事前情報入力(ＢＬ番号),11,海貨,6FKAM,/predef/dmo020.asp,::1
2021/01/14 10:46:14,b105,実搬出事前情報入力(一覧から選択),11,海貨,6FKAM,/predef/dmo020.asp,::1
2021/01/14 10:46:27,b106,実搬出事前情報入力(ＢＬ番号),11,海貨,6FKAM,/predef/dmo020.asp,::1
2021/01/14 10:46:33,b105,実搬出事前情報入力(一覧から選択),11,海貨,6FKAM,/predef/dmo020.asp,::1
2021/01/14 10:46:36,b105,実搬出事前情報一覧(一覧から選択),12,海貨,6FKAM,/predef/dmi021.asp,::1
2021/01/14 10:46:51,b105,実搬出事前情報一覧(一覧から選択),15,海貨,6FKAM,/predef/dmi090.asp,::1
2021/01/14 10:46:51,b101,実搬出事前情報一覧,01,海貨,6FKAM,/predef/dmo010L.asp,::1
2021/01/14 10:46:55,b102,実搬出事前情報入力(共通),00,海貨,6FKAM,/predef/dmi010.asp,::1
2021/01/14 10:47:03,b103,実搬出事前情報入力(指定あり),00,海貨,6FKAM,/predef/dmi015.asp,::1,'PONU0650974',入力内容の正誤:0(正しい)
2021/01/14 10:47:07,b102,実搬出事前情報入力(共通),00,海貨,6FKAM,/predef/dmi010.asp,::1
2021/01/14 10:47:13,b104,実搬出事前情報入力(指定なし),00,海貨,6FKAM,/predef/dmi015.asp,::1,'PONU0650974',入力内容の正誤:0(正しい)
2021/01/14 10:47:16,b102,実搬出事前情報入力(共通),00,海貨,6FKAM,/predef/dmi010.asp,::1
2021/01/14 10:47:19,b105,実搬出事前情報入力(一覧から選択),00,海貨,6FKAM,/predef/dmi015.asp,::1,'PONU0650974',入力内容の正誤:0(正しい)
2021/01/14 10:47:41,b102,実搬出事前情報入力(共通),00,海貨,6FKAM,/predef/dmi010.asp,::1
2021/01/14 10:47:50,b103,実搬出事前情報入力(指定あり),00,海貨,6FKAM,/predef/dmi015.asp,::1,'PONU0650974',入力内容の正誤:0(正しい)
2021/01/14 10:50:01,b105,実搬出事前情報入力(一覧から選択),11,海貨,6FKAM,/predef/dmo020.asp,::1
2021/01/14 10:50:29,b105,実搬出事前情報一覧(一覧から選択),12,海貨,6FKAM,/predef/dmi021.asp,::1
2021/01/14 10:51:13,b105,実搬出事前情報入力(一覧から選択),11,海貨,6FKAM,/predef/dmo020.asp,::1
2021/01/14 10:51:17,b105,実搬出事前情報一覧(一覧から選択),12,海貨,6FKAM,/predef/dmi021.asp,::1
2021/01/14 10:51:54,b105,実搬出事前情報一覧(一覧から選択),15,海貨,6FKAM,/predef/dmi090.asp,::1
2021/01/14 10:51:55,b101,実搬出事前情報一覧,01,海貨,6FKAM,/predef/dmo010L.asp,::1
2021/01/14 10:52:24,b102,実搬出事前情報入力(共通),00,海貨,6FKAM,/predef/dmi010.asp,::1
2021/01/14 10:52:32,b103,実搬出事前情報入力(指定あり),00,海貨,6FKAM,/predef/dmi015.asp,::1,'MRKU4792419',入力内容の正誤:0(正しい)
2021/01/14 10:53:02,b102,実搬出事前情報入力(共通),00,海貨,6FKAM,/predef/dmi010.asp,::1
2021/01/14 10:53:14,b104,実搬出事前情報入力(指定なし),00,海貨,6FKAM,/predef/dmi015.asp,::1,'MRKU4792419',入力内容の正誤:0(正しい)
2021/01/14 10:54:41,b102,実搬出事前情報入力(共通),00,海貨,6FKAM,/predef/dmi010.asp,::1
2021/01/14 10:54:54,b105,実搬出事前情報入力(一覧から選択),00,海貨,6FKAM,/predef/dmi015.asp,::1,'MRKU4792419',入力内容の正誤:0(正しい)
2021/01/14 10:56:00,b102,実搬出事前情報入力(共通),00,海貨,6FKAM,/predef/dmi010.asp,::1
2021/01/14 10:56:33,b106,実搬出事前情報入力(ＢＬ番号),11,海貨,6FKAM,/predef/dmo020.asp,::1
2021/01/14 10:56:35,b106,実搬出事前情報一覧(ＢＬ番号),12,海貨,6FKAM,/predef/dmi021.asp,::1
2021/01/14 10:56:36,b106,実搬出事前情報一覧(ＢＬ番号),13,海貨,6FKAM,/predef/dmi030.asp,::1,KC//CY//未入力,入力内容の正誤:0(正しい)
2021/01/14 10:56:40,b106,実搬出事前情報一覧(ＢＬ番号),14,海貨,6FKAM,/predef/dmi040.asp,::1
2021/01/14 10:56:45,b109,実搬出指示書印刷,01,海貨,6FKAM,/predef/dmo091.asp,::1
2021/01/14 10:56:48,b109,実搬出指示書印刷,02,海貨,6FKAM,/predef/dmo092.asp,::1
2021/01/14 10:56:56,b106,実搬出事前情報入力(ＢＬ番号),11,海貨,6FKAM,/predef/dmo020.asp,::1
2021/01/14 10:56:59,b106,実搬出事前情報一覧(ＢＬ番号),12,海貨,6FKAM,/predef/dmi021.asp,::1
2021/01/14 10:57:03,b106,実搬出事前情報一覧(ＢＬ番号),15,海貨,6FKAM,/predef/dmi090.asp,::1
2021/01/14 10:57:03,b101,実搬出事前情報一覧,01,海貨,6FKAM,/predef/dmo010L.asp,::1
2021/01/14 10:57:07,b102,実搬出事前情報入力(共通),00,海貨,6FKAM,/predef/dmi010.asp,::1
2021/01/14 10:57:23,b102,実搬出事前情報入力(共通),00,海貨,6FKAM,/predef/dmi010.asp,::1
2021/01/14 10:57:25,b106,実搬出事前情報入力(ＢＬ番号),00,海貨,6FKAM,/predef/dmi015.asp,::1,'YMLUI228236251',入力内容の正誤:0(正しい)
2021/01/14 10:57:32,b106,実搬出事前情報一覧(ＢＬ番号),02,海貨,6FKAM,/predef/dmi030.asp,::1,////未入力,入力内容の正誤:0(正しい)
2021/01/14 10:58:07,b102,実搬出事前情報入力(共通),00,海貨,6FKAM,/predef/dmi010.asp,::1
2021/01/14 10:58:12,b106,実搬出事前情報入力(ＢＬ番号),00,海貨,6FKAM,/predef/dmi015.asp,::1,'YMLUI228236251',入力内容の正誤:0(正しい)
2021/01/14 10:58:28,b106,実搬出事前情報一覧(ＢＬ番号),02,海貨,6FKAM,/predef/dmi030.asp,::1,////未入力,入力内容の正誤:0(正しい)
2021/01/14 10:58:51,b106,実搬出事前情報一覧(ＢＬ番号),03,海貨,6FKAM,/predef/dmi040.asp,::1
2021/01/14 10:58:54,b109,実搬出指示書印刷,01,海貨,6FKAM,/predef/dmo091.asp,::1
2021/01/14 10:58:57,b109,実搬出指示書印刷,02,海貨,6FKAM,/predef/dmo092.asp,::1
2021/01/14 10:59:04,b101,実搬出事前情報一覧,01,海貨,6FKAM,/predef/dmo010L.asp,::1
2021/01/14 10:59:26,b102,実搬出事前情報入力(共通),00,海貨,6FKAM,/predef/dmi010.asp,::1
2021/01/14 11:14:55,b103,実搬出事前情報入力(指定あり),00,海貨,6FKAM,/predef/dmi015.asp,::1,'MRKU4792419',入力内容の正誤:0(正しい)
2021/01/14 11:30:54,b101,空搬出事前情報一覧,04,海貨,6FKAM,/predef/top.asp,::1
2021/01/14 11:30:55,b401,実搬入事前情報一覧,01,海貨,6FKAM,/predef/top.asp,::1
2021/01/14 11:38:45,b401,実搬入事前情報一覧,01,海貨,6FKAM,/predef/dmo310L.asp,::1
2021/01/14 11:39:06,b401,実搬入事前情報一覧,04,海貨,6FKAM,/predef/dmo310L.asp,::1
2021/01/14 11:39:12,b000,ログイン,00,海貨,,/userchk.asp,::1,,
2021/01/14 11:39:29,b101,空搬出事前情報一覧,04,海貨,6AMKB,/predef/top.asp,::1
2021/01/14 11:39:30,b401,実搬入事前情報一覧,01,海貨,6AMKB,/predef/top.asp,::1
2021/01/14 11:39:42,b402,実搬入事前情報入力,01,海貨,6AMKB,/predef/dmi312.asp,::1,5138806030,入力内容の正誤:0(正しい)
2021/01/14 11:39:43,b302,空搬出事前情報入力,11,海貨,6AMKB,/predef/dmo220.asp,::1
2021/01/14 11:39:52,b302,空搬出事前情報入力,01,海貨,6AMKB,/predef/dmi210.asp,::1
2021/01/14 11:39:55,1009,ブッキング情報照会,10,海貨,6AMKB,/bookcheck.asp,::1,5138806030,入力内容の正誤:0(正しい)
2021/01/14 11:39:55,1010,ブッキング情報照会-ブッキング情報一覧,00,海貨,6AMKB,/booklist.asp,::1,,
2021/01/14 11:41:17,1009,ブッキング情報照会,00,海貨,6AMKB,/bookentry.asp,::1,,
2021/01/14 11:41:22,1001,輸出コンテナ照会,00,海貨,6AMKB,/expentry.asp,::1,,
2021/01/14 11:42:59,b302,空搬出事前情報入力,01,海貨,6AMKB,/predef/dmi210.asp,::1
2021/01/14 11:43:23,b402,実搬入事前情報入力,01,海貨,6AMKB,/predef/dmi312.asp,::1,5138806030,入力内容の正誤:0(正しい)
2021/01/14 11:43:23,b302,空搬出事前情報入力,02,海貨,6AMKB,/predef/dmi215.asp,::1,5138806030,入力内容の正誤:1(誤り)
2021/01/14 11:44:18,b102,実搬出事前情報入力(共通),00,海貨,6AMKB,/predef/dmi010.asp,::1
2021/01/14 11:44:20,b202,空搬入事前情報入力,00,海貨,6AMKB,/predef/dmi110.asp,::1
2021/01/14 11:44:23,b302,空搬出事前情報入力,01,海貨,6AMKB,/predef/dmi210.asp,::1
2021/01/14 11:46:04,b402,実搬入事前情報入力,01,海貨,6AMKB,/predef/dmi312.asp,::1,5138806030,入力内容の正誤:0(正しい)
2021/01/14 11:46:04,b302,空搬出事前情報入力,02,海貨,6AMKB,/predef/dmi215.asp,::1,5138806030,入力内容の正誤:1(誤り)
2021/01/14 11:46:22,b302,空搬出事前情報入力,01,海貨,6AMKB,/predef/dmi210.asp,::1
2021/01/14 11:46:30,b402,実搬入事前情報入力,01,海貨,6AMKB,/predef/dmi312.asp,::1,5138806031,入力内容の正誤:1(誤り)
2021/01/14 11:48:12,b402,実搬入事前情報入力,01,海貨,6AMKB,/predef/dmi312.asp,::1,5138806030,入力内容の正誤:0(正しい)
2021/01/14 11:48:12,b302,空搬出事前情報入力,11,海貨,6AMKB,/predef/dmo220.asp,::1
2021/01/14 11:48:23,b302,空搬出事前情報入力,01,海貨,6AMKB,/predef/dmi210.asp,::1
2021/01/14 11:48:26,1009,ブッキング情報照会,10,海貨,6AMKB,/bookcheck.asp,::1,5138806030,入力内容の正誤:0(正しい)
2021/01/14 11:48:26,1010,ブッキング情報照会-ブッキング情報一覧,00,海貨,6AMKB,/booklist.asp,::1,,
2021/01/14 11:49:40,b302,空搬出事前情報入力,01,海貨,6AMKB,/predef/dmi210.asp,::1
2021/01/14 11:49:42,1009,ブッキング情報照会,10,海貨,6AMKB,/bookcheck.asp,::1,5138806030,入力内容の正誤:0(正しい)
2021/01/14 11:49:42,1010,ブッキング情報照会-ブッキング情報一覧,00,海貨,6AMKB,/booklist.asp,::1,,
2021/01/14 11:50:05,1009,ブッキング情報照会,10,海貨,6AMKB,/bookcheck.asp,::1,5138806030,入力内容の正誤:0(正しい)
2021/01/14 11:50:05,1010,ブッキング情報照会-ブッキング情報一覧,00,海貨,6AMKB,/booklist.asp,::1,,
2021/01/14 11:50:07,1013,ブッキング情報照会-CSVファイル出力,30,海貨,6AMKB,/bookcsvout.asp,::1,,
2021/01/14 11:50:10,1011,ブッキング情報照会-搬出済コンテナ情報,00,海貨,6AMKB,/bookpick.asp,::1,5138806030/11/17,
2021/01/14 11:50:36,1011,ブッキング情報照会-搬出済コンテナ情報,00,海貨,6AMKB,/bookpick.asp,::1,5138806030/11/17,
2021/01/14 11:50:38,1011,ブッキング情報照会-搬出済コンテナ情報,00,海貨,6AMKB,/bookpick.asp,::1,5138806030/11/17,
2021/01/14 11:50:41,1010,ブッキング情報照会-ブッキング情報一覧,00,海貨,6AMKB,/booklist.asp,::1,,
2021/01/14 11:50:43,1011,ブッキング情報照会-搬出済コンテナ情報,00,海貨,6AMKB,/bookpick.asp,::1,5138806030/11/17,
2021/01/14 11:51:45,1009,ブッキング情報照会,10,海貨,6AMKB,/bookcheck.asp,::1,5138806030,入力内容の正誤:0(正しい)
2021/01/14 11:51:45,1010,ブッキング情報照会-ブッキング情報一覧,00,海貨,6AMKB,/booklist.asp,::1,,
2021/01/14 11:53:36,b402,実搬入事前情報入力,01,海貨,6AMKB,/predef/dmi312.asp,::1,5138806030,入力内容の正誤:0(正しい)
2021/01/14 11:53:37,b302,空搬出事前情報入力,02,海貨,6AMKB,/predef/dmi215.asp,::1,5138806030,入力内容の正誤:1(誤り)
2021/01/14 11:53:45,b302,空搬出事前情報入力,01,海貨,6AMKB,/predef/dmi210.asp,::1
2021/01/14 11:53:49,1009,ブッキング情報照会,10,海貨,6AMKB,/bookcheck.asp,::1,5138806030,入力内容の正誤:0(正しい)
2021/01/14 11:53:49,1010,ブッキング情報照会-ブッキング情報一覧,00,海貨,6AMKB,/booklist.asp,::1,,
2021/01/14 11:58:05,1009,ブッキング情報照会,10,海貨,6AMKB,/bookcheck.asp,::1,5138806030,入力内容の正誤:0(正しい)
2021/01/14 11:58:05,1010,ブッキング情報照会-ブッキング情報一覧,00,海貨,6AMKB,/booklist.asp,::1,,
2021/01/14 11:58:30,b302,空搬出事前情報入力,01,海貨,6AMKB,/predef/dmi210.asp,::1
2021/01/14 11:58:34,1009,ブッキング情報照会,10,海貨,6AMKB,/bookcheck.asp,::1,5138806030,入力内容の正誤:0(正しい)
2021/01/14 11:58:34,1010,ブッキング情報照会-ブッキング情報一覧,00,海貨,6AMKB,/booklist.asp,::1,,
2021/01/14 11:58:43,b302,空搬出事前情報入力,01,海貨,6AMKB,/predef/dmi210.asp,::1
2021/01/14 11:58:45,1009,ブッキング情報照会,10,海貨,6AMKB,/bookcheck.asp,::1,5138806030,入力内容の正誤:0(正しい)
2021/01/14 11:58:45,1010,ブッキング情報照会-ブッキング情報一覧,00,海貨,6AMKB,/booklist.asp,::1,,
2021/01/14 12:00:35,1009,ブッキング情報照会,10,海貨,6AMKB,/bookcheck.asp,::1,5138806030,入力内容の正誤:0(正しい)
2021/01/14 12:00:35,1010,ブッキング情報照会-ブッキング情報一覧,00,海貨,6AMKB,/booklist.asp,::1,,
2021/01/14 12:00:40,b302,空搬出事前情報入力,01,海貨,6AMKB,/predef/dmi210.asp,::1
2021/01/14 12:00:43,1009,ブッキング情報照会,10,海貨,6AMKB,/bookcheck.asp,::1,5138806030,入力内容の正誤:0(正しい)
2021/01/14 12:00:43,1010,ブッキング情報照会-ブッキング情報一覧,00,海貨,6AMKB,/booklist.asp,::1,,
2021/01/14 12:01:51,b302,空搬出事前情報入力,01,海貨,6AMKB,/predef/dmi210.asp,::1
2021/01/14 12:01:55,1009,ブッキング情報照会,10,海貨,6AMKB,/bookcheck.asp,::1,5138806030,入力内容の正誤:0(正しい)
2021/01/14 12:01:55,1010,ブッキング情報照会-ブッキング情報一覧,00,海貨,6AMKB,/booklist.asp,::1,,
2021/01/14 12:01:58,b302,空搬出事前情報入力,01,海貨,6AMKB,/predef/dmi210.asp,::1
2021/01/14 12:01:59,b302,空搬出事前情報入力,01,海貨,6AMKB,/predef/dmi210.asp,::1
2021/01/14 12:01:59,b302,空搬出事前情報入力,01,海貨,6AMKB,/predef/dmi210.asp,::1
2021/01/14 12:01:59,b302,空搬出事前情報入力,01,海貨,6AMKB,/predef/dmi210.asp,::1
2021/01/14 12:01:59,b302,空搬出事前情報入力,01,海貨,6AMKB,/predef/dmi210.asp,::1
2021/01/14 12:02:41,1009,ブッキング情報照会,10,海貨,6AMKB,/bookcheck.asp,::1,5138806030,入力内容の正誤:0(正しい)
2021/01/14 12:02:42,1010,ブッキング情報照会-ブッキング情報一覧,00,海貨,6AMKB,/booklist.asp,::1,,
2021/01/14 12:02:58,b301,空搬出事前情報一覧,01,海貨,6AMKB,/predef/dmo210L.asp,::1
2021/01/14 12:03:00,b302,空搬出事前情報入力,01,海貨,6AMKB,/predef/dmi210.asp,::1
2021/01/14 12:03:03,1009,ブッキング情報照会,10,海貨,6AMKB,/bookcheck.asp,::1,5138806030,入力内容の正誤:0(正しい)
2021/01/14 12:03:03,1010,ブッキング情報照会-ブッキング情報一覧,00,海貨,6AMKB,/booklist.asp,::1,,
2021/01/14 12:03:51,b302,空搬出事前情報入力,01,海貨,6AMKB,/predef/dmi210.asp,::1
2021/01/14 12:03:54,1009,ブッキング情報照会,10,海貨,6AMKB,/bookcheck.asp,::1,5138806030,入力内容の正誤:0(正しい)
2021/01/14 12:03:54,1010,ブッキング情報照会-ブッキング情報一覧,00,海貨,6AMKB,/booklist.asp,::1,,
2021/01/14 12:03:57,1009,ブッキング情報照会,10,海貨,6AMKB,/bookcheck.asp,::1,5138806030,入力内容の正誤:0(正しい)
2021/01/14 12:03:57,1010,ブッキング情報照会-ブッキング情報一覧,00,海貨,6AMKB,/booklist.asp,::1,,
2021/01/14 12:04:03,1009,ブッキング情報照会,00,海貨,6AMKB,/bookentry.asp,::1,,
2021/01/14 12:04:17,b402,実搬入事前情報入力,01,海貨,6AMKB,/predef/dmi312.asp,::1,5138806030,入力内容の正誤:0(正しい)
2021/01/14 12:04:17,b302,空搬出事前情報入力,02,海貨,6AMKB,/predef/dmi215.asp,::1,5138806030,入力内容の正誤:1(誤り)
2021/01/14 12:04:27,b302,空搬出事前情報入力,01,海貨,6AMKB,/predef/dmi210.asp,::1
2021/01/14 12:04:33,b402,実搬入事前情報入力,01,海貨,6AMKB,/predef/dmi312.asp,::1,5138806031,入力内容の正誤:1(誤り)
2021/01/14 12:05:21,b302,空搬出事前情報入力,01,海貨,6AMKB,/predef/dmi210.asp,::1
2021/01/14 12:05:26,1009,ブッキング情報照会,10,海貨,6AMKB,/bookcheck.asp,::1,5138806030,入力内容の正誤:0(正しい)
2021/01/14 12:05:26,1010,ブッキング情報照会-ブッキング情報一覧,00,海貨,6AMKB,/booklist.asp,::1,,
2021/01/14 12:05:44,b401,実搬入事前情報一覧,01,海貨,6AMKB,/predef/dmo310L.asp,::1
2021/01/14 12:05:53,b000,ログイン,00,海貨,,/userchk.asp,::1,,
2021/01/14 12:05:58,b101,空搬出事前情報一覧,04,海貨,6FKAM,/predef/top.asp,::1
2021/01/14 12:05:58,b401,実搬入事前情報一覧,01,海貨,6FKAM,/predef/top.asp,::1
2021/01/14 12:06:21,b401,実搬入事前情報一覧,01,海貨,6FKAM,/predef/dmo310L.asp,::1
2021/01/14 12:06:35,b302,空搬出事前情報入力,01,海貨,6FKAM,/predef/dmi210.asp,::1
2021/01/14 12:06:38,b402,実搬入事前情報入力,01,海貨,6FKAM,/predef/dmi312.asp,::1,605729032,入力内容の正誤:0(正しい)
2021/01/14 12:06:38,b302,空搬出事前情報入力,02,海貨,6FKAM,/predef/dmi215.asp,::1,605729032,入力内容の正誤:1(誤り)
2021/01/14 12:07:20,b401,実搬入事前情報一覧,01,海貨,6FKAM,/predef/dmo310L.asp,::1
2021/01/14 12:09:38,b101,実搬出事前情報一覧,01,海貨,6FKAM,/predef/dmo010L.asp,::1
2021/01/14 12:10:04,b101,実搬出事前情報一覧,01,海貨,6FKAM,/predef/dmo010L.asp,::1
2021/01/14 12:13:15,b401,実搬入事前情報一覧,01,海貨,6FKAM,/predef/dmo310L.asp,::1
2021/01/14 12:13:18,b101,空搬出事前情報一覧,04,海貨,6FKAM,/predef/top.asp,::1
2021/01/14 12:13:18,b401,実搬入事前情報一覧,01,海貨,6FKAM,/predef/top.asp,::1
2021/01/14 12:13:23,b401,実搬入事前情報一覧,01,海貨,6FKAM,/predef/dmo310L.asp,::1
2021/01/14 12:13:49,b101,空搬出事前情報一覧,04,海貨,6FKAM,/predef/top.asp,::1
2021/01/14 12:13:49,b401,実搬入事前情報一覧,01,海貨,6FKAM,/predef/top.asp,::1
2021/01/14 12:13:51,b302,空搬出事前情報入力,01,海貨,6FKAM,/predef/dmi210.asp,::1
2021/01/14 12:13:54,b401,実搬入事前情報一覧,01,海貨,6FKAM,/predef/dmo310L.asp,::1
2021/01/14 12:15:41,b101,空搬出事前情報一覧,04,海貨,6FKAM,/predef/top.asp,::1
2021/01/14 12:15:41,b401,実搬入事前情報一覧,01,海貨,6FKAM,/predef/top.asp,::1
2021/01/14 12:15:43,b401,実搬入事前情報一覧,01,海貨,6FKAM,/predef/dmo310L.asp,::1
2021/01/14 12:16:10,b101,空搬出事前情報一覧,04,海貨,6FKAM,/predef/top.asp,::1
2021/01/14 12:16:10,b401,実搬入事前情報一覧,01,海貨,6FKAM,/predef/top.asp,::1
2021/01/14 12:16:15,b401,実搬入事前情報一覧,01,海貨,6FKAM,/predef/dmo310L.asp,::1
2021/01/14 12:18:30,b101,空搬出事前情報一覧,04,海貨,6FKAM,/predef/top.asp,::1
2021/01/14 12:18:30,b401,実搬入事前情報一覧,01,海貨,6FKAM,/predef/top.asp,::1
2021/01/14 12:18:32,b401,実搬入事前情報一覧,01,海貨,6FKAM,/predef/dmo310L.asp,::1
2021/01/14 12:19:10,1001,輸出コンテナ照会,11,海貨,6FKAM,/expcntnr.asp,::1,TCNU3070671,入力内容の正誤:0(正しい)
2021/01/14 12:19:10,1007,輸出コンテナ照会-単独コンテナ,00,海貨,6FKAM,/expdetail.asp,::1,TCNU3070671,
2021/01/14 12:19:15,1001,輸出コンテナ照会,00,海貨,6FKAM,/expentry.asp,::1,,
2021/01/14 12:19:19,1009,ブッキング情報照会,10,海貨,6FKAM,/bookcheck.asp,::1,SNKO042171200082,入力内容の正誤:0(正しい)
2021/01/14 12:19:19,1010,ブッキング情報照会-ブッキング情報一覧,00,海貨,6FKAM,/booklist.asp,::1,,
2021/01/14 12:19:22,b402,実搬入事前情報入力,11,海貨,6FKAM,/predef/dmo320.asp,::1
2021/01/14 15:22:58,b000,ログイン,00,,,/userchk.asp,::1,,
2021/01/14 15:23:05,b101,空搬出事前情報一覧,04,海貨,6FKAM,/predef/top.asp,::1
2021/01/14 15:23:11,b401,実搬入事前情報一覧,01,海貨,6FKAM,/predef/top.asp,::1
2021/01/14 15:24:07,b401,実搬入事前情報一覧,01,海貨,6FKAM,/predef/dmo310L.asp,::1
2021/01/14 15:24:42,b401,実搬入事前情報一覧,03,海貨,6FKAM,/predef/dmo310L.asp,::1
2021/01/14 15:24:46,b401,実搬入事前情報一覧,01,海貨,6FKAM,/predef/dmo310L.asp,::1
2021/01/14 15:25:43,b101,空搬出事前情報一覧,04,海貨,6FKAM,/predef/top.asp,::1
2021/01/14 15:25:43,b401,実搬入事前情報一覧,01,海貨,6FKAM,/predef/top.asp,::1
2021/01/14 15:25:47,b401,実搬入事前情報一覧,01,海貨,6FKAM,/predef/dmo310L.asp,::1
2021/01/14 15:26:11,b101,空搬出事前情報一覧,04,海貨,6FKAM,/predef/top.asp,::1
2021/01/14 15:26:11,b401,実搬入事前情報一覧,01,海貨,6FKAM,/predef/top.asp,::1
2021/01/14 15:26:15,b401,実搬入事前情報一覧,01,海貨,6FKAM,/predef/dmo310L.asp,::1
2021/01/14 15:27:20,b101,空搬出事前情報一覧,04,海貨,6FKAM,/predef/top.asp,::1
2021/01/14 15:27:20,b401,実搬入事前情報一覧,01,海貨,6FKAM,/predef/top.asp,::1
2021/01/14 15:27:23,b401,実搬入事前情報一覧,01,海貨,6FKAM,/predef/dmo310L.asp,::1
2021/01/14 15:30:20,b101,空搬出事前情報一覧,04,海貨,6FKAM,/predef/top.asp,::1
2021/01/14 15:30:20,b401,実搬入事前情報一覧,01,海貨,6FKAM,/predef/top.asp,::1
2021/01/14 15:30:23,b401,実搬入事前情報一覧,01,海貨,6FKAM,/predef/dmo310L.asp,::1
2021/01/14 15:32:01,b101,空搬出事前情報一覧,04,海貨,6FKAM,/predef/top.asp,::1
2021/01/14 15:32:01,b401,実搬入事前情報一覧,01,海貨,6FKAM,/predef/top.asp,::1
2021/01/14 15:32:05,b401,実搬入事前情報一覧,01,海貨,6FKAM,/predef/dmo310L.asp,::1
2021/01/14 15:32:17,b101,空搬出事前情報一覧,04,海貨,6FKAM,/predef/top.asp,::1
2021/01/14 15:32:17,b401,実搬入事前情報一覧,01,海貨,6FKAM,/predef/top.asp,::1
2021/01/14 15:32:21,b401,実搬入事前情報一覧,01,海貨,6FKAM,/predef/dmo310L.asp,::1
2021/01/14 15:33:52,b101,空搬出事前情報一覧,04,海貨,6FKAM,/predef/top.asp,::1
2021/01/14 15:33:52,b401,実搬入事前情報一覧,01,海貨,6FKAM,/predef/top.asp,::1
2021/01/14 15:33:53,b101,空搬出事前情報一覧,04,海貨,6FKAM,/predef/top.asp,::1
2021/01/14 15:33:53,b401,実搬入事前情報一覧,01,海貨,6FKAM,/predef/top.asp,::1
2021/01/14 15:33:57,b401,実搬入事前情報一覧,01,海貨,6FKAM,/predef/dmo310L.asp,::1
2021/01/14 15:34:05,b101,空搬出事前情報一覧,04,海貨,6FKAM,/predef/top.asp,::1
2021/01/14 15:34:05,b401,実搬入事前情報一覧,01,海貨,6FKAM,/predef/top.asp,::1
2021/01/14 15:34:07,b401,実搬入事前情報一覧,01,海貨,6FKAM,/predef/dmo310L.asp,::1
2021/01/14 15:34:27,b101,空搬出事前情報一覧,04,海貨,6FKAM,/predef/top.asp,::1
2021/01/14 15:34:27,b401,実搬入事前情報一覧,01,海貨,6FKAM,/predef/top.asp,::1
2021/01/14 15:34:30,b401,実搬入事前情報一覧,01,海貨,6FKAM,/predef/dmo310L.asp,::1
2021/01/14 15:38:00,b101,空搬出事前情報一覧,04,海貨,6FKAM,/predef/top.asp,::1
2021/01/14 15:38:00,b401,実搬入事前情報一覧,01,海貨,6FKAM,/predef/top.asp,::1
2021/01/14 15:38:06,b401,実搬入事前情報一覧,01,海貨,6FKAM,/predef/dmo310L.asp,::1
2021/01/14 15:38:12,b101,空搬出事前情報一覧,04,海貨,6FKAM,/predef/top.asp,::1
2021/01/14 15:38:12,b401,実搬入事前情報一覧,01,海貨,6FKAM,/predef/top.asp,::1
2021/01/14 15:38:16,b401,実搬入事前情報一覧,01,海貨,6FKAM,/predef/dmo310L.asp,::1
2021/01/14 15:39:31,b101,空搬出事前情報一覧,04,海貨,6FKAM,/predef/top.asp,::1
2021/01/14 15:39:31,b401,実搬入事前情報一覧,01,海貨,6FKAM,/predef/top.asp,::1
2021/01/14 15:39:33,b401,実搬入事前情報一覧,01,海貨,6FKAM,/predef/dmo310L.asp,::1
2021/01/14 15:42:30,b101,空搬出事前情報一覧,04,海貨,6FKAM,/predef/top.asp,::1
2021/01/14 15:42:30,b401,実搬入事前情報一覧,01,海貨,6FKAM,/predef/top.asp,::1
2021/01/14 15:42:36,b401,実搬入事前情報一覧,01,海貨,6FKAM,/predef/dmo310L.asp,::1
2021/01/14 15:43:10,b101,空搬出事前情報一覧,04,海貨,6FKAM,/predef/top.asp,::1
2021/01/14 15:43:10,b401,実搬入事前情報一覧,01,海貨,6FKAM,/predef/top.asp,::1
2021/01/14 15:43:14,b401,実搬入事前情報一覧,01,海貨,6FKAM,/predef/dmo310L.asp,::1
2021/01/14 15:45:02,b101,空搬出事前情報一覧,04,海貨,6FKAM,/predef/top.asp,::1
2021/01/14 15:45:02,b401,実搬入事前情報一覧,01,海貨,6FKAM,/predef/top.asp,::1
2021/01/14 15:45:06,b401,実搬入事前情報一覧,01,海貨,6FKAM,/predef/dmo310L.asp,::1
2021/01/14 15:46:59,b101,空搬出事前情報一覧,04,海貨,6FKAM,/predef/top.asp,::1
2021/01/14 15:46:59,b401,実搬入事前情報一覧,01,海貨,6FKAM,/predef/top.asp,::1
2021/01/14 15:47:02,b401,実搬入事前情報一覧,01,海貨,6FKAM,/predef/dmo310L.asp,::1
2021/01/14 15:47:36,b101,空搬出事前情報一覧,04,海貨,6FKAM,/predef/top.asp,::1
2021/01/14 15:47:36,b401,実搬入事前情報一覧,01,海貨,6FKAM,/predef/top.asp,::1
2021/01/14 15:47:39,b401,実搬入事前情報一覧,01,海貨,6FKAM,/predef/dmo310L.asp,::1
2021/01/14 15:48:55,b101,空搬出事前情報一覧,04,海貨,6FKAM,/predef/top.asp,::1
2021/01/14 15:48:56,b401,実搬入事前情報一覧,01,海貨,6FKAM,/predef/top.asp,::1
2021/01/14 15:48:59,b401,実搬入事前情報一覧,01,海貨,6FKAM,/predef/dmo310L.asp,::1
2021/01/14 15:49:25,b101,空搬出事前情報一覧,04,海貨,6FKAM,/predef/top.asp,::1
2021/01/14 15:49:25,b401,実搬入事前情報一覧,01,海貨,6FKAM,/predef/top.asp,::1
2021/01/14 15:49:29,b401,実搬入事前情報一覧,01,海貨,6FKAM,/predef/dmo310L.asp,::1
2021/01/14 15:50:38,b101,空搬出事前情報一覧,04,海貨,6FKAM,/predef/top.asp,::1
2021/01/14 15:50:38,b401,実搬入事前情報一覧,01,海貨,6FKAM,/predef/top.asp,::1
2021/01/14 15:50:43,b401,実搬入事前情報一覧,01,海貨,6FKAM,/predef/dmo310L.asp,::1
2021/01/14 15:52:42,b101,空搬出事前情報一覧,04,海貨,6FKAM,/predef/top.asp,::1
2021/01/14 15:52:42,b401,実搬入事前情報一覧,01,海貨,6FKAM,/predef/top.asp,::1
2021/01/14 15:52:47,b401,実搬入事前情報一覧,01,海貨,6FKAM,/predef/dmo310L.asp,::1
2021/01/14 15:56:09,b101,空搬出事前情報一覧,04,海貨,6FKAM,/predef/top.asp,::1
2021/01/14 15:56:09,b401,実搬入事前情報一覧,01,海貨,6FKAM,/predef/top.asp,::1
2021/01/14 15:56:12,b401,実搬入事前情報一覧,01,海貨,6FKAM,/predef/dmo310L.asp,::1
2021/01/14 16:00:09,b101,空搬出事前情報一覧,04,海貨,6FKAM,/predef/top.asp,::1
2021/01/14 16:00:09,b401,実搬入事前情報一覧,01,海貨,6FKAM,/predef/top.asp,::1
2021/01/14 16:00:13,b401,実搬入事前情報一覧,01,海貨,6FKAM,/predef/dmo310L.asp,::1
2021/01/14 16:01:38,b101,空搬出事前情報一覧,04,海貨,6FKAM,/predef/top.asp,::1
2021/01/14 16:01:38,b401,実搬入事前情報一覧,01,海貨,6FKAM,/predef/top.asp,::1
2021/01/14 16:01:41,b401,実搬入事前情報一覧,01,海貨,6FKAM,/predef/dmo310L.asp,::1
2021/01/14 16:03:59,b101,空搬出事前情報一覧,04,海貨,6FKAM,/predef/top.asp,::1
2021/01/14 16:03:59,b401,実搬入事前情報一覧,01,海貨,6FKAM,/predef/top.asp,::1
2021/01/14 16:04:07,b401,実搬入事前情報一覧,01,海貨,6FKAM,/predef/dmo310L.asp,::1
2021/01/14 16:05:39,b101,空搬出事前情報一覧,04,海貨,6FKAM,/predef/top.asp,::1
2021/01/14 16:05:39,b401,実搬入事前情報一覧,01,海貨,6FKAM,/predef/top.asp,::1
2021/01/14 16:05:44,b401,実搬入事前情報一覧,01,海貨,6FKAM,/predef/dmo310L.asp,::1
2021/01/14 16:06:23,b101,空搬出事前情報一覧,04,海貨,6FKAM,/predef/top.asp,::1
2021/01/14 16:06:23,b401,実搬入事前情報一覧,01,海貨,6FKAM,/predef/top.asp,::1
2021/01/14 16:06:28,b401,実搬入事前情報一覧,01,海貨,6FKAM,/predef/dmo310L.asp,::1
2021/01/14 16:07:04,b101,空搬出事前情報一覧,04,海貨,6FKAM,/predef/top.asp,::1
2021/01/14 16:07:04,b401,実搬入事前情報一覧,01,海貨,6FKAM,/predef/top.asp,::1
2021/01/14 16:07:08,b401,実搬入事前情報一覧,01,海貨,6FKAM,/predef/dmo310L.asp,::1
2021/01/14 16:11:37,b101,空搬出事前情報一覧,04,海貨,6FKAM,/predef/top.asp,::1
2021/01/14 16:11:37,b401,実搬入事前情報一覧,01,海貨,6FKAM,/predef/top.asp,::1
2021/01/14 16:11:40,b401,実搬入事前情報一覧,01,海貨,6FKAM,/predef/dmo310L.asp,::1
2021/01/14 16:13:41,b402,実搬入事前情報入力,11,海貨,6FKAM,/predef/dmo320.asp,::1
2021/01/14 16:16:06,b101,空搬出事前情報一覧,04,海貨,6FKAM,/predef/top.asp,::1
2021/01/14 16:16:06,b401,実搬入事前情報一覧,01,海貨,6FKAM,/predef/top.asp,::1
2021/01/14 16:16:15,b401,実搬入事前情報一覧,01,海貨,6FKAM,/predef/dmo310L.asp,::1
2021/01/14 16:17:24,b101,空搬出事前情報一覧,04,海貨,6FKAM,/predef/top.asp,::1
2021/01/14 16:17:24,b401,実搬入事前情報一覧,01,海貨,6FKAM,/predef/top.asp,::1
2021/01/14 16:17:28,b401,実搬入事前情報一覧,01,海貨,6FKAM,/predef/dmo310L.asp,::1
2021/01/14 16:19:42,b101,空搬出事前情報一覧,04,海貨,6FKAM,/predef/top.asp,::1
2021/01/14 16:19:42,b401,実搬入事前情報一覧,01,海貨,6FKAM,/predef/top.asp,::1
2021/01/14 16:19:47,b401,実搬入事前情報一覧,01,海貨,6FKAM,/predef/dmo310L.asp,::1
2021/01/14 16:21:20,b101,空搬出事前情報一覧,04,海貨,6FKAM,/predef/top.asp,::1
2021/01/14 16:21:20,b401,実搬入事前情報一覧,01,海貨,6FKAM,/predef/top.asp,::1
2021/01/14 16:21:27,b401,実搬入事前情報一覧,01,海貨,6FKAM,/predef/dmo310L.asp,::1
2021/01/14 16:22:04,b101,空搬出事前情報一覧,04,海貨,6FKAM,/predef/top.asp,::1
2021/01/14 16:22:04,b401,実搬入事前情報一覧,01,海貨,6FKAM,/predef/top.asp,::1
2021/01/14 16:22:08,b401,実搬入事前情報一覧,01,海貨,6FKAM,/predef/dmo310L.asp,::1
2021/01/14 16:26:03,b101,空搬出事前情報一覧,04,海貨,6FKAM,/predef/top.asp,::1
2021/01/14 16:26:04,b401,実搬入事前情報一覧,01,海貨,6FKAM,/predef/top.asp,::1
2021/01/14 16:26:11,b401,実搬入事前情報一覧,01,海貨,6FKAM,/predef/dmo310L.asp,::1
2021/01/14 16:29:41,b101,空搬出事前情報一覧,04,海貨,6FKAM,/predef/top.asp,::1
2021/01/14 16:29:42,b401,実搬入事前情報一覧,01,海貨,6FKAM,/predef/top.asp,::1
2021/01/14 16:29:45,b401,実搬入事前情報一覧,01,海貨,6FKAM,/predef/dmo310L.asp,::1
2021/01/14 16:30:27,b101,空搬出事前情報一覧,04,海貨,6FKAM,/predef/top.asp,::1
2021/01/14 16:30:27,b401,実搬入事前情報一覧,01,海貨,6FKAM,/predef/top.asp,::1
2021/01/14 16:30:32,b401,実搬入事前情報一覧,01,海貨,6FKAM,/predef/dmo310L.asp,::1
2021/01/14 16:33:13,b101,空搬出事前情報一覧,04,海貨,6FKAM,/predef/top.asp,::1
2021/01/14 16:33:13,b401,実搬入事前情報一覧,01,海貨,6FKAM,/predef/top.asp,::1
2021/01/14 16:33:18,b401,実搬入事前情報一覧,01,海貨,6FKAM,/predef/dmo310L.asp,::1
2021/01/14 16:33:27,b401,実搬入事前情報一覧,01,海貨,6FKAM,/predef/dmo310L.asp,::1
2021/01/14 16:34:02,b101,空搬出事前情報一覧,04,海貨,6FKAM,/predef/top.asp,::1
2021/01/14 16:34:02,b401,実搬入事前情報一覧,01,海貨,6FKAM,/predef/top.asp,::1
2021/01/14 16:34:08,b401,実搬入事前情報一覧,01,海貨,6FKAM,/predef/dmo310L.asp,::1
2021/01/14 16:34:20,b401,実搬入事前情報一覧,01,海貨,6FKAM,/predef/dmo310L.asp,::1
2021/01/14 16:35:11,b101,空搬出事前情報一覧,04,海貨,6FKAM,/predef/top.asp,::1
2021/01/14 16:35:11,b401,実搬入事前情報一覧,01,海貨,6FKAM,/predef/top.asp,::1
2021/01/14 16:35:15,b401,実搬入事前情報一覧,01,海貨,6FKAM,/predef/dmo310L.asp,::1
2021/01/14 16:37:21,b101,空搬出事前情報一覧,04,海貨,6FKAM,/predef/top.asp,::1
2021/01/14 16:37:21,b401,実搬入事前情報一覧,01,海貨,6FKAM,/predef/top.asp,::1
2021/01/14 16:37:26,b401,実搬入事前情報一覧,01,海貨,6FKAM,/predef/dmo310L.asp,::1
2021/01/14 16:39:50,b101,空搬出事前情報一覧,04,海貨,6FKAM,/predef/top.asp,::1
2021/01/14 16:39:50,b401,実搬入事前情報一覧,01,海貨,6FKAM,/predef/top.asp,::1
2021/01/14 16:39:53,b401,実搬入事前情報一覧,01,海貨,6FKAM,/predef/dmo310L.asp,::1
2021/01/14 16:40:33,b101,空搬出事前情報一覧,04,海貨,6FKAM,/predef/top.asp,::1
2021/01/14 16:40:33,b401,実搬入事前情報一覧,01,海貨,6FKAM,/predef/top.asp,::1
2021/01/14 16:40:36,b401,実搬入事前情報一覧,01,海貨,6FKAM,/predef/dmo310L.asp,::1
2021/01/14 16:42:44,1001,輸出コンテナ照会,11,海貨,6FKAM,/expcntnr.asp,::1,SKHU8704864,入力内容の正誤:0(正しい)
2021/01/14 16:42:44,1007,輸出コンテナ照会-単独コンテナ,00,海貨,6FKAM,/expdetail.asp,::1,SKHU8704864,
2021/01/14 16:43:48,b000,ログイン,00,海貨,,/userchk.asp,::1,,
2021/01/14 16:43:54,b101,空搬出事前情報一覧,04,海貨,6AMKB,/predef/top.asp,::1
2021/01/14 16:43:54,b401,実搬入事前情報一覧,01,海貨,6AMKB,/predef/top.asp,::1
2021/01/14 16:45:22,b101,空搬出事前情報一覧,04,海貨,6AMKB,/predef/top.asp,::1
2021/01/14 16:45:22,b401,実搬入事前情報一覧,01,海貨,6AMKB,/predef/top.asp,::1
2021/01/14 16:45:49,b101,空搬出事前情報一覧,04,海貨,6AMKB,/predef/top.asp,::1
2021/01/14 16:45:49,b401,実搬入事前情報一覧,01,海貨,6AMKB,/predef/top.asp,::1
2021/01/14 16:47:21,b101,空搬出事前情報一覧,04,海貨,6AMKB,/predef/top.asp,::1
2021/01/14 16:47:21,b401,実搬入事前情報一覧,01,海貨,6AMKB,/predef/top.asp,::1
2021/01/14 16:48:33,b101,空搬出事前情報一覧,04,海貨,6AMKB,/predef/top.asp,::1
2021/01/14 16:48:34,b401,実搬入事前情報一覧,01,海貨,6AMKB,/predef/top.asp,::1
2021/01/14 16:53:26,b101,空搬出事前情報一覧,04,海貨,6AMKB,/predef/top.asp,::1
2021/01/14 16:53:26,b401,実搬入事前情報一覧,01,海貨,6AMKB,/predef/top.asp,::1
2021/01/14 16:53:44,b101,空搬出事前情報一覧,04,海貨,6AMKB,/predef/top.asp,::1
2021/01/14 16:53:44,b401,実搬入事前情報一覧,01,海貨,6AMKB,/predef/top.asp,::1
2021/01/14 16:54:03,b101,空搬出事前情報一覧,04,海貨,6AMKB,/predef/top.asp,::1
2021/01/14 16:54:03,b401,実搬入事前情報一覧,01,海貨,6AMKB,/predef/top.asp,::1
2021/01/14 16:55:15,b401,実搬入事前情報一覧,01,海貨,6AMKB,/predef/dmo310L.asp,::1
2021/01/14 16:55:48,b101,空搬出事前情報一覧,04,海貨,6AMKB,/predef/top.asp,::1
2021/01/14 16:55:48,b401,実搬入事前情報一覧,01,海貨,6AMKB,/predef/top.asp,::1
2021/01/14 16:55:51,b000,ログイン,00,海貨,,/userchk.asp,::1,,
2021/01/14 16:55:58,b101,空搬出事前情報一覧,04,海貨,6FKAM,/predef/top.asp,::1
2021/01/14 16:55:58,b401,実搬入事前情報一覧,01,海貨,6FKAM,/predef/top.asp,::1
2021/01/14 16:56:02,b401,実搬入事前情報一覧,01,海貨,6FKAM,/predef/dmo310L.asp,::1
2021/01/14 16:56:08,b402,実搬入事前情報入力,11,海貨,6FKAM,/predef/dmo320.asp,::1
2021/01/14 16:59:58,b402,実搬入事前情報入力,11,海貨,6FKAM,/predef/dmo320.asp,::1
2021/01/14 17:06:38,b000,ログイン,00,,,/userchk.asp,::1,,
2021/01/14 17:07:23,b401,実搬入事前情報一覧,01,海貨,6FKAM,/predef/dmo310L.asp,::1
2021/01/14 17:11:30,b101,空搬出事前情報一覧,04,海貨,6FKAM,/predef/top.asp,::1
2021/01/14 17:11:32,b401,実搬入事前情報一覧,01,海貨,6FKAM,/predef/top.asp,::1
2021/01/14 17:11:44,b401,実搬入事前情報一覧,01,海貨,6FKAM,/predef/dmo310L.asp,::1
2021/01/14 17:11:55,b401,実搬入事前情報一覧,01,海貨,6FKAM,/predef/dmo310L.asp,::1
2021/01/14 17:12:06,b402,実搬入事前情報入力,11,海貨,6FKAM,/predef/dmo320.asp,::1
2021/01/14 17:14:00,b000,ログイン,00,,,/userchk.asp,::1,,
2021/01/14 17:14:09,b101,空搬出事前情報一覧,04,海貨,6FKAM,/predef/top.asp,::1
2021/01/14 17:14:09,b401,実搬入事前情報一覧,01,海貨,6FKAM,/predef/top.asp,::1
2021/01/14 17:14:12,b401,実搬入事前情報一覧,01,海貨,6FKAM,/predef/dmo310L.asp,::1
2021/01/14 17:14:16,1009,ブッキング情報照会,10,海貨,6FKAM,/bookcheck.asp,::1,SNKO042171200082,入力内容の正誤:0(正しい)
2021/01/14 17:14:16,1010,ブッキング情報照会-ブッキング情報一覧,00,海貨,6FKAM,/booklist.asp,::1,,
2021/01/14 17:14:19,1001,輸出コンテナ照会,11,海貨,6FKAM,/expcntnr.asp,::1,SKHU8704864,入力内容の正誤:0(正しい)
2021/01/14 17:14:19,1007,輸出コンテナ照会-単独コンテナ,00,海貨,6FKAM,/expdetail.asp,::1,SKHU8704864,
2021/01/14 17:14:40,b402,実搬入事前情報入力,11,海貨,6FKAM,/predef/dmo320.asp,::1
2021/01/14 17:18:42,b402,実搬入事前情報入力,11,海貨,6FKAM,/predef/dmo320.asp,::1
2021/01/14 17:19:28,b402,実搬入事前情報入力,11,海貨,6FKAM,/predef/dmo320.asp,::1
2021/01/14 17:20:27,b402,実搬入事前情報入力,11,海貨,6FKAM,/predef/dmo320.asp,::1
2021/01/14 17:21:09,b402,実搬入事前情報入力,11,海貨,6FKAM,/predef/dmo320.asp,::1
2021/01/14 17:21:42,b402,実搬入事前情報入力,11,海貨,6FKAM,/predef/dmo320.asp,::1
2021/01/14 17:23:06,b402,実搬入事前情報入力,11,海貨,6FKAM,/predef/dmo320.asp,::1
2021/01/14 17:23:37,b402,実搬入事前情報入力,11,海貨,6FKAM,/predef/dmo320.asp,::1
2021/01/14 17:24:37,b402,実搬入事前情報入力,11,海貨,6FKAM,/predef/dmo320.asp,::1
2021/01/14 17:25:11,b101,空搬出事前情報一覧,04,海貨,6FKAM,/predef/top.asp,::1
2021/01/14 17:25:11,b401,実搬入事前情報一覧,01,海貨,6FKAM,/predef/top.asp,::1
2021/01/14 17:25:14,b401,実搬入事前情報一覧,01,海貨,6FKAM,/predef/dmo310L.asp,::1
2021/01/14 17:25:17,b402,実搬入事前情報入力,11,海貨,6FKAM,/predef/dmo320.asp,::1
2021/01/14 17:26:22,b402,実搬入事前情報入力,11,海貨,6FKAM,/predef/dmo320.asp,::1
2021/01/14 17:28:16,b101,空搬出事前情報一覧,04,海貨,6FKAM,/predef/top.asp,::1
2021/01/14 17:28:16,b401,実搬入事前情報一覧,01,海貨,6FKAM,/predef/top.asp,::1
2021/01/14 17:28:19,b401,実搬入事前情報一覧,01,海貨,6FKAM,/predef/dmo310L.asp,::1
2021/01/14 17:28:22,b402,実搬入事前情報入力,11,海貨,6FKAM,/predef/dmo320.asp,::1
2021/01/14 17:28:45,b402,実搬入事前情報入力,11,海貨,6FKAM,/predef/dmo320.asp,::1
2021/01/14 17:30:20,b101,空搬出事前情報一覧,04,海貨,6FKAM,/predef/top.asp,::1
2021/01/14 17:30:21,b401,実搬入事前情報一覧,01,海貨,6FKAM,/predef/top.asp,::1
2021/01/14 17:30:25,b401,実搬入事前情報一覧,01,海貨,6FKAM,/predef/dmo310L.asp,::1
2021/01/14 17:30:29,b402,実搬入事前情報入力,11,海貨,6FKAM,/predef/dmo320.asp,::1
2021/01/14 17:31:24,b101,空搬出事前情報一覧,04,海貨,6FKAM,/predef/top.asp,::1
2021/01/14 17:31:24,b401,実搬入事前情報一覧,01,海貨,6FKAM,/predef/top.asp,::1
2021/01/14 17:31:26,b101,空搬出事前情報一覧,04,海貨,6FKAM,/predef/top.asp,::1
2021/01/14 17:31:27,b401,実搬入事前情報一覧,01,海貨,6FKAM,/predef/top.asp,::1
2021/01/14 17:31:32,b401,実搬入事前情報一覧,01,海貨,6FKAM,/predef/dmo310L.asp,::1
2021/01/14 17:31:36,b402,実搬入事前情報入力,11,海貨,6FKAM,/predef/dmo320.asp,::1
2021/01/14 17:32:00,b101,空搬出事前情報一覧,04,海貨,6FKAM,/predef/top.asp,::1
2021/01/14 17:32:00,b401,実搬入事前情報一覧,01,海貨,6FKAM,/predef/top.asp,::1
2021/01/14 17:32:03,b401,実搬入事前情報一覧,01,海貨,6FKAM,/predef/dmo310L.asp,::1
2021/01/14 17:32:15,b402,実搬入事前情報入力,11,海貨,6FKAM,/predef/dmo320.asp,::1
2021/01/14 17:33:59,b402,実搬入事前情報入力,11,海貨,6FKAM,/predef/dmo320.asp,::1
2021/01/14 17:34:11,b402,実搬入事前情報入力,11,海貨,6FKAM,/predef/dmo320.asp,::1
2021/01/14 17:34:33,b402,実搬入事前情報入力,11,海貨,6FKAM,/predef/dmo320.asp,::1
2021/01/14 17:37:39,b101,空搬出事前情報一覧,04,海貨,6FKAM,/predef/top.asp,::1
2021/01/14 17:37:39,b401,実搬入事前情報一覧,01,海貨,6FKAM,/predef/top.asp,::1
2021/01/14 17:37:44,b401,実搬入事前情報一覧,01,海貨,6FKAM,/predef/dmo310L.asp,::1
2021/01/14 17:37:48,b402,実搬入事前情報入力,11,海貨,6FKAM,/predef/dmo320.asp,::1
2021/01/14 17:38:10,b402,実搬入事前情報入力,11,海貨,6FKAM,/predef/dmo320.asp,::1
2021/01/14 17:38:28,b402,実搬入事前情報入力,11,海貨,6FKAM,/predef/dmo320.asp,::1
2021/01/14 17:38:44,b402,実搬入事前情報入力,11,海貨,6FKAM,/predef/dmo320.asp,::1
2021/01/14 17:39:08,b402,実搬入事前情報入力,11,海貨,6FKAM,/predef/dmo320.asp,::1
2021/01/14 17:39:28,b402,実搬入事前情報入力,11,海貨,6FKAM,/predef/dmo320.asp,::1
2021/01/14 17:39:47,b402,実搬入事前情報入力,11,海貨,6FKAM,/predef/dmo320.asp,::1
2021/01/14 17:40:36,b402,実搬入事前情報入力,12,海貨,6FKAM,/predef/dmi320.asp,::1
2021/01/14 17:43:44,b101,空搬出事前情報一覧,04,海貨,6FKAM,/predef/top.asp,::1
2021/01/14 17:43:44,b401,実搬入事前情報一覧,01,海貨,6FKAM,/predef/top.asp,::1
2021/01/14 17:43:59,b401,実搬入事前情報一覧,01,海貨,6FKAM,/predef/dmo310L.asp,::1
2021/01/14 17:44:03,b402,実搬入事前情報入力,11,海貨,6FKAM,/predef/dmo320.asp,::1
2021/01/14 17:44:08,b402,実搬入事前情報入力,12,海貨,6FKAM,/predef/dmi320.asp,::1
2021/01/14 17:44:39,b402,実搬入事前情報入力,12,海貨,6FKAM,/predef/dmi320.asp,::1
2021/01/14 17:46:51,b101,空搬出事前情報一覧,04,海貨,6FKAM,/predef/top.asp,::1
2021/01/14 17:46:51,b401,実搬入事前情報一覧,01,海貨,6FKAM,/predef/top.asp,::1
2021/01/14 17:46:55,b401,実搬入事前情報一覧,01,海貨,6FKAM,/predef/dmo310L.asp,::1
2021/01/14 17:46:59,b402,実搬入事前情報入力,11,海貨,6FKAM,/predef/dmo320.asp,::1
2021/01/14 17:47:02,b402,実搬入事前情報入力,11,海貨,6FKAM,/predef/dmo320.asp,::1
2021/01/14 17:49:14,b402,実搬入事前情報入力,11,海貨,6FKAM,/predef/dmo320.asp,::1
2021/01/14 17:49:28,b402,実搬入事前情報入力,11,海貨,6FKAM,/predef/dmo320.asp,::1
2021/01/14 17:50:35,b402,実搬入事前情報入力,11,海貨,6FKAM,/predef/dmo320.asp,::1
2021/01/14 17:52:15,b101,空搬出事前情報一覧,04,海貨,6FKAM,/predef/top.asp,::1
2021/01/14 17:52:15,b401,実搬入事前情報一覧,01,海貨,6FKAM,/predef/top.asp,::1
2021/01/14 17:52:20,b401,実搬入事前情報一覧,01,海貨,6FKAM,/predef/dmo310L.asp,::1
2021/01/14 17:52:23,b402,実搬入事前情報入力,11,海貨,6FKAM,/predef/dmo320.asp,::1
2021/01/14 17:56:00,b402,実搬入事前情報入力,11,海貨,6FKAM,/predef/dmo320.asp,::1
2021/01/14 17:56:32,b402,実搬入事前情報入力,11,海貨,6FKAM,/predef/dmo320.asp,::1
2021/01/14 18:07:52,b401,実搬入事前情報一覧,11,海貨,6FKAM,/predef/dmo310L.asp,::1,I270908885          
2021/01/14 18:07:58,b401,実搬入事前情報一覧,11,海貨,6FKAM,/predef/dmo310L.asp,::1,I270908885          
2021/01/14 18:08:13,b401,実搬入事前情報一覧,11,海貨,6FKAM,/predef/dmo310L.asp,::1,BEAU2292188
2021/01/14 18:08:18,b401,実搬入事前情報一覧,11,海貨,6FKAM,/predef/dmo310L.asp,::1,BEAU2292188
2021/01/14 18:08:18,b401,実搬入事前情報一覧,11,海貨,6FKAM,/predef/dmo310L.asp,::1,BEAU2292188
2021/01/14 18:08:19,b401,実搬入事前情報一覧,11,海貨,6FKAM,/predef/dmo310L.asp,::1,BEAU2292188
2021/01/14 18:08:19,b401,実搬入事前情報一覧,11,海貨,6FKAM,/predef/dmo310L.asp,::1,BEAU2292188
2021/01/14 18:08:39,b401,実搬入事前情報一覧,11,海貨,6FKAM,/predef/dmo310L.asp,::1,I270908885
2021/01/14 18:09:04,b401,実搬入事前情報一覧,11,海貨,6FKAM,/predef/dmo310L.asp,::1,I270908885
2021/01/14 18:09:15,b401,実搬入事前情報一覧,01,海貨,6FKAM,/predef/dmo310L.asp,::1
2021/01/14 18:09:24,b402,実搬入事前情報入力,11,海貨,6FKAM,/predef/dmo320.asp,::1
2021/01/14 18:11:07,1001,輸出コンテナ照会,11,海貨,6FKAM,/expcntnr.asp,::1,MSKU9292167,入力内容の正誤:0(正しい)
2021/01/14 18:11:07,1007,輸出コンテナ照会-単独コンテナ,00,海貨,6FKAM,/expdetail.asp,::1,MSKU9292167,
2021/01/14 18:11:12,b402,実搬入事前情報入力,11,海貨,6FKAM,/predef/dmo320.asp,::1
2021/01/14 18:11:22,b402,実搬入事前情報入力,11,海貨,6FKAM,/predef/dmo320.asp,::1
2021/01/14 18:15:19,b101,空搬出事前情報一覧,04,海貨,6FKAM,/predef/top.asp,::1
2021/01/14 18:15:19,b401,実搬入事前情報一覧,01,海貨,6FKAM,/predef/top.asp,::1
2021/01/14 18:15:23,b401,実搬入事前情報一覧,01,海貨,6FKAM,/predef/dmo310L.asp,::1
2021/01/14 18:15:27,b402,実搬入事前情報入力,11,海貨,6FKAM,/predef/dmo320.asp,::1
2021/01/14 18:15:32,b402,実搬入事前情報入力,11,海貨,6FKAM,/predef/dmo320.asp,::1
2021/01/14 18:16:20,b401,実搬入事前情報一覧,01,海貨,6FKAM,/predef/dmo310L.asp,::1
2021/01/14 18:16:23,b402,実搬入事前情報入力,11,海貨,6FKAM,/predef/dmo320.asp,::1
2021/01/14 18:19:00,b402,実搬入事前情報入力,11,海貨,6FKAM,/predef/dmo320.asp,::1
2021/01/14 18:19:09,b402,実搬入事前情報入力,12,海貨,6FKAM,/predef/dmi320.asp,::1
2021/01/14 18:19:25,b402,実搬入事前情報入力,11,海貨,6FKAM,/predef/dmo320.asp,::1
2021/01/14 18:19:38,1009,ブッキング情報照会,10,海貨,6FKAM,/bookcheck.asp,::1,605729032,入力内容の正誤:0(正しい)
2021/01/14 18:19:38,1010,ブッキング情報照会-ブッキング情報一覧,00,海貨,6FKAM,/booklist.asp,::1,,
2021/01/14 18:20:05,b302,空搬出事前情報入力,01,海貨,6FKAM,/predef/dmi210.asp,::1
2021/01/14 18:20:14,b302,空搬出事前情報入力,01,海貨,6FKAM,/predef/dmi210.asp,::1
2021/01/14 18:20:19,1009,ブッキング情報照会,10,海貨,6FKAM,/bookcheck.asp,::1,SNKO042171200082,入力内容の正誤:0(正しい)
2021/01/14 18:20:19,1010,ブッキング情報照会-ブッキング情報一覧,00,海貨,6FKAM,/booklist.asp,::1,,
2021/01/14 18:20:45,b402,実搬入事前情報入力,01,海貨,6FKAM,/predef/dmi312.asp,::1,SNKO042171200082,入力内容の正誤:0(正しい)
2021/01/14 18:20:46,b302,空搬出事前情報入力,02,海貨,6FKAM,/predef/dmi215.asp,::1,SNKO042171200082,入力内容の正誤:1(誤り)
2021/01/14 18:22:42,b202,空搬入事前情報入力,00,海貨,6FKAM,/predef/dmi110.asp,::1
2021/01/14 18:22:56,b202,空搬入事前情報入力,01,海貨,6FKAM,/predef/dmi115.asp,::1,'SKHU8704864',入力内容の正誤:1(誤り)
2021/01/14 18:23:00,b402,実搬入事前情報入力,00,海貨,6FKAM,/predef/dmi310.asp,::1
2021/01/14 18:28:58,b202,空搬入事前情報入力,00,海貨,6FKAM,/predef/dmi110.asp,::1
2021/01/14 18:29:00,b202,空搬入事前情報入力,01,海貨,6FKAM,/predef/dmi115.asp,::1,'TEMU6739971',入力内容の正誤:1(誤り)
2021/01/14 18:29:05,b102,実搬出事前情報入力(共通),00,海貨,6FKAM,/predef/dmi010.asp,::1
2021/01/14 18:29:09,b103,実搬出事前情報入力(指定あり),00,海貨,6FKAM,/predef/dmi015.asp,::1,'TEMU6739971',入力内容の正誤:0(正しい)
2021/01/14 18:29:18,b103,実搬出事前情報一覧(指定あり),02,海貨,6FKAM,/predef/dmi030.asp,::1,////未入力,入力内容の正誤:0(正しい)
2021/01/14 18:29:22,b103,実搬出事前情報一覧(指定あり),03,海貨,6FKAM,/predef/dmi040.asp,::1
2021/01/14 18:29:26,b109,実搬出指示書印刷,01,海貨,6FKAM,/predef/dmo091.asp,::1
2021/01/14 18:29:59,b109,実搬出指示書印刷,02,海貨,6FKAM,/predef/dmo092.asp,::1
2021/01/14 18:30:25,b109,実搬出指示書印刷,02,海貨,6FKAM,/predef/dmo092.asp,::1
2021/01/14 18:30:43,b109,実搬出指示書印刷,02,海貨,6FKAM,/predef/dmo092.asp,::1
2021/01/14 18:30:47,b109,実搬出指示書印刷,01,海貨,6FKAM,/predef/dmo091.asp,::1
2021/01/14 18:30:49,b109,実搬出指示書印刷,02,海貨,6FKAM,/predef/dmo092.asp,::1
2021/01/14 18:31:05,b109,実搬出指示書印刷,01,海貨,6FKAM,/predef/dmo091.asp,::1
2021/01/14 18:31:06,b109,実搬出指示書印刷,02,海貨,6FKAM,/predef/dmo092.asp,::1
2021/01/14 18:33:06,b000,ログイン,00,,,/userchk.asp,::1,,
2021/01/14 18:33:18,b101,空搬出事前情報一覧,04,海貨,6FKAM,/predef/top.asp,::1
2021/01/14 18:33:18,b401,実搬入事前情報一覧,01,海貨,6FKAM,/predef/top.asp,::1
2021/01/14 18:33:24,b102,実搬出事前情報入力(共通),00,海貨,6FKAM,/predef/dmi010.asp,::1
2021/01/14 18:33:59,b103,実搬出事前情報入力(指定あり),00,海貨,6FKAM,/predef/dmi015.asp,::1,'TEMU6739971',入力内容の正誤:1(誤り)
2021/01/14 18:34:02,b102,実搬出事前情報入力(),00,海貨,6FKAM,/predef/dmi015.asp,::1,'',入力内容の正誤:1(誤り)
2021/01/14 18:34:04,b202,空搬入事前情報入力,00,海貨,6FKAM,/predef/dmi110.asp,::1
2021/01/14 18:34:07,b202,空搬入事前情報入力,01,海貨,6FKAM,/predef/dmi115.asp,::1,'TEMU6739971',入力内容の正誤:1(誤り)
2021/01/14 18:34:08,b202,空搬入事前情報入力,01,海貨,6FKAM,/predef/dmi115.asp,::1,'',入力内容の正誤:1(誤り)
2021/01/14 18:34:11,b102,実搬出事前情報入力(共通),00,海貨,6FKAM,/predef/dmi010.asp,::1
2021/01/14 18:34:14,b104,実搬出事前情報入力(指定なし),00,海貨,6FKAM,/predef/dmi015.asp,::1,'TEMU6739971',入力内容の正誤:1(誤り)
2021/01/14 18:34:17,b102,実搬出事前情報入力(),00,海貨,6FKAM,/predef/dmi015.asp,::1,'',入力内容の正誤:1(誤り)
2021/01/14 18:34:20,b102,実搬出事前情報入力(共通),00,海貨,6FKAM,/predef/dmi010.asp,::1
2021/01/14 18:34:23,b105,実搬出事前情報入力(一覧から選択),00,海貨,6FKAM,/predef/dmi015.asp,::1,'TEMU6739971',入力内容の正誤:1(誤り)
2021/01/14 18:34:24,b102,実搬出事前情報入力(),00,海貨,6FKAM,/predef/dmi015.asp,::1,'',入力内容の正誤:1(誤り)
2021/01/14 18:34:30,b102,実搬出事前情報入力(共通),00,海貨,6FKAM,/predef/dmi010.asp,::1
2021/01/14 18:34:32,b103,実搬出事前情報入力(指定あり),00,海貨,6FKAM,/predef/dmi015.asp,::1,'TEMU6739971',入力内容の正誤:1(誤り)
2021/01/14 18:34:36,b102,実搬出事前情報入力(共通),00,海貨,6FKAM,/predef/dmi010.asp,::1
2021/01/14 18:34:41,b104,実搬出事前情報入力(指定なし),00,海貨,6FKAM,/predef/dmi015.asp,::1,'TEMU6739971',入力内容の正誤:1(誤り)
2021/01/14 18:34:44,b102,実搬出事前情報入力(共通),00,海貨,6FKAM,/predef/dmi010.asp,::1
2021/01/14 18:34:49,b103,実搬出事前情報入力(指定あり),00,海貨,6FKAM,/predef/dmi015.asp,::1,'TEMU6739972',入力内容の正誤:1(誤り)
2021/01/14 18:35:16,b201,空搬入事前情報一覧,01,海貨,6FKAM,/predef/dmo110L.asp,::1
2021/01/14 18:35:18,b101,実搬出事前情報一覧,01,海貨,6FKAM,/predef/dmo010L.asp,::1
2021/01/14 18:35:21,b101,実搬出事前情報一覧,01,海貨,6FKAM,/predef/dmo010L.asp,::1
2021/01/14 18:35:23,b102,実搬出事前情報入力(共通),00,海貨,6FKAM,/predef/dmi010.asp,::1
2021/01/14 18:35:26,b103,実搬出事前情報入力(指定あり),00,海貨,6FKAM,/predef/dmi015.asp,::1,'MRKU4792419',入力内容の正誤:0(正しい)
2021/01/14 18:35:32,b102,実搬出事前情報入力(共通),00,海貨,6FKAM,/predef/dmi010.asp,::1
2021/01/14 18:35:36,b104,実搬出事前情報入力(指定なし),00,海貨,6FKAM,/predef/dmi015.asp,::1,'MRKU4792419',入力内容の正誤:0(正しい)
2021/01/14 18:35:48,b102,実搬出事前情報入力(共通),00,海貨,6FKAM,/predef/dmi010.asp,::1
2021/01/14 18:35:51,b106,実搬出事前情報入力(ＢＬ番号),00,海貨,6FKAM,/predef/dmi015.asp,::1,'MRKU4792419',入力内容の正誤:1(誤り)
2021/01/14 18:35:57,b302,空搬出事前情報入力,01,海貨,6FKAM,/predef/dmi210.asp,::1
2021/01/14 18:36:02,b102,実搬出事前情報入力(共通),00,海貨,6FKAM,/predef/dmi010.asp,::1
2021/01/14 18:36:06,b106,実搬出事前情報入力(ＢＬ番号),00,海貨,6FKAM,/predef/dmi015.asp,::1,'NYKSSUBU00543600',入力内容の正誤:1(誤り)
2021/01/14 18:37:16,b302,空搬出事前情報入力,01,海貨,6FKAM,/predef/dmi210.asp,::1
2021/01/14 18:37:37,1009,ブッキング情報照会,10,海貨,6FKAM,/bookcheck.asp,::1,I272017659,入力内容の正誤:0(正しい)
2021/01/14 18:37:37,1010,ブッキング情報照会-ブッキング情報一覧,00,海貨,6FKAM,/booklist.asp,::1,,
2021/01/14 18:37:46,1009,ブッキング情報照会,10,海貨,6FKAM,/bookcheck.asp,::1,I272017659,入力内容の正誤:0(正しい)
2021/01/14 18:37:46,1010,ブッキング情報照会-ブッキング情報一覧,00,海貨,6FKAM,/booklist.asp,::1,,
2021/01/14 18:38:03,b402,実搬入事前情報入力,01,海貨,6FKAM,/predef/dmi312.asp,::1,I272017659,入力内容の正誤:0(正しい)
2021/01/14 18:38:03,b302,空搬出事前情報入力,02,海貨,6FKAM,/predef/dmi215.asp,::1,I272017659,入力内容の正誤:1(誤り)
2021/01/14 18:38:35,b000,ログイン,00,海貨,,/userchk.asp,::1,,
2021/01/14 18:38:49,b101,空搬出事前情報一覧,04,海貨,6AMKB,/predef/top.asp,::1
2021/01/14 18:38:49,b401,実搬入事前情報一覧,01,海貨,6AMKB,/predef/top.asp,::1
2021/01/14 18:38:54,b302,空搬出事前情報入力,01,海貨,6AMKB,/predef/dmi210.asp,::1
2021/01/14 18:38:57,b402,実搬入事前情報入力,01,海貨,6AMKB,/predef/dmi312.asp,::1,I272017659,入力内容の正誤:0(正しい)
2021/01/14 18:38:58,b302,空搬出事前情報入力,02,海貨,6AMKB,/predef/dmi215.asp,::1,I272017659,入力内容の正誤:0(正しい)
2021/01/14 18:47:37,1009,ブッキング情報照会,10,海貨,6AMKB,/bookcheck.asp,::1,I272017659,入力内容の正誤:0(正しい)
2021/01/14 18:47:37,1010,ブッキング情報照会-ブッキング情報一覧,00,海貨,6AMKB,/booklist.asp,::1,,
2021/01/14 18:53:29,b302,空搬出事前情報入力,01,海貨,6AMKB,/predef/dmi210.asp,::1
2021/01/14 18:53:50,b402,実搬入事前情報入力,01,海貨,6AMKB,/predef/dmi312.asp,::1,I272017659,入力内容の正誤:0(正しい)
2021/01/14 18:53:50,b302,空搬出事前情報入力,02,海貨,6AMKB,/predef/dmi215.asp,::1,I272017659,入力内容の正誤:0(正しい)
2021/01/14 19:02:33,b302,空搬出事前情報入力,02,海貨,6AMKB,/predef/dmi230.asp,::1,I272017659/ ,入力内容の正誤:0(正しい)
2021/01/14 19:04:46,b302,空搬出事前情報入力,02,海貨,6AMKB,/predef/dmi230.asp,::1,I272017659/ ,入力内容の正誤:0(正しい)
2021/01/14 19:04:53,b302,空搬出事前情報入力,02,海貨,6AMKB,/predef/dmi230.asp,::1,I272017659/ ,入力内容の正誤:0(正しい)
2021/01/14 19:05:57,b302,空搬出事前情報入力,01,海貨,6AMKB,/predef/dmi210.asp,::1
2021/01/14 19:06:05,b402,実搬入事前情報入力,01,海貨,6AMKB,/predef/dmi312.asp,::1,I272017659,入力内容の正誤:0(正しい)
2021/01/14 19:06:05,b302,空搬出事前情報入力,02,海貨,6AMKB,/predef/dmi215.asp,::1,I272017659,入力内容の正誤:0(正しい)
2021/01/14 19:06:33,b302,空搬出事前情報入力,02,海貨,6AMKB,/predef/dmi230.asp,::1,I272017659/ ,入力内容の正誤:0(正しい)
2021/01/14 19:07:59,b302,空搬出事前情報入力,02,海貨,6AMKB,/predef/dmi230.asp,::1,I272017659/ ,入力内容の正誤:0(正しい)
2021/01/14 19:09:05,b309,空搬出指示書印刷,01,海貨,6AMKB,/predef/dmo291.asp,::1
2021/01/14 19:09:05,b301,空搬出事前情報一覧,01,海貨,6AMKB,/predef/dmo210L.asp,::1
2021/01/14 19:10:09,b309,空搬出指示書印刷,02,海貨,6AMKB,/predef/dmo292.asp,::1
2021/01/14 19:10:33,b309,空搬出指示書印刷,02,海貨,6AMKB,/predef/dmo292.asp,::1
2021/01/14 19:12:01,b000,ログイン,00,,,/Userchk.asp,::1,,
2021/01/14 19:12:04,b000,ログイン,00,,,/userchk.asp,::1,,
2021/01/14 19:12:07,b101,空搬出事前情報一覧,04,海貨,6FKAM,/predef/top.asp,::1
2021/01/14 19:12:08,b401,実搬入事前情報一覧,01,海貨,6FKAM,/predef/top.asp,::1
2021/01/14 19:12:15,b302,空搬出事前情報入力,01,海貨,6FKAM,/predef/dmi210.asp,::1
2021/01/14 19:12:24,b402,実搬入事前情報入力,01,海貨,6FKAM,/predef/dmi312.asp,::1,I272017659,入力内容の正誤:0(正しい)
2021/01/14 19:12:24,b302,空搬出事前情報入力,02,海貨,6FKAM,/predef/dmi215.asp,::1,I272017659,入力内容の正誤:1(誤り)
2021/01/14 19:12:35,b309,空搬出指示書印刷,02,海貨,6AMKB,/predef/dmo292.asp,::1
2021/01/14 19:12:41,b302,空搬出事前情報入力,01,海貨,6AMKB,/predef/dmi210.asp,::1
2021/01/14 19:12:45,b402,実搬入事前情報入力,01,海貨,6AMKB,/predef/dmi312.asp,::1,I272017659,入力内容の正誤:0(正しい)
2021/01/14 19:12:45,b302,空搬出事前情報入力,02,海貨,6AMKB,/predef/dmi215.asp,::1,I272017659,入力内容の正誤:1(誤り)
2021/01/14 19:12:53,b402,実搬入事前情報入力,00,海貨,6AMKB,/predef/dmi310.asp,::1
2021/01/14 19:13:02,b402,実搬入事前情報入力,01,海貨,6AMKB,/predef/dmi312.asp,::1,I272017659,入力内容の正誤:0(正しい)
2021/01/14 19:13:03,b302,空搬出事前情報入力,11,海貨,6AMKB,/predef/dmo220.asp,::1
2021/01/14 19:15:21,b402,実搬入事前情報入力,01,海貨,6AMKB,/predef/dmi312.asp,::1,I272017659,入力内容の正誤:0(正しい)
2021/01/14 19:15:21,b302,空搬出事前情報入力,11,海貨,6AMKB,/predef/dmo220.asp,::1
2021/01/14 19:17:15,b302,空搬出事前情報入力,11,海貨,6AMKB,/predef/dmo220.asp,::1
2021/01/14 19:17:24,b402,実搬入事前情報入力,01,海貨,6AMKB,/predef/dmi312.asp,::1,I272017659,入力内容の正誤:0(正しい)
2021/01/14 19:17:24,b302,空搬出事前情報入力,11,海貨,6AMKB,/predef/dmo220.asp,::1
2021/01/14 19:17:36,b309,空搬出指示書印刷,01,海貨,6AMKB,/predef/dmo291.asp,::1
2021/01/14 19:18:02,b402,実搬入事前情報入力,01,海貨,6AMKB,/predef/dmi312.asp,::1,I272017659,入力内容の正誤:0(正しい)
2021/01/14 19:18:02,b302,空搬出事前情報入力,11,海貨,6AMKB,/predef/dmo220.asp,::1
2021/01/14 19:18:08,b309,空搬出指示書印刷,01,海貨,6AMKB,/predef/dmo291.asp,::1
2021/01/14 19:18:10,b309,空搬出指示書印刷,02,海貨,6AMKB,/predef/dmo292.asp,::1
2021/01/14 19:18:14,b402,実搬入事前情報入力,01,海貨,6AMKB,/predef/dmi312.asp,::1,I272017659,入力内容の正誤:0(正しい)
2021/01/14 19:18:14,b302,空搬出事前情報入力,11,海貨,6AMKB,/predef/dmo220.asp,::1
2021/01/14 19:18:16,b302,空搬出事前情報入力,12,海貨,6AMKB,/predef/dmi220.asp,::1
2021/01/14 19:18:20,b302,空搬出事前情報入力,14,海貨,6AMKB,/predef/dmi290.asp,::1
2021/01/14 19:18:21,b301,空搬出事前情報一覧,01,海貨,6AMKB,/predef/dmo210L.asp,::1
2021/01/14 19:18:23,b302,空搬出事前情報入力,01,海貨,6AMKB,/predef/dmi210.asp,::1
2021/01/14 19:18:27,b402,実搬入事前情報入力,01,海貨,6AMKB,/predef/dmi312.asp,::1,I272017659,入力内容の正誤:0(正しい)
2021/01/14 19:18:27,b302,空搬出事前情報入力,02,海貨,6AMKB,/predef/dmi215.asp,::1,I272017659,入力内容の正誤:0(正しい)
2021/01/14 19:18:35,b302,空搬出事前情報入力,01,海貨,6FKAM,/predef/dmi210.asp,::1
2021/01/14 19:18:44,b402,実搬入事前情報入力,01,海貨,6FKAM,/predef/dmi312.asp,::1,I272017659,入力内容の正誤:0(正しい)
2021/01/14 19:18:44,b302,空搬出事前情報入力,02,海貨,6FKAM,/predef/dmi215.asp,::1,I272017659,入力内容の正誤:1(誤り)
2021/01/14 19:18:49,b101,空搬出事前情報一覧,04,海貨,6FKAM,/predef/top.asp,::1
2021/01/14 19:18:49,b401,実搬入事前情報一覧,01,海貨,6FKAM,/predef/top.asp,::1
2021/01/14 19:18:52,b302,空搬出事前情報入力,01,海貨,6FKAM,/predef/dmi210.asp,::1
2021/01/14 19:18:56,b402,実搬入事前情報入力,01,海貨,6FKAM,/predef/dmi312.asp,::1,I272017659,入力内容の正誤:0(正しい)
2021/01/14 19:18:56,b302,空搬出事前情報入力,02,海貨,6FKAM,/predef/dmi215.asp,::1,I272017659,入力内容の正誤:1(誤り)
2021/01/14 19:19:01,b301,空搬出事前情報一覧,01,海貨,6FKAM,/predef/dmo210L.asp,::1
2021/01/14 19:19:07,b000,ログイン,00,海貨,,/userchk.asp,::1,,
2021/01/14 19:19:31,b101,空搬出事前情報一覧,04,海貨,6AMKB,/predef/top.asp,::1
2021/01/14 19:19:31,b401,実搬入事前情報一覧,01,海貨,6AMKB,/predef/top.asp,::1
2021/01/14 19:19:33,b302,空搬出事前情報入力,01,海貨,6AMKB,/predef/dmi210.asp,::1
2021/01/14 19:19:40,b402,実搬入事前情報入力,01,海貨,6AMKB,/predef/dmi312.asp,::1,I272017659,入力内容の正誤:0(正しい)
2021/01/14 19:19:40,b302,空搬出事前情報入力,02,海貨,6AMKB,/predef/dmi215.asp,::1,I272017659,入力内容の正誤:0(正しい)
2021/01/14 19:20:34,b302,空搬出事前情報入力,02,海貨,6AMKB,/predef/dmi230.asp,::1,I272017659/ ,入力内容の正誤:1(誤り)
2021/01/14 19:21:53,b302,空搬出事前情報入力,02,海貨,6AMKB,/predef/dmi230.asp,::1,I272017659/ ,入力内容の正誤:1(誤り)
2021/01/14 19:22:59,b402,実搬入事前情報入力,00,海貨,6AMKB,/predef/dmi310.asp,::1
2021/01/14 19:23:08,b402,実搬入事前情報入力,00,海貨,6AMKB,/predef/dmi310.asp,::1
2021/01/14 19:23:50,b402,実搬入事前情報入力,00,海貨,6AMKB,/predef/dmi310.asp,::1
2021/01/14 19:26:26,b302,空搬出事前情報入力,01,海貨,6AMKB,/predef/dmi210.asp,::1
2021/01/14 19:26:30,1009,ブッキング情報照会,10,海貨,6AMKB,/bookcheck.asp,::1,I272017659,入力内容の正誤:0(正しい)
2021/01/14 19:26:30,1010,ブッキング情報照会-ブッキング情報一覧,00,海貨,6AMKB,/booklist.asp,::1,,
2021/01/14 19:26:57,1009,ブッキング情報照会,00,海貨,6AMKB,/bookentry.asp,::1,,
2021/01/14 19:26:59,b302,空搬出事前情報入力,01,海貨,6AMKB,/predef/dmi210.asp,::1
2021/01/14 19:27:01,b301,空搬出事前情報一覧,01,海貨,6AMKB,/predef/dmo210L.asp,::1
2021/01/14 19:27:05,b402,実搬入事前情報入力,01,海貨,6AMKB,/predef/dmi312.asp,::1,5138806030,入力内容の正誤:0(正しい)
2021/01/14 19:27:05,b302,空搬出事前情報入力,11,海貨,6AMKB,/predef/dmo220.asp,::1
2021/01/14 19:28:35,b101,実搬出事前情報一覧,01,海貨,6AMKB,/predef/dmo010L.asp,::1
2021/01/14 19:28:38,b201,空搬入事前情報一覧,01,海貨,6AMKB,/predef/dmo110L.asp,::1
2021/01/14 19:28:40,b101,実搬出事前情報一覧,01,海貨,6AMKB,/predef/dmo010L.asp,::1
2021/01/14 19:28:41,b101,実搬出事前情報一覧,01,海貨,6AMKB,/predef/dmo010L.asp,::1
2021/01/14 19:28:43,b101,実搬出事前情報一覧,03,海貨,6AMKB,/predef/dmo010L.asp,::1
2021/01/14 19:28:45,b101,実搬出事前情報一覧,07,海貨,6AMKB,/predef/dmo010L.asp,::1
2021/01/14 19:28:46,b101,実搬出事前情報一覧,06,海貨,6AMKB,/predef/dmo010L.asp,::1
2021/01/14 19:28:48,b201,空搬入事前情報一覧,01,海貨,6AMKB,/predef/dmo110L.asp,::1
2021/01/14 19:28:50,b201,空搬入事前情報一覧,03,海貨,6AMKB,/predef/dmo110L.asp,::1
2021/01/14 19:28:51,b201,空搬入事前情報一覧,07,海貨,6AMKB,/predef/dmo110L.asp,::1
2021/01/14 19:28:52,b201,空搬入事前情報一覧,02,海貨,6AMKB,/predef/dmo110L.asp,::1
2021/01/14 19:28:54,b301,空搬出事前情報一覧,01,海貨,6AMKB,/predef/dmo210L.asp,::1
2021/01/14 19:28:55,b401,実搬入事前情報一覧,01,海貨,6AMKB,/predef/dmo310L.asp,::1
2021/01/14 19:28:57,b301,空搬出事前情報一覧,01,海貨,6AMKB,/predef/dmo210L.asp,::1
2021/01/14 19:29:01,b202,空搬入事前情報入力,00,海貨,6AMKB,/predef/dmi110.asp,::1
2021/01/14 19:29:03,b102,実搬出事前情報入力(共通),00,海貨,6AMKB,/predef/dmi010.asp,::1
2021/01/14 19:29:19,b103,実搬出事前情報入力(指定あり),00,海貨,6AMKB,/predef/dmi015.asp,::1,'PONU0650974',入力内容の正誤:0(正しい)
2021/01/14 19:29:24,b402,実搬入事前情報入力,00,海貨,6AMKB,/predef/dmi310.asp,::1
2021/01/14 19:41:58,b402,実搬入事前情報入力,00,海貨,6AMKB,/predef/dmi310.asp,::1
2021/01/14 19:42:22,b402,実搬入事前情報入力,00,海貨,6AMKB,/predef/dmi310.asp,::1
2021/01/14 19:45:13,b402,実搬入事前情報入力,00,海貨,6AMKB,/predef/dmi310.asp,::1
2021/01/14 19:46:51,b402,実搬入事前情報入力,00,海貨,6AMKB,/predef/dmi310.asp,::1
2021/01/14 19:47:53,b000,ログイン,00,,,/Userchk.asp,::1,,
2021/01/14 19:48:06,b101,空搬出事前情報一覧,04,海貨,6AMKB,/predef/top.asp,::1
2021/01/14 19:48:07,b401,実搬入事前情報一覧,01,海貨,6AMKB,/predef/top.asp,::1
2021/01/14 19:48:14,b000,ログイン,00,海貨,,/userchk.asp,::1,,
2021/01/14 19:48:24,b101,空搬出事前情報一覧,04,海貨,6AMKB,/predef/top.asp,::1
2021/01/14 19:48:24,b401,実搬入事前情報一覧,01,海貨,6AMKB,/predef/top.asp,::1
2021/01/14 19:48:28,b402,実搬入事前情報入力,00,海貨,6AMKB,/predef/dmi310.asp,::1
2021/01/14 19:48:47,b402,実搬入事前情報入力,00,海貨,6AMKB,/predef/dmi310.asp,::1
2021/01/14 19:48:49,b402,実搬入事前情報入力,01,海貨,6AMKB,/predef/dmi312.asp,::1,I272017659,入力内容の正誤:0(正しい)
2021/01/14 19:48:54,b402,実搬入事前情報入力,01,海貨,6AMKB,/predef/dmi315.asp,::1,I272017659,入力内容の正誤:0(正しい)
2021/01/14 19:51:39,b402,実搬入事前情報入力,00,海貨,6AMKB,/predef/dmi310.asp,::1
2021/01/14 19:51:56,b402,実搬入事前情報入力,00,海貨,6AMKB,/predef/dmi310.asp,::1
2021/01/14 19:51:57,b402,実搬入事前情報入力,01,海貨,6AMKB,/predef/dmi312.asp,::1,I272017659,入力内容の正誤:0(正しい)
2021/01/14 19:51:58,b402,実搬入事前情報入力,01,海貨,6AMKB,/predef/dmi315.asp,::1,I272017659,入力内容の正誤:0(正しい)
2021/01/14 19:59:29,b402,作業発生mail設定,00,海貨,6AMKB,/predef/dmi410.asp,::1
2021/01/14 20:00:38,b101,空搬出事前情報一覧,04,海貨,6AMKB,/predef/top.asp,::1
2021/01/14 20:00:38,b401,実搬入事前情報一覧,01,海貨,6AMKB,/predef/top.asp,::1
2021/01/14 20:00:41,b402,作業発生mail設定,00,海貨,6AMKB,/predef/dmi410.asp,::1
2021/01/14 20:00:54,b402,作業発生mail設定,00,海貨,6AMKB,/predef/dmi410.asp,::1
2021/01/14 20:00:56,b402,作業発生mail設定,00,海貨,6AMKB,/predef/dmi410.asp,::1
2021/01/14 20:00:57,b402,作業発生mail設定,00,海貨,6AMKB,/predef/dmi410.asp,::1
2021/01/14 20:00:57,b402,作業発生mail設定,00,海貨,6AMKB,/predef/dmi410.asp,::1
2021/01/14 20:00:57,b402,作業発生mail設定,00,海貨,6AMKB,/predef/dmi410.asp,::1
2021/01/14 20:00:57,b402,作業発生mail設定,00,海貨,6AMKB,/predef/dmi410.asp,::1
2021/01/14 20:01:07,b402,作業発生mail設定,00,海貨,6AMKB,/predef/dmi410.asp,::1
2021/01/14 20:01:08,b402,作業発生mail設定,00,海貨,6AMKB,/predef/dmi410.asp,::1
2021/01/14 20:01:08,b402,作業発生mail設定,00,海貨,6AMKB,/predef/dmi410.asp,::1
2021/01/14 20:01:09,b402,作業発生mail設定,00,海貨,6AMKB,/predef/dmi410.asp,::1
2021/01/14 20:01:10,b402,作業発生mail設定,00,海貨,6AMKB,/predef/dmi410.asp,::1
2021/01/14 20:01:10,b402,作業発生mail設定,00,海貨,6AMKB,/predef/dmi410.asp,::1
2021/01/14 20:01:11,b402,作業発生mail設定,00,海貨,6AMKB,/predef/dmi410.asp,::1
2021/01/14 20:01:11,b402,作業発生mail設定,00,海貨,6AMKB,/predef/dmi410.asp,::1
2021/01/14 20:01:11,b402,作業発生mail設定,00,海貨,6AMKB,/predef/dmi410.asp,::1
2021/01/14 20:01:12,b402,作業発生mail設定,00,海貨,6AMKB,/predef/dmi410.asp,::1
2021/01/14 20:01:12,b402,作業発生mail設定,00,海貨,6AMKB,/predef/dmi410.asp,::1
2021/01/14 20:01:27,b402,作業発生mail設定,00,海貨,6AMKB,/predef/dmi410.asp,::1
2021/01/14 20:02:19,b402,作業発生mail設定,00,海貨,6AMKB,/predef/dmi410.asp,::1
2021/01/14 20:02:20,b402,作業発生mail設定,00,海貨,6AMKB,/predef/dmi410.asp,::1
2021/01/14 20:02:23,b402,作業発生mail設定,00,海貨,6AMKB,/predef/dmi410.asp,::1
2021/01/14 20:02:24,b402,作業発生mail設定,00,海貨,6AMKB,/predef/dmi410.asp,::1
2021/01/14 20:02:24,b402,作業発生mail設定,00,海貨,6AMKB,/predef/dmi410.asp,::1
2021/01/14 20:02:35,b402,作業発生mail設定,00,海貨,6AMKB,/predef/dmi410.asp,::1
2021/01/14 20:02:51,b402,作業発生mail設定,00,海貨,6AMKB,/predef/dmi410.asp,::1
2021/01/14 20:03:02,b402,作業発生mail設定,00,海貨,6AMKB,/predef/dmi410.asp,::1
2021/01/14 20:04:00,b402,作業発生mail設定,00,海貨,6AMKB,/predef/dmi410.asp,::1
2021/01/14 20:04:14,b402,作業発生mail設定,00,海貨,6AMKB,/predef/dmi410.asp,::1
2021/01/14 20:04:26,b402,作業発生mail設定,00,海貨,6AMKB,/predef/dmi410.asp,::1
2021/01/14 20:04:34,b402,作業発生mail設定,00,海貨,6AMKB,/predef/dmi410.asp,::1
2021/01/14 20:04:38,b402,作業発生mail設定,00,海貨,6AMKB,/predef/dmi410.asp,::1
2021/01/14 20:04:39,b402,作業発生mail設定,00,海貨,6AMKB,/predef/dmi410.asp,::1
2021/01/14 20:04:40,b402,作業発生mail設定,00,海貨,6AMKB,/predef/dmi410.asp,::1
2021/01/14 20:04:40,b402,作業発生mail設定,00,海貨,6AMKB,/predef/dmi410.asp,::1
2021/01/14 20:04:41,b402,作業発生mail設定,00,海貨,6AMKB,/predef/dmi410.asp,::1
2021/01/14 20:04:41,b402,作業発生mail設定,00,海貨,6AMKB,/predef/dmi410.asp,::1
2021/01/14 20:04:41,b402,作業発生mail設定,00,海貨,6AMKB,/predef/dmi410.asp,::1
2021/01/14 20:04:42,b402,作業発生mail設定,00,海貨,6AMKB,/predef/dmi410.asp,::1
2021/01/14 20:04:42,b402,作業発生mail設定,00,海貨,6AMKB,/predef/dmi410.asp,::1
2021/01/14 20:04:43,b402,作業発生mail設定,00,海貨,6AMKB,/predef/dmi410.asp,::1
2021/01/14 20:04:43,b402,作業発生mail設定,00,海貨,6AMKB,/predef/dmi410.asp,::1
2021/01/14 20:04:43,b402,作業発生mail設定,00,海貨,6AMKB,/predef/dmi410.asp,::1
2021/01/14 20:07:34,b402,作業発生mail設定,00,海貨,6AMKB,/predef/dmi410.asp,::1
2021/01/14 20:08:06,b402,作業発生mail設定,00,海貨,6AMKB,/predef/dmi410.asp,::1
2021/01/14 20:11:36,b402,作業発生mail設定,00,海貨,6AMKB,/predef/dmi410.asp,::1
2021/01/14 20:11:39,b402,作業発生mail設定,00,海貨,6AMKB,/predef/dmi410.asp,::1
2021/01/14 20:12:03,c402,作業発生mail設定,02,海貨,6AMKB,/predef/dmi411.asp,::1
2021/01/14 20:12:37,d103,作業発生mail項目登録・更新,10,海貨,6AMKB,/predef/dmi412.asp,::1,ak.delarosa01@gmail.com,,,,,1,1,1,1,0,0,0,0,0,0,0,0,0,0,0,0,0,0,0,0
