2021/01/12 13:03:36,b000,ログイン,00,,,/userchk.asp,::1,,
2021/01/12 13:03:46,b101,空搬出事前情報一覧,04,海貨,6FKAM,/predef/top.asp,::1
2021/01/12 13:03:54,b401,実搬入事前情報一覧,01,海貨,6FKAM,/predef/top.asp,::1
2021/01/12 13:04:29,b101,実搬出事前情報一覧,01,海貨,6FKAM,/predef/dmo010L.asp,::1
2021/01/12 13:04:54,b102,実搬出事前情報入力(共通),00,海貨,6FKAM,/predef/dmi010.asp,::1
2021/01/12 13:07:31,b101,空搬出事前情報一覧,04,海貨,6FKAM,/predef/top.asp,::1
2021/01/12 13:07:31,b401,実搬入事前情報一覧,01,海貨,6FKAM,/predef/top.asp,::1
2021/01/12 13:07:40,b201,空搬入事前情報一覧,01,海貨,6FKAM,/predef/dmo110L.asp,::1
2021/01/12 13:07:53,b102,実搬出事前情報入力(共通),00,海貨,6FKAM,/predef/dmi010.asp,::1
2021/01/12 13:10:11,b101,実搬出事前情報一覧,01,海貨,6FKAM,/predef/dmo010L.asp,::1
2021/01/12 13:11:39,b102,実搬出事前情報入力(共通),00,海貨,6FKAM,/predef/dmi010.asp,::1
2021/01/12 13:12:52,b102,実搬出事前情報入力(共通),00,海貨,6FKAM,/predef/dmi010.asp,::1
2021/01/12 13:13:10,b102,実搬出事前情報入力(共通),00,海貨,6FKAM,/predef/dmi010.asp,::1
2021/01/12 13:13:14,b103,実搬出事前情報入力(指定あり),00,海貨,6FKAM,/predef/dmi015.asp,::1,'PONU0650974',入力内容の正誤:1(誤り)
2021/01/12 13:14:31,b102,実搬出事前情報入力(共通),00,海貨,6FKAM,/predef/dmi010.asp,::1
2021/01/12 13:14:43,b103,実搬出事前情報入力(指定あり),00,海貨,6FKAM,/predef/dmi015.asp,::1,'EEEE123456',入力内容の正誤:1(誤り)
2021/01/12 13:15:30,b401,実搬入事前情報一覧,01,海貨,6FKAM,/predef/dmo310L.asp,::1
2021/01/12 13:16:28,b102,実搬出事前情報入力(共通),00,海貨,6FKAM,/predef/dmi010.asp,::1
2021/01/12 13:16:35,b103,実搬出事前情報入力(指定あり),00,海貨,6FKAM,/predef/dmi015.asp,::1,'SKHU8704864',入力内容の正誤:0(正しい)
2021/01/12 13:16:58,b102,実搬出事前情報入力(共通),00,海貨,6FKAM,/predef/dmi010.asp,::1
2021/01/12 13:17:02,b104,実搬出事前情報入力(指定なし),00,海貨,6FKAM,/predef/dmi015.asp,::1,'SKHU8704864',入力内容の正誤:0(正しい)
2021/01/12 13:17:17,b102,実搬出事前情報入力(共通),00,海貨,6FKAM,/predef/dmi010.asp,::1
2021/01/12 13:17:23,b103,実搬出事前情報入力(指定あり),00,海貨,6FKAM,/predef/dmi015.asp,::1,'SKHU8704861',入力内容の正誤:1(誤り)
2021/01/12 13:17:28,b102,実搬出事前情報入力(共通),00,海貨,6FKAM,/predef/dmi010.asp,::1
2021/01/12 13:17:52,b101,実搬出事前情報一覧,01,海貨,6FKAM,/predef/dmo010L.asp,::1
2021/01/12 13:18:00,b106,実搬出事前情報入力(ＢＬ番号),00,海貨,6FKAM,/predef/dmi015.asp,::1,'YMLUI228236251',入力内容の正誤:1(誤り)
2021/01/12 13:18:18,b102,実搬出事前情報入力(共通),00,海貨,6FKAM,/predef/dmi010.asp,::1
2021/01/12 13:18:32,b106,実搬出事前情報入力(ＢＬ番号),00,海貨,6FKAM,/predef/dmi015.asp,::1,'YMLUI228236252',入力内容の正誤:1(誤り)
2021/01/12 13:20:34,b202,空搬入事前情報入力,00,海貨,6FKAM,/predef/dmi110.asp,::1
2021/01/12 13:20:48,b102,実搬出事前情報入力(共通),00,海貨,6FKAM,/predef/dmi010.asp,::1
2021/01/12 13:21:27,b101,空搬出事前情報一覧,04,海貨,6FKAM,/predef/top.asp,::1
2021/01/12 13:21:27,b401,実搬入事前情報一覧,01,海貨,6FKAM,/predef/top.asp,::1
2021/01/12 13:21:30,b102,実搬出事前情報入力(共通),00,海貨,6FKAM,/predef/dmi010.asp,::1
2021/01/12 13:21:40,b103,実搬出事前情報入力(指定あり),00,海貨,6FKAM,/predef/dmi015.asp,::1,'QWE',入力内容の正誤:1(誤り)
2021/01/12 13:21:46,b102,実搬出事前情報入力(共通),00,海貨,6FKAM,/predef/dmi010.asp,::1
2021/01/12 13:28:57,b102,実搬出事前情報入力(共通),00,海貨,6FKAM,/predef/dmi010.asp,::1
2021/01/12 13:29:00,b101,実搬出事前情報一覧,01,海貨,6FKAM,/predef/dmo010L.asp,::1
2021/01/12 13:29:11,b109,実搬出事前情報展開,01,海貨,6FKAM,/predef/dmo030.asp,::1
2021/01/12 13:29:22,b102,実搬出事前情報入力(共通),00,海貨,6FKAM,/predef/dmi010.asp,::1
2021/01/12 13:29:27,b105,実搬出事前情報入力(一覧から選択),00,海貨,6FKAM,/predef/dmi015.asp,::1,'MRKU9801283',入力内容の正誤:1(誤り)
2021/01/12 13:29:46,b102,実搬出事前情報入力(共通),00,海貨,6FKAM,/predef/dmi010.asp,::1
2021/01/12 13:29:48,b103,実搬出事前情報入力(指定あり),00,海貨,6FKAM,/predef/dmi015.asp,::1,'YMLUI2282362',入力内容の正誤:1(誤り)
2021/01/12 13:31:52,b102,実搬出事前情報入力(共通),00,海貨,6FKAM,/predef/dmi010.asp,::1
2021/01/12 13:31:57,b103,実搬出事前情報入力(指定あり),00,海貨,6FKAM,/predef/dmi015.asp,::1,'TCNU3922593',入力内容の正誤:1(誤り)
2021/01/12 13:32:07,b102,実搬出事前情報入力(共通),00,海貨,6FKAM,/predef/dmi010.asp,::1
2021/01/12 14:45:05,c000,ログイン,00,,,/userchk.asp,::1,,
2021/01/12 14:45:15,c101,ステータス配信依頼中一覧,01,海貨,6FKAM,/SendStatus/sst100L.asp,::1
2021/01/12 14:56:54,b101,空搬出事前情報一覧,04,海貨,6FKAM,/predef/top.asp,::1
2021/01/12 14:56:55,b401,実搬入事前情報一覧,01,海貨,6FKAM,/predef/top.asp,::1
2021/01/12 14:57:11,b000,ログイン,00,海貨,,/userchk.asp,::1,,
2021/01/12 14:57:18,b101,空搬出事前情報一覧,04,海貨,6FKAM,/predef/top.asp,::1
2021/01/12 14:57:18,b401,実搬入事前情報一覧,01,海貨,6FKAM,/predef/top.asp,::1
2021/01/12 14:59:29,b101,空搬出事前情報一覧,04,海貨,6FKAM,/predef/top.asp,::1
2021/01/12 14:59:29,b401,実搬入事前情報一覧,01,海貨,6FKAM,/predef/top.asp,::1
2021/01/12 15:06:38,b101,空搬出事前情報一覧,04,海貨,6FKAM,/predef/top.asp,::1
2021/01/12 15:06:38,b401,実搬入事前情報一覧,01,海貨,6FKAM,/predef/top.asp,::1
2021/01/12 15:09:02,b101,空搬出事前情報一覧,04,海貨,6FKAM,/predef/top.asp,::1
2021/01/12 15:09:02,b401,実搬入事前情報一覧,01,海貨,6FKAM,/predef/top.asp,::1
2021/01/12 15:15:16,b101,空搬出事前情報一覧,04,海貨,6FKAM,/predef/top.asp,::1
2021/01/12 15:15:16,b401,実搬入事前情報一覧,01,海貨,6FKAM,/predef/top.asp,::1
2021/01/12 15:17:38,b101,空搬出事前情報一覧,04,海貨,6FKAM,/predef/top.asp,::1
2021/01/12 15:17:38,b401,実搬入事前情報一覧,01,海貨,6FKAM,/predef/top.asp,::1
2021/01/12 15:18:24,b101,空搬出事前情報一覧,04,海貨,6FKAM,/predef/top.asp,::1
2021/01/12 15:18:24,b401,実搬入事前情報一覧,01,海貨,6FKAM,/predef/top.asp,::1
2021/01/12 15:18:34,b101,空搬出事前情報一覧,04,海貨,6FKAM,/predef/top.asp,::1
2021/01/12 15:18:34,b401,実搬入事前情報一覧,01,海貨,6FKAM,/predef/top.asp,::1
2021/01/12 15:19:48,b401,実搬入事前情報一覧,01,海貨,6FKAM,/predef/dmo310L.asp,::1
2021/01/12 15:19:55,b101,実搬出事前情報一覧,01,海貨,6FKAM,/predef/dmo010L.asp,::1
2021/01/12 15:19:57,b101,空搬出事前情報一覧,04,海貨,6FKAM,/predef/top.asp,::1
2021/01/12 15:19:57,b401,実搬入事前情報一覧,01,海貨,6FKAM,/predef/top.asp,::1
2021/01/12 15:19:59,b101,空搬出事前情報一覧,04,海貨,6FKAM,/predef/top.asp,::1
2021/01/12 15:19:59,b401,実搬入事前情報一覧,01,海貨,6FKAM,/predef/top.asp,::1
2021/01/12 15:20:01,b101,空搬出事前情報一覧,04,海貨,6FKAM,/predef/top.asp,::1
2021/01/12 15:20:01,b401,実搬入事前情報一覧,01,海貨,6FKAM,/predef/top.asp,::1
2021/01/12 15:20:03,b501,コンテナロック対象一覧表示,01,海貨,6FKAM,/predef/dml000A.asp,::1
2021/01/12 15:20:10,b101,実搬出事前情報一覧,01,海貨,6FKAM,/predef/dmo010L.asp,::1
2021/01/12 15:20:12,b108,実搬出事前情報CSVファイルダウンロード,01,海貨,6FKAM,/predef/dmo080.asp,::1
2021/01/12 15:22:35,b101,実搬出事前情報一覧,04,海貨,6FKAM,/predef/dmo010L.asp,::1
2021/01/12 15:22:44,b101,空搬出事前情報一覧,04,海貨,6FKAM,/predef/top.asp,::1
2021/01/12 15:22:44,b401,実搬入事前情報一覧,01,海貨,6FKAM,/predef/top.asp,::1
2021/01/12 15:24:34,b101,空搬出事前情報一覧,04,海貨,6FKAM,/predef/top.asp,::1
2021/01/12 15:24:34,b401,実搬入事前情報一覧,01,海貨,6FKAM,/predef/top.asp,::1
2021/01/12 15:26:41,b101,空搬出事前情報一覧,04,海貨,6FKAM,/predef/top.asp,::1
2021/01/12 15:26:41,b401,実搬入事前情報一覧,01,海貨,6FKAM,/predef/top.asp,::1
2021/01/12 15:26:43,b101,空搬出事前情報一覧,04,海貨,6FKAM,/predef/top.asp,::1
2021/01/12 15:26:43,b401,実搬入事前情報一覧,01,海貨,6FKAM,/predef/top.asp,::1
2021/01/12 15:28:10,b101,空搬出事前情報一覧,04,海貨,6FKAM,/predef/top.asp,::1
2021/01/12 15:28:10,b401,実搬入事前情報一覧,01,海貨,6FKAM,/predef/top.asp,::1
2021/01/12 15:28:25,b101,空搬出事前情報一覧,04,海貨,6FKAM,/predef/top.asp,::1
2021/01/12 15:28:25,b401,実搬入事前情報一覧,01,海貨,6FKAM,/predef/top.asp,::1
2021/01/12 15:28:29,b101,空搬出事前情報一覧,04,海貨,6FKAM,/predef/top.asp,::1
2021/01/12 15:28:29,b401,実搬入事前情報一覧,01,海貨,6FKAM,/predef/top.asp,::1
2021/01/12 15:28:58,b101,空搬出事前情報一覧,04,海貨,6FKAM,/predef/top.asp,::1
2021/01/12 15:28:58,b401,実搬入事前情報一覧,01,海貨,6FKAM,/predef/top.asp,::1
2021/01/12 15:46:54,b000,ログイン,00,海貨,,/userchk.asp,::1,,
2021/01/12 15:47:04,b101,空搬出事前情報一覧,04,海貨,6AFTR,/predef/top.asp,::1
2021/01/12 15:47:05,b401,実搬入事前情報一覧,01,海貨,6AFTR,/predef/top.asp,::1
2021/01/12 15:48:51,b101,空搬出事前情報一覧,04,海貨,6AFTR,/predef/top.asp,::1
2021/01/12 15:48:51,b401,実搬入事前情報一覧,01,海貨,6AFTR,/predef/top.asp,::1
2021/01/12 15:51:36,b101,空搬出事前情報一覧,04,海貨,6AFTR,/predef/top.asp,::1
2021/01/12 15:51:36,b401,実搬入事前情報一覧,01,海貨,6AFTR,/predef/top.asp,::1
2021/01/12 15:51:50,b101,空搬出事前情報一覧,04,海貨,6AFTR,/predef/top.asp,::1
2021/01/12 15:51:50,b401,実搬入事前情報一覧,01,海貨,6AFTR,/predef/top.asp,::1
2021/01/12 15:51:50,b101,空搬出事前情報一覧,04,海貨,6AFTR,/predef/top.asp,::1
2021/01/12 15:51:50,b401,実搬入事前情報一覧,01,海貨,6AFTR,/predef/top.asp,::1
2021/01/12 15:51:50,b101,空搬出事前情報一覧,04,海貨,6AFTR,/predef/top.asp,::1
2021/01/12 15:51:50,b401,実搬入事前情報一覧,01,海貨,6AFTR,/predef/top.asp,::1
2021/01/12 15:51:51,b101,空搬出事前情報一覧,04,海貨,6AFTR,/predef/top.asp,::1
2021/01/12 15:51:51,b401,実搬入事前情報一覧,01,海貨,6AFTR,/predef/top.asp,::1
2021/01/12 15:52:27,b101,空搬出事前情報一覧,04,海貨,6AFTR,/predef/top.asp,::1
2021/01/12 15:52:27,b401,実搬入事前情報一覧,01,海貨,6AFTR,/predef/top.asp,::1
2021/01/12 15:52:27,b101,空搬出事前情報一覧,04,海貨,6AFTR,/predef/top.asp,::1
2021/01/12 15:52:27,b401,実搬入事前情報一覧,01,海貨,6AFTR,/predef/top.asp,::1
2021/01/12 15:52:27,b101,空搬出事前情報一覧,04,海貨,6AFTR,/predef/top.asp,::1
2021/01/12 15:52:27,b401,実搬入事前情報一覧,01,海貨,6AFTR,/predef/top.asp,::1
2021/01/12 15:52:55,b101,空搬出事前情報一覧,04,海貨,6AFTR,/predef/top.asp,::1
2021/01/12 15:52:55,b401,実搬入事前情報一覧,01,海貨,6AFTR,/predef/top.asp,::1
2021/01/12 15:52:56,b101,空搬出事前情報一覧,04,海貨,6AFTR,/predef/top.asp,::1
2021/01/12 15:52:56,b401,実搬入事前情報一覧,01,海貨,6AFTR,/predef/top.asp,::1
2021/01/12 15:52:56,b101,空搬出事前情報一覧,04,海貨,6AFTR,/predef/top.asp,::1
2021/01/12 15:52:56,b401,実搬入事前情報一覧,01,海貨,6AFTR,/predef/top.asp,::1
2021/01/12 15:52:57,b101,空搬出事前情報一覧,04,海貨,6AFTR,/predef/top.asp,::1
2021/01/12 15:52:57,b401,実搬入事前情報一覧,01,海貨,6AFTR,/predef/top.asp,::1
2021/01/12 15:52:57,b101,空搬出事前情報一覧,04,海貨,6AFTR,/predef/top.asp,::1
2021/01/12 15:52:57,b401,実搬入事前情報一覧,01,海貨,6AFTR,/predef/top.asp,::1
2021/01/12 15:52:57,b101,空搬出事前情報一覧,04,海貨,6AFTR,/predef/top.asp,::1
2021/01/12 15:52:57,b401,実搬入事前情報一覧,01,海貨,6AFTR,/predef/top.asp,::1
2021/01/12 15:52:58,b101,空搬出事前情報一覧,04,海貨,6AFTR,/predef/top.asp,::1
2021/01/12 15:52:58,b401,実搬入事前情報一覧,01,海貨,6AFTR,/predef/top.asp,::1
2021/01/12 15:52:58,b101,空搬出事前情報一覧,04,海貨,6AFTR,/predef/top.asp,::1
2021/01/12 15:52:58,b401,実搬入事前情報一覧,01,海貨,6AFTR,/predef/top.asp,::1
2021/01/12 15:53:08,b101,空搬出事前情報一覧,04,海貨,6AFTR,/predef/top.asp,::1
2021/01/12 15:53:08,b401,実搬入事前情報一覧,01,海貨,6AFTR,/predef/top.asp,::1
2021/01/12 15:56:23,b101,空搬出事前情報一覧,04,海貨,6AFTR,/predef/top.asp,::1
2021/01/12 15:56:23,b401,実搬入事前情報一覧,01,海貨,6AFTR,/predef/top.asp,::1
2021/01/12 15:56:29,b101,空搬出事前情報一覧,04,海貨,6AFTR,/predef/top.asp,::1
2021/01/12 15:56:29,b401,実搬入事前情報一覧,01,海貨,6AFTR,/predef/top.asp,::1
2021/01/12 15:58:49,b101,空搬出事前情報一覧,04,海貨,6AFTR,/predef/top.asp,::1
2021/01/12 15:58:49,b401,実搬入事前情報一覧,01,海貨,6AFTR,/predef/top.asp,::1
2021/01/12 15:59:22,b101,空搬出事前情報一覧,04,海貨,6AFTR,/predef/top.asp,::1
2021/01/12 15:59:22,b401,実搬入事前情報一覧,01,海貨,6AFTR,/predef/top.asp,::1
2021/01/12 16:01:43,b101,空搬出事前情報一覧,04,海貨,6AFTR,/predef/top.asp,::1
2021/01/12 16:01:43,b401,実搬入事前情報一覧,01,海貨,6AFTR,/predef/top.asp,::1
2021/01/12 16:02:53,b101,空搬出事前情報一覧,04,海貨,6AFTR,/predef/top.asp,::1
2021/01/12 16:02:54,b401,実搬入事前情報一覧,01,海貨,6AFTR,/predef/top.asp,::1
2021/01/12 16:05:10,b101,空搬出事前情報一覧,04,海貨,6AFTR,/predef/top.asp,::1
2021/01/12 16:05:10,b401,実搬入事前情報一覧,01,海貨,6AFTR,/predef/top.asp,::1
2021/01/12 16:05:43,b101,空搬出事前情報一覧,04,海貨,6AFTR,/predef/top.asp,::1
2021/01/12 16:05:43,b401,実搬入事前情報一覧,01,海貨,6AFTR,/predef/top.asp,::1
2021/01/12 16:06:05,b101,空搬出事前情報一覧,04,海貨,6AFTR,/predef/top.asp,::1
2021/01/12 16:06:05,b401,実搬入事前情報一覧,01,海貨,6AFTR,/predef/top.asp,::1
2021/01/12 16:06:20,b101,空搬出事前情報一覧,04,海貨,6AFTR,/predef/top.asp,::1
2021/01/12 16:06:21,b401,実搬入事前情報一覧,01,海貨,6AFTR,/predef/top.asp,::1
2021/01/12 16:06:37,b101,空搬出事前情報一覧,04,海貨,6AFTR,/predef/top.asp,::1
2021/01/12 16:06:37,b401,実搬入事前情報一覧,01,海貨,6AFTR,/predef/top.asp,::1
2021/01/12 16:06:59,b101,空搬出事前情報一覧,04,海貨,6AFTR,/predef/top.asp,::1
2021/01/12 16:06:59,b401,実搬入事前情報一覧,01,海貨,6AFTR,/predef/top.asp,::1
2021/01/12 16:08:57,b101,空搬出事前情報一覧,04,海貨,6AFTR,/predef/top.asp,::1
2021/01/12 16:08:58,b401,実搬入事前情報一覧,01,海貨,6AFTR,/predef/top.asp,::1
2021/01/12 16:09:38,b101,空搬出事前情報一覧,04,海貨,6AFTR,/predef/top.asp,::1
2021/01/12 16:09:38,b401,実搬入事前情報一覧,01,海貨,6AFTR,/predef/top.asp,::1
2021/01/12 16:09:51,b101,空搬出事前情報一覧,04,海貨,6AFTR,/predef/top.asp,::1
2021/01/12 16:09:51,b401,実搬入事前情報一覧,01,海貨,6AFTR,/predef/top.asp,::1
2021/01/12 16:10:17,b101,空搬出事前情報一覧,04,海貨,6AFTR,/predef/top.asp,::1
2021/01/12 16:10:17,b401,実搬入事前情報一覧,01,海貨,6AFTR,/predef/top.asp,::1
2021/01/12 16:10:55,b101,空搬出事前情報一覧,04,海貨,6AFTR,/predef/top.asp,::1
2021/01/12 16:10:55,b401,実搬入事前情報一覧,01,海貨,6AFTR,/predef/top.asp,::1
2021/01/12 16:11:03,b101,空搬出事前情報一覧,04,海貨,6AFTR,/predef/top.asp,::1
2021/01/12 16:11:03,b401,実搬入事前情報一覧,01,海貨,6AFTR,/predef/top.asp,::1
2021/01/12 16:11:47,b101,空搬出事前情報一覧,04,海貨,6AFTR,/predef/top.asp,::1
2021/01/12 16:11:47,b401,実搬入事前情報一覧,01,海貨,6AFTR,/predef/top.asp,::1
2021/01/12 16:11:59,b101,空搬出事前情報一覧,04,海貨,6AFTR,/predef/top.asp,::1
2021/01/12 16:11:59,b401,実搬入事前情報一覧,01,海貨,6AFTR,/predef/top.asp,::1
2021/01/12 16:15:48,b101,空搬出事前情報一覧,04,海貨,6AFTR,/predef/top.asp,::1
2021/01/12 16:15:49,b401,実搬入事前情報一覧,01,海貨,6AFTR,/predef/top.asp,::1
2021/01/12 16:18:23,b101,空搬出事前情報一覧,04,海貨,6AFTR,/predef/top.asp,::1
2021/01/12 16:18:23,b401,実搬入事前情報一覧,01,海貨,6AFTR,/predef/top.asp,::1
2021/01/12 16:20:05,b101,空搬出事前情報一覧,04,海貨,6AFTR,/predef/top.asp,::1
2021/01/12 16:20:05,b401,実搬入事前情報一覧,01,海貨,6AFTR,/predef/top.asp,::1
2021/01/12 16:21:28,b101,空搬出事前情報一覧,04,海貨,6AFTR,/predef/top.asp,::1
2021/01/12 16:21:28,b401,実搬入事前情報一覧,01,海貨,6AFTR,/predef/top.asp,::1
2021/01/12 16:21:50,b101,空搬出事前情報一覧,04,海貨,6AFTR,/predef/top.asp,::1
2021/01/12 16:21:50,b401,実搬入事前情報一覧,01,海貨,6AFTR,/predef/top.asp,::1
2021/01/12 16:23:26,b302,空搬出事前情報入力,01,海貨,6AFTR,/predef/dmi210.asp,::1
2021/01/12 16:23:34,b302,空搬出事前情報入力,01,海貨,6AFTR,/predef/dmi210.asp,::1
2021/01/12 16:23:38,b202,空搬入事前情報入力,00,海貨,6AFTR,/predef/dmi110.asp,::1
2021/01/12 16:23:42,b102,実搬出事前情報入力(共通),00,海貨,6AFTR,/predef/dmi010.asp,::1
2021/01/12 16:23:44,b301,空搬出事前情報一覧,01,海貨,6AFTR,/predef/dmo210L.asp,::1
2021/01/12 16:23:53,b101,空搬出事前情報一覧,04,海貨,6AFTR,/predef/top.asp,::1
2021/01/12 16:23:53,b401,実搬入事前情報一覧,01,海貨,6AFTR,/predef/top.asp,::1
2021/01/12 16:23:55,b000,ログイン,00,海貨,,/userchk.asp,::1,,
2021/01/12 16:24:16,b000,ログイン,00,海貨,,/userchk.asp,::1,,
2021/01/12 16:24:24,b101,空搬出事前情報一覧,04,海貨,6FKAM,/predef/top.asp,::1
2021/01/12 16:24:24,b401,実搬入事前情報一覧,01,海貨,6FKAM,/predef/top.asp,::1
2021/01/12 16:24:49,b301,空搬出事前情報一覧,01,海貨,6FKAM,/predef/dmo210L.asp,::1
2021/01/12 16:24:54,b401,実搬入事前情報一覧,01,海貨,6FKAM,/predef/dmo310L.asp,::1
2021/01/12 16:24:56,b201,空搬入事前情報一覧,01,海貨,6FKAM,/predef/dmo110L.asp,::1
2021/01/12 16:24:57,b101,実搬出事前情報一覧,01,海貨,6FKAM,/predef/dmo010L.asp,::1
2021/01/12 16:25:09,b101,実搬出事前情報一覧,01,海貨,6FKAM,/predef/dmo010L.asp,::1
2021/01/12 16:26:13,b101,空搬出事前情報一覧,04,海貨,6FKAM,/predef/top.asp,::1
2021/01/12 16:26:13,b401,実搬入事前情報一覧,01,海貨,6FKAM,/predef/top.asp,::1
2021/01/12 16:26:17,b101,実搬出事前情報一覧,01,海貨,6FKAM,/predef/dmo010L.asp,::1
2021/01/12 16:28:47,b101,空搬出事前情報一覧,04,海貨,6FKAM,/predef/top.asp,::1
2021/01/12 16:28:47,b401,実搬入事前情報一覧,01,海貨,6FKAM,/predef/top.asp,::1
2021/01/12 16:28:51,b101,実搬出事前情報一覧,01,海貨,6FKAM,/predef/dmo010L.asp,::1
2021/01/12 16:29:59,b101,空搬出事前情報一覧,04,海貨,6FKAM,/predef/top.asp,::1
2021/01/12 16:29:59,b401,実搬入事前情報一覧,01,海貨,6FKAM,/predef/top.asp,::1
2021/01/12 16:30:03,b101,実搬出事前情報一覧,01,海貨,6FKAM,/predef/dmo010L.asp,::1
2021/01/12 16:31:43,b101,空搬出事前情報一覧,04,海貨,6FKAM,/predef/top.asp,::1
2021/01/12 16:31:43,b401,実搬入事前情報一覧,01,海貨,6FKAM,/predef/top.asp,::1
2021/01/12 16:32:56,b101,実搬出事前情報一覧,01,海貨,6FKAM,/predef/dmo010L.asp,::1
2021/01/12 16:36:40,b101,空搬出事前情報一覧,04,海貨,6FKAM,/predef/top.asp,::1
2021/01/12 16:36:40,b401,実搬入事前情報一覧,01,海貨,6FKAM,/predef/top.asp,::1
2021/01/12 16:36:48,b101,実搬出事前情報一覧,01,海貨,6FKAM,/predef/dmo010L.asp,::1
2021/01/12 16:37:33,b101,空搬出事前情報一覧,04,海貨,6FKAM,/predef/top.asp,::1
2021/01/12 16:37:33,b401,実搬入事前情報一覧,01,海貨,6FKAM,/predef/top.asp,::1
2021/01/12 16:37:41,b101,実搬出事前情報一覧,01,海貨,6FKAM,/predef/dmo010L.asp,::1
2021/01/12 16:38:08,b101,空搬出事前情報一覧,04,海貨,6FKAM,/predef/top.asp,::1
2021/01/12 16:38:08,b401,実搬入事前情報一覧,01,海貨,6FKAM,/predef/top.asp,::1
2021/01/12 16:38:13,b101,実搬出事前情報一覧,01,海貨,6FKAM,/predef/dmo010L.asp,::1
2021/01/12 16:38:31,b101,空搬出事前情報一覧,04,海貨,6FKAM,/predef/top.asp,::1
2021/01/12 16:38:31,b401,実搬入事前情報一覧,01,海貨,6FKAM,/predef/top.asp,::1
2021/01/12 16:38:35,b101,実搬出事前情報一覧,01,海貨,6FKAM,/predef/dmo010L.asp,::1
2021/01/12 16:39:11,b101,空搬出事前情報一覧,04,海貨,6FKAM,/predef/top.asp,::1
2021/01/12 16:39:11,b401,実搬入事前情報一覧,01,海貨,6FKAM,/predef/top.asp,::1
2021/01/12 16:39:18,b101,実搬出事前情報一覧,01,海貨,6FKAM,/predef/dmo010L.asp,::1
2021/01/12 16:40:05,b101,空搬出事前情報一覧,04,海貨,6FKAM,/predef/top.asp,::1
2021/01/12 16:40:05,b401,実搬入事前情報一覧,01,海貨,6FKAM,/predef/top.asp,::1
2021/01/12 16:40:09,b101,実搬出事前情報一覧,01,海貨,6FKAM,/predef/dmo010L.asp,::1
2021/01/12 16:40:30,b101,空搬出事前情報一覧,04,海貨,6FKAM,/predef/top.asp,::1
2021/01/12 16:40:30,b401,実搬入事前情報一覧,01,海貨,6FKAM,/predef/top.asp,::1
2021/01/12 16:40:34,b101,実搬出事前情報一覧,01,海貨,6FKAM,/predef/dmo010L.asp,::1
2021/01/12 16:40:57,b101,空搬出事前情報一覧,04,海貨,6FKAM,/predef/top.asp,::1
2021/01/12 16:40:57,b401,実搬入事前情報一覧,01,海貨,6FKAM,/predef/top.asp,::1
2021/01/12 16:41:02,b101,実搬出事前情報一覧,01,海貨,6FKAM,/predef/dmo010L.asp,::1
2021/01/12 16:41:17,b101,空搬出事前情報一覧,04,海貨,6FKAM,/predef/top.asp,::1
2021/01/12 16:41:17,b401,実搬入事前情報一覧,01,海貨,6FKAM,/predef/top.asp,::1
2021/01/12 16:41:21,b101,実搬出事前情報一覧,01,海貨,6FKAM,/predef/dmo010L.asp,::1
2021/01/12 16:41:47,b101,空搬出事前情報一覧,04,海貨,6FKAM,/predef/top.asp,::1
2021/01/12 16:41:47,b401,実搬入事前情報一覧,01,海貨,6FKAM,/predef/top.asp,::1
2021/01/12 16:41:53,b101,実搬出事前情報一覧,01,海貨,6FKAM,/predef/dmo010L.asp,::1
2021/01/12 16:44:29,b101,空搬出事前情報一覧,04,海貨,6FKAM,/predef/top.asp,::1
2021/01/12 16:44:29,b401,実搬入事前情報一覧,01,海貨,6FKAM,/predef/top.asp,::1
2021/01/12 16:44:33,b101,実搬出事前情報一覧,01,海貨,6FKAM,/predef/dmo010L.asp,::1
2021/01/12 16:45:31,b101,空搬出事前情報一覧,04,海貨,6FKAM,/predef/top.asp,::1
2021/01/12 16:45:31,b401,実搬入事前情報一覧,01,海貨,6FKAM,/predef/top.asp,::1
2021/01/12 16:45:34,b101,実搬出事前情報一覧,01,海貨,6FKAM,/predef/dmo010L.asp,::1
2021/01/12 16:47:33,b101,空搬出事前情報一覧,04,海貨,6FKAM,/predef/top.asp,::1
2021/01/12 16:47:33,b401,実搬入事前情報一覧,01,海貨,6FKAM,/predef/top.asp,::1
2021/01/12 16:47:37,b101,実搬出事前情報一覧,01,海貨,6FKAM,/predef/dmo010L.asp,::1
2021/01/12 16:48:55,b101,空搬出事前情報一覧,04,海貨,6FKAM,/predef/top.asp,::1
2021/01/12 16:48:55,b401,実搬入事前情報一覧,01,海貨,6FKAM,/predef/top.asp,::1
2021/01/12 16:49:03,b101,実搬出事前情報一覧,01,海貨,6FKAM,/predef/dmo010L.asp,::1
2021/01/12 16:58:22,b101,空搬出事前情報一覧,04,海貨,6FKAM,/predef/top.asp,::1
2021/01/12 16:58:22,b401,実搬入事前情報一覧,01,海貨,6FKAM,/predef/top.asp,::1
2021/01/12 16:58:26,b101,実搬出事前情報一覧,01,海貨,6FKAM,/predef/dmo010L.asp,::1
2021/01/12 17:01:23,b101,空搬出事前情報一覧,04,海貨,6FKAM,/predef/top.asp,::1
2021/01/12 17:01:23,b401,実搬入事前情報一覧,01,海貨,6FKAM,/predef/top.asp,::1
2021/01/12 17:01:26,b101,実搬出事前情報一覧,01,海貨,6FKAM,/predef/dmo010L.asp,::1
2021/01/12 17:02:46,b101,空搬出事前情報一覧,04,海貨,6FKAM,/predef/top.asp,::1
2021/01/12 17:02:46,b401,実搬入事前情報一覧,01,海貨,6FKAM,/predef/top.asp,::1
2021/01/12 17:02:51,b101,実搬出事前情報一覧,01,海貨,6FKAM,/predef/dmo010L.asp,::1
2021/01/12 17:05:15,b101,空搬出事前情報一覧,04,海貨,6FKAM,/predef/top.asp,::1
2021/01/12 17:05:15,b401,実搬入事前情報一覧,01,海貨,6FKAM,/predef/top.asp,::1
2021/01/12 17:05:19,b101,実搬出事前情報一覧,01,海貨,6FKAM,/predef/dmo010L.asp,::1
2021/01/12 17:06:10,b101,空搬出事前情報一覧,04,海貨,6FKAM,/predef/top.asp,::1
2021/01/12 17:06:10,b401,実搬入事前情報一覧,01,海貨,6FKAM,/predef/top.asp,::1
2021/01/12 17:06:15,b101,実搬出事前情報一覧,01,海貨,6FKAM,/predef/dmo010L.asp,::1
2021/01/12 17:07:09,b101,実搬出事前情報一覧,01,海貨,6FKAM,/predef/dmo010L.asp,::1
2021/01/12 17:12:06,b101,空搬出事前情報一覧,04,海貨,6FKAM,/predef/top.asp,::1
2021/01/12 17:12:06,b401,実搬入事前情報一覧,01,海貨,6FKAM,/predef/top.asp,::1
2021/01/12 17:12:10,b101,実搬出事前情報一覧,01,海貨,6FKAM,/predef/dmo010L.asp,::1
2021/01/12 17:12:27,b101,空搬出事前情報一覧,04,海貨,6FKAM,/predef/top.asp,::1
2021/01/12 17:12:27,b401,実搬入事前情報一覧,01,海貨,6FKAM,/predef/top.asp,::1
2021/01/12 17:12:30,b101,実搬出事前情報一覧,01,海貨,6FKAM,/predef/dmo010L.asp,::1
2021/01/12 17:13:51,b101,空搬出事前情報一覧,04,海貨,6FKAM,/predef/top.asp,::1
2021/01/12 17:13:51,b401,実搬入事前情報一覧,01,海貨,6FKAM,/predef/top.asp,::1
2021/01/12 17:13:57,b101,実搬出事前情報一覧,01,海貨,6FKAM,/predef/dmo010L.asp,::1
2021/01/12 17:14:53,b101,空搬出事前情報一覧,04,海貨,6FKAM,/predef/top.asp,::1
2021/01/12 17:14:53,b401,実搬入事前情報一覧,01,海貨,6FKAM,/predef/top.asp,::1
2021/01/12 17:14:57,b101,実搬出事前情報一覧,01,海貨,6FKAM,/predef/dmo010L.asp,::1
2021/01/12 17:19:14,b201,空搬入事前情報一覧,01,海貨,6FKAM,/predef/dmo110L.asp,::1
2021/01/12 17:19:17,b301,空搬出事前情報一覧,01,海貨,6FKAM,/predef/dmo210L.asp,::1
2021/01/12 17:19:19,b401,実搬入事前情報一覧,01,海貨,6FKAM,/predef/dmo310L.asp,::1
2021/01/12 17:19:32,b102,実搬出事前情報入力(共通),00,海貨,6FKAM,/predef/dmi010.asp,::1
2021/01/12 17:19:33,b202,空搬入事前情報入力,00,海貨,6FKAM,/predef/dmi110.asp,::1
2021/01/12 17:19:40,b202,空搬入事前情報入力,00,海貨,6FKAM,/predef/dmi110.asp,::1
2021/01/12 17:19:51,b202,空搬入事前情報入力,01,海貨,6FKAM,/predef/dmi115.asp,::1,'SKHU8704864',入力内容の正誤:0(正しい)
2021/01/12 17:20:05,b202,空搬入事前情報入力,02,海貨,6FKAM,/predef/dmi140.asp,::1
2021/01/12 17:20:06,b201,空搬入事前情報一覧,01,海貨,6FKAM,/predef/dmo110L.asp,::1
2021/01/12 17:20:38,b102,実搬出事前情報入力(共通),00,海貨,6FKAM,/predef/dmi010.asp,::1
2021/01/12 17:20:39,b202,空搬入事前情報入力,00,海貨,6FKAM,/predef/dmi110.asp,::1
2021/01/12 17:21:18,b202,空搬入事前情報入力,00,海貨,6FKAM,/predef/dmi110.asp,::1
2021/01/12 17:21:37,b202,空搬入事前情報入力,00,海貨,6FKAM,/predef/dmi110.asp,::1
2021/01/12 17:21:46,b202,空搬入事前情報入力,00,海貨,6FKAM,/predef/dmi110.asp,::1
2021/01/12 17:21:56,b202,空搬入事前情報入力,00,海貨,6FKAM,/predef/dmi110.asp,::1
2021/01/12 17:22:18,b202,空搬入事前情報入力,00,海貨,6FKAM,/predef/dmi110.asp,::1
2021/01/12 17:24:03,b202,空搬入事前情報入力,00,海貨,6FKAM,/predef/dmi110.asp,::1
2021/01/12 17:24:11,b202,空搬入事前情報入力,11,海貨,6FKAM,/predef/dmo120.asp,::1
2021/01/12 17:24:15,b201,空搬入事前情報一覧,01,海貨,6FKAM,/predef/dmo110L.asp,::1
2021/01/12 17:24:18,b101,実搬出事前情報一覧,01,海貨,6FKAM,/predef/dmo010L.asp,::1
2021/01/12 17:24:37,b202,空搬入事前情報入力,00,海貨,6FKAM,/predef/dmi110.asp,::1
2021/01/12 17:24:39,b202,空搬入事前情報入力,01,海貨,6FKAM,/predef/dmi115.asp,::1,'BSIU9636114',入力内容の正誤:0(正しい)
2021/01/12 17:27:20,b202,空搬入事前情報入力,02,海貨,6FKAM,/predef/dmi140.asp,::1
2021/01/12 17:27:21,b201,空搬入事前情報一覧,01,海貨,6FKAM,/predef/dmo110L.asp,::1
2021/01/12 17:33:28,b102,実搬出事前情報入力(共通),00,海貨,6FKAM,/predef/dmi010.asp,::1
2021/01/12 17:46:20,b301,空搬出事前情報一覧,01,海貨,6FKAM,/predef/dmo210L.asp,::1
2021/01/12 17:46:23,b301,空搬出事前情報一覧,01,海貨,6FKAM,/predef/dmo210L.asp,::1
2021/01/12 17:46:28,b301,空搬出事前情報一覧,03,海貨,6FKAM,/predef/dmo210L.asp,::1
2021/01/12 17:46:29,b301,空搬出事前情報一覧,07,海貨,6FKAM,/predef/dmo210L.asp,::1
2021/01/12 17:46:31,b201,空搬入事前情報一覧,02,海貨,6FKAM,/predef/dmo210L.asp,::1
2021/01/12 17:49:40,b101,空搬出事前情報一覧,04,海貨,6FKAM,/predef/top.asp,::1
2021/01/12 17:49:40,b401,実搬入事前情報一覧,01,海貨,6FKAM,/predef/top.asp,::1
2021/01/12 17:49:45,b301,空搬出事前情報一覧,01,海貨,6FKAM,/predef/dmo210L.asp,::1
2021/01/12 17:49:47,b201,空搬入事前情報一覧,02,海貨,6FKAM,/predef/dmo210L.asp,::1
2021/01/12 17:53:27,b101,空搬出事前情報一覧,04,海貨,6FKAM,/predef/top.asp,::1
2021/01/12 17:53:27,b401,実搬入事前情報一覧,01,海貨,6FKAM,/predef/top.asp,::1
2021/01/12 17:53:32,b301,空搬出事前情報一覧,01,海貨,6FKAM,/predef/dmo210L.asp,::1
2021/01/12 17:53:34,b201,空搬入事前情報一覧,02,海貨,6FKAM,/predef/dmo210L.asp,::1
2021/01/12 17:54:43,b000,ログイン,00,海貨,,/userchk.asp,::1,,
2021/01/12 17:54:54,b101,空搬出事前情報一覧,04,海貨,6AMKB,/predef/top.asp,::1
2021/01/12 17:54:54,b401,実搬入事前情報一覧,01,海貨,6AMKB,/predef/top.asp,::1
2021/01/12 17:54:58,b301,空搬出事前情報一覧,01,海貨,6AMKB,/predef/dmo210L.asp,::1
2021/01/12 17:55:06,b301,空搬出事前情報一覧,03,海貨,6AMKB,/predef/dmo210L.asp,::1
2021/01/12 17:55:08,b301,空搬出事前情報一覧,07,海貨,6AMKB,/predef/dmo210L.asp,::1
2021/01/12 17:55:09,b201,空搬入事前情報一覧,02,海貨,6AMKB,/predef/dmo210L.asp,::1
2021/01/12 17:55:43,b301,空搬出事前情報一覧,04,海貨,6AMKB,/predef/dmo210L.asp,::1
2021/01/12 17:56:34,b402,実搬入事前情報入力,01,海貨,6AMKB,/predef/dmi312.asp,::1,SITCT18501350,入力内容の正誤:0(正しい)
2021/01/12 17:56:34,b302,空搬出事前情報入力,11,海貨,6AMKB,/predef/dmo220.asp,::1
2021/01/12 17:58:20,b000,ログイン,00,,,/userchk.asp,::1,,
2021/01/12 17:58:33,b101,空搬出事前情報一覧,04,海貨,6AMKB,/predef/top.asp,::1
2021/01/12 17:58:33,b401,実搬入事前情報一覧,01,海貨,6AMKB,/predef/top.asp,::1
2021/01/12 17:58:49,b301,空搬出事前情報一覧,01,海貨,6AMKB,/predef/dmo210L.asp,::1
2021/01/12 17:58:53,b201,空搬入事前情報一覧,02,海貨,6AMKB,/predef/dmo210L.asp,::1
2021/01/12 17:58:59,b301,空搬出事前情報一覧,04,海貨,6AMKB,/predef/dmo210L.asp,::1
2021/01/12 17:59:12,b402,実搬入事前情報入力,01,海貨,6AMKB,/predef/dmi312.asp,::1,20170419,入力内容の正誤:0(正しい)
2021/01/12 17:59:12,b302,空搬出事前情報入力,11,海貨,6AMKB,/predef/dmo220.asp,::1
2021/01/12 18:01:40,b402,実搬入事前情報入力,01,海貨,6AMKB,/predef/dmi312.asp,::1,A078A00863,入力内容の正誤:0(正しい)
2021/01/12 18:01:40,b302,空搬出事前情報入力,11,海貨,6AMKB,/predef/dmo220.asp,::1
2021/01/12 18:02:01,b402,実搬入事前情報入力,01,海貨,6AMKB,/predef/dmi312.asp,::1,SITCT18501350,入力内容の正誤:0(正しい)
2021/01/12 18:02:01,b302,空搬出事前情報入力,11,海貨,6AMKB,/predef/dmo220.asp,::1
2021/01/12 18:02:10,b101,空搬出事前情報一覧,04,海貨,6AMKB,/predef/top.asp,::1
2021/01/12 18:02:10,b401,実搬入事前情報一覧,01,海貨,6AMKB,/predef/top.asp,::1
2021/01/12 18:02:13,b301,空搬出事前情報一覧,01,海貨,6AMKB,/predef/dmo210L.asp,::1
2021/01/12 18:02:16,b201,空搬入事前情報一覧,02,海貨,6AMKB,/predef/dmo210L.asp,::1
2021/01/12 18:02:30,b301,空搬出事前情報一覧,04,海貨,6AMKB,/predef/dmo210L.asp,::1
2021/01/12 18:02:49,b402,実搬入事前情報入力,01,海貨,6AMKB,/predef/dmi312.asp,::1,SITCT18501350,入力内容の正誤:0(正しい)
2021/01/12 18:02:49,b302,空搬出事前情報入力,11,海貨,6AMKB,/predef/dmo220.asp,::1
2021/01/12 18:03:23,b302,空搬出事前情報入力,12,海貨,6AMKB,/predef/dmi220.asp,::1
2021/01/12 18:03:38,b302,空搬出事前情報入力,13,海貨,6AMKB,/predef/dmi230.asp,::1,SITCT18501350/,入力内容の正誤:0(正しい)
2021/01/12 18:04:03,b302,空搬出事前情報入力,12,海貨,6AMKB,/predef/dmi220.asp,::1
2021/01/12 18:04:15,b402,実搬入事前情報入力,01,海貨,6AMKB,/predef/dmi312.asp,::1,SITCT18501350,入力内容の正誤:0(正しい)
2021/01/12 18:04:15,b302,空搬出事前情報入力,11,海貨,6AMKB,/predef/dmo220.asp,::1
2021/01/12 18:04:38,b302,空搬出事前情報入力,12,海貨,6AMKB,/predef/dmi220.asp,::1
2021/01/12 18:04:43,b302,空搬出事前情報入力,13,海貨,6AMKB,/predef/dmi230.asp,::1,SITCT18501350/,入力内容の正誤:0(正しい)
2021/01/12 18:04:51,b302,空搬出事前情報入力,12,海貨,6AMKB,/predef/dmi220.asp,::1
2021/01/12 18:04:56,b402,実搬入事前情報入力,01,海貨,6AMKB,/predef/dmi312.asp,::1,SITCT18501350,入力内容の正誤:0(正しい)
2021/01/12 18:04:57,b302,空搬出事前情報入力,11,海貨,6AMKB,/predef/dmo220.asp,::1
2021/01/12 18:05:14,b309,空搬出指示書印刷,01,海貨,6AMKB,/predef/dmo291.asp,::1
2021/01/12 18:05:34,b309,空搬出指示書印刷,02,海貨,6AMKB,/predef/dmo292.asp,::1
2021/01/12 18:07:03,b402,実搬入事前情報入力,01,海貨,6AMKB,/predef/dmi312.asp,::1,SITCT18501350,入力内容の正誤:0(正しい)
2021/01/12 18:07:04,b302,空搬出事前情報入力,11,海貨,6AMKB,/predef/dmo220.asp,::1
2021/01/12 18:07:06,b309,空搬出指示書印刷,01,海貨,6AMKB,/predef/dmo291.asp,::1
2021/01/12 18:07:09,b309,空搬出指示書印刷,02,海貨,6AMKB,/predef/dmo292.asp,::1
2021/01/12 18:08:39,b309,空搬出指示書印刷,02,海貨,6AMKB,/predef/dmo292.asp,::1
2021/01/12 18:09:23,b309,空搬出指示書印刷,01,海貨,6AMKB,/predef/dmo291.asp,::1
2021/01/12 18:09:32,b402,実搬入事前情報入力,01,海貨,6AMKB,/predef/dmi312.asp,::1,SITCT18501350,入力内容の正誤:0(正しい)
2021/01/12 18:09:32,b302,空搬出事前情報入力,11,海貨,6AMKB,/predef/dmo220.asp,::1
2021/01/12 18:09:35,b309,空搬出指示書印刷,01,海貨,6AMKB,/predef/dmo291.asp,::1
2021/01/12 18:09:50,b309,空搬出指示書印刷,01,海貨,6AMKB,/predef/dmo291.asp,::1
2021/01/12 18:10:44,b309,空搬出指示書印刷,02,海貨,6AMKB,/predef/dmo292.asp,::1
2021/01/12 18:10:55,b402,実搬入事前情報入力,01,海貨,6AMKB,/predef/dmi312.asp,::1,A077A20613,入力内容の正誤:0(正しい)
2021/01/12 18:10:56,b302,空搬出事前情報入力,11,海貨,6AMKB,/predef/dmo220.asp,::1
2021/01/12 18:10:59,b309,空搬出指示書印刷,01,海貨,6AMKB,/predef/dmo291.asp,::1
2021/01/12 18:11:03,b309,空搬出指示書印刷,02,海貨,6AMKB,/predef/dmo292.asp,::1
2021/01/12 18:11:24,b402,実搬入事前情報入力,01,海貨,6AMKB,/predef/dmi312.asp,::1,5138806030,入力内容の正誤:0(正しい)
2021/01/12 18:11:24,b302,空搬出事前情報入力,11,海貨,6AMKB,/predef/dmo220.asp,::1
2021/01/12 18:11:29,b302,空搬出事前情報入力,12,海貨,6AMKB,/predef/dmi220.asp,::1
2021/01/12 18:11:46,b302,空搬出事前情報入力,13,海貨,6AMKB,/predef/dmi230.asp,::1,5138806030/,入力内容の正誤:0(正しい)
2021/01/12 18:11:54,b301,空搬出事前情報一覧,01,海貨,6AMKB,/predef/dmo210L.asp,::1
