2021/01/07 08:44:53,c000,ログイン,00,,,/userchk.asp,::1,,
2021/01/07 08:48:42,b000,ログイン,00,海貨,6FKAM,/userchk.asp,::1,,
2021/01/07 08:51:59,c101,ステータス配信依頼中一覧,01,海貨,6FKAM,/SendStatus/sst100L.asp,::1
2021/01/07 08:52:09,c101,ステータス配信依頼中一覧,01,海貨,6FKAM,/SendStatus/sst100L.asp,::1
2021/01/07 08:54:20,c000,ログイン,00,,,/Userchk.asp,::1,,
2021/01/07 08:55:43,c000,ログイン,00,,,/Userchk.asp,::1,,
2021/01/07 08:56:05,c101,ステータス配信依頼中一覧,01,海貨,6FKAM,/SendStatus/sst100L.asp,::1
2021/01/07 08:56:12,c101,ステータス配信依頼中一覧,01,海貨,6FKAM,/SendStatus/sst100L.asp,::1
2021/01/07 08:56:40,c103,ステータス配信対象設定,01,海貨,6FKAM,/SendStatus/sst300.asp,::1
2021/01/07 08:56:45,c101,ステータス配信依頼中一覧,01,海貨,6FKAM,/SendStatus/sst100L.asp,::1
2021/01/07 09:00:55,c101,ステータス配信依頼中一覧,01,海貨,6FKAM,/SendStatus/sst100L.asp,::1
2021/01/07 09:01:31,b000,ログイン,00,海貨,6FKAM,/userchk.asp,::1,,
2021/01/07 09:04:26,c000,ログイン,00,,,/userchk.asp,::1,,
2021/01/07 09:04:49,c101,ステータス配信依頼中一覧,01,海貨,6FKAM,/SendStatus/sst100L.asp,::1
2021/01/07 09:05:01,c101,ステータス配信依頼中一覧,01,海貨,6FKAM,/SendStatus/sst100L.asp,::1
2021/01/07 09:05:19,c101,ステータス配信依頼中一覧,01,海貨,6FKAM,/SendStatus/sst100L.asp,::1
2021/01/07 09:05:23,c103,ステータス配信対象設定,01,海貨,6FKAM,/SendStatus/sst300.asp,::1
2021/01/07 09:06:03,c101,ステータス配信依頼中一覧,01,海貨,6FKAM,/SendStatus/sst100L.asp,::1
2021/01/07 09:06:07,c103,ステータス配信対象設定,01,海貨,6FKAM,/SendStatus/sst300.asp,::1
2021/01/07 09:14:41,c101,ステータス配信依頼中一覧,01,海貨,6FKAM,/SendStatus/sst100L.asp,::1
2021/01/07 09:15:13,c101,ステータス配信依頼中一覧,01,海貨,6FKAM,/SendStatus/sst100L.asp,::1
2021/01/07 09:15:15,c101,ステータス配信依頼中一覧,01,海貨,6FKAM,/SendStatus/sst100L.asp,::1
2021/01/07 09:15:16,c101,ステータス配信依頼中一覧,01,海貨,6FKAM,/SendStatus/sst100L.asp,::1
2021/01/07 09:15:16,c101,ステータス配信依頼中一覧,01,海貨,6FKAM,/SendStatus/sst100L.asp,::1
2021/01/07 09:19:44,b000,ログイン,00,海貨,6FKAM,/userchk.asp,::1,,
2021/01/07 09:19:56,c101,ステータス配信依頼中一覧,01,陸運,YYY,/SendStatus/sst100L.asp,::1
2021/01/07 10:29:16,c000,ログイン,00,,,/userchk.asp,::1,,
2021/01/07 10:29:33,c101,ステータス配信依頼中一覧,01,陸運,YYY,/SendStatus/sst100L.asp,::1
2021/01/07 10:30:49,c000,ログイン,00,,,/userchk.asp,::1,,
2021/01/07 10:31:00,c101,ステータス配信依頼中一覧,01,海貨,6FKAM,/SendStatus/sst100L.asp,::1
2021/01/07 10:36:17,c101,ステータス配信依頼中一覧,01,海貨,6FKAM,/SendStatus/sst100L.asp,::1
2021/01/07 10:36:57,c103,ステータス配信対象設定,01,海貨,6FKAM,/SendStatus/sst300.asp,::1
2021/01/07 11:05:27,b000,ログイン,00,,,/userchk.asp,::1,,
2021/01/07 11:06:04,b000,ログイン,00,,,/userchk.asp,::1,,
2021/01/07 11:08:28,c000,ログイン,00,,,/userchk.asp,::1,,
2021/01/07 11:08:53,c101,ステータス配信依頼中一覧,01,海貨,6AMKB,/SendStatus/sst100L.asp,::1
2021/01/07 11:09:25,2001,輸入コンテナ照会,12,海貨,6AMKB,/impcntnr.asp,::1,KKLUUS3050255,入力内容の正誤:0(正しい)
2021/01/07 11:09:53,2001,輸入コンテナ照会,12,海貨,6AMKB,/impcntnr.asp,::1,KKLUUS3050255,入力内容の正誤:0(正しい)
2021/01/07 11:16:56,c101,ステータス配信依頼中一覧,01,海貨,6AMKB,/SendStatus/sst100L.asp,::1
2021/01/07 11:26:07,b000,ログイン,00,,,/userchk.asp,::1,,
2021/01/07 11:26:19,c101,ステータス配信依頼中一覧,01,海貨,6AMKB,/SendStatus/sst100L.asp,::1
2021/01/07 11:26:48,2001,輸入コンテナ照会,12,海貨,6AMKB,/impcntnr.asp,::1,31VTGQD807HT201,入力内容の正誤:0(正しい)
2021/01/07 11:26:48,2006,輸入コンテナ照会-単独コンテナ,00,海貨,6AMKB,/impdetail.asp,::1,DVDU2007635,
2021/01/07 11:26:58,2001,輸入コンテナ照会,12,海貨,6AMKB,/impcntnr.asp,::1,31VTGQD807HT201,入力内容の正誤:0(正しい)
2021/01/07 11:26:58,2006,輸入コンテナ照会-単独コンテナ,00,海貨,6AMKB,/impdetail.asp,::1,DVDU2007635,
2021/01/07 11:27:03,2001,輸入コンテナ照会,12,海貨,6AMKB,/impcntnr.asp,::1,MAEU963453625,入力内容の正誤:0(正しい)
2021/01/07 11:27:07,2001,輸入コンテナ照会,12,海貨,6AMKB,/impcntnr.asp,::1,31VTGQD807HT201,入力内容の正誤:0(正しい)
2021/01/07 11:27:07,2006,輸入コンテナ照会-単独コンテナ,00,海貨,6AMKB,/impdetail.asp,::1,DVDU2007635,
2021/01/07 11:27:52,2001,輸入コンテナ照会,00,海貨,6AMKB,/impentry.asp,::1,,
2021/01/07 11:28:37,2001,輸入コンテナ照会,12,海貨,6AMKB,/impcntnr.asp,::1,EGLV456742362346,入力内容の正誤:0(正しい)
2021/01/07 11:28:37,2002,輸入コンテナ照会-複数コンテナ,00,海貨,6AMKB,/implist.asp,::1,,
2021/01/07 11:28:50,2001,輸入コンテナ照会,12,海貨,6AMKB,/impcntnr.asp,::1,KKLUUS3050255,入力内容の正誤:0(正しい)
2021/01/07 11:28:50,2002,輸入コンテナ照会-複数コンテナ,00,海貨,6AMKB,/implist.asp,::1,,
2021/01/07 11:36:17,2001,輸入コンテナ照会,12,海貨,6AMKB,/impcntnr.asp,::1,KKLUUS3050255,入力内容の正誤:0(正しい)
2021/01/07 11:36:17,2002,輸入コンテナ照会-複数コンテナ,00,海貨,6AMKB,/implist.asp,::1,,
2021/01/07 11:36:31,2006,輸入コンテナ照会-単独コンテナ,00,海貨,6AMKB,/impdetail.asp,::1,DFSU7438230,
2021/01/07 11:36:40,c101,ステータス配信依頼中一覧,01,海貨,6AMKB,/SendStatus/sst100L.asp,::1
2021/01/07 13:52:23,c000,ログイン,00,,,/Userchk.asp,::1,,
2021/01/07 13:52:54,c101,ステータス配信依頼中一覧,01,海貨,6AMKB,/SendStatus/sst100L.asp,::1
2021/01/07 13:55:09,c103,ステータス配信対象設定,01,海貨,6AMKB,/SendStatus/sst300.asp,::1
2021/01/07 13:56:52,2001,輸入コンテナ照会,12,海貨,6AMKB,/impcntnr.asp,::1,KKLUUS3050255,入力内容の正誤:0(正しい)
2021/01/07 13:56:52,2002,輸入コンテナ照会-複数コンテナ,00,海貨,6AMKB,/implist.asp,::1,,
2021/01/07 13:58:41,2001,輸入コンテナ照会,12,海貨,6AMKB,/impcntnr.asp,::1,31VTGQD807HT201,入力内容の正誤:0(正しい)
2021/01/07 13:58:41,2006,輸入コンテナ照会-単独コンテナ,00,海貨,6AMKB,/impdetail.asp,::1,DVDU2007635,
2021/01/07 13:59:13,2001,輸入コンテナ照会,12,海貨,6AMKB,/impcntnr.asp,::1,MAEU963453625,入力内容の正誤:0(正しい)
2021/01/07 13:59:13,2002,輸入コンテナ照会-複数コンテナ,00,海貨,6AMKB,/implist.asp,::1,,
2021/01/07 13:59:22,2001,輸入コンテナ照会,12,海貨,6AMKB,/impcntnr.asp,::1,MAEU963453625,入力内容の正誤:0(正しい)
2021/01/07 13:59:22,2002,輸入コンテナ照会-複数コンテナ,00,海貨,6AMKB,/implist.asp,::1,,
2021/01/07 14:04:16,c101,ステータス配信依頼中一覧,01,海貨,6AMKB,/SendStatus/sst100L.asp,::1
2021/01/07 14:06:38,2001,輸入コンテナ照会,12,海貨,6AMKB,/impcntnr.asp,::1,KKLUUS3050255,入力内容の正誤:0(正しい)
2021/01/07 14:06:38,2002,輸入コンテナ照会-複数コンテナ,00,海貨,6AMKB,/implist.asp,::1,,
2021/01/07 14:07:15,2004,輸入コンテナ照会-搬入までの位置情報,00,海貨,6AMKB,/implist1.asp,::1,,
2021/01/07 14:07:21,2002,輸入コンテナ照会-複数コンテナ,00,海貨,6AMKB,/implist.asp,::1,,
2021/01/07 14:07:23,2005,輸入コンテナ照会-搬出後の位置情報＆基本情報,00,海貨,6AMKB,/implist2.asp,::1,,
2021/01/07 14:07:24,2002,輸入コンテナ照会-複数コンテナ,00,海貨,6AMKB,/implist.asp,::1,,
2021/01/07 14:07:27,2001,輸入コンテナ照会,00,海貨,6AMKB,/impentry.asp,::1,,
2021/01/07 14:36:16,c000,ログイン,00,,,/Userchk.asp,::1,,
2021/01/07 14:36:30,c101,ステータス配信依頼中一覧,01,海貨,6AMKB,/SendStatus/sst100L.asp,::1
2021/01/07 14:36:39,c101,ステータス配信依頼中一覧,01,海貨,6AMKB,/SendStatus/sst100L.asp,::1
2021/01/07 14:47:25,c103,ステータス配信対象設定,01,海貨,6AMKB,/SendStatus/sst300.asp,::1
2021/01/07 14:48:27,c103,ステータス配信対象設定,01,海貨,6AMKB,/SendStatus/sst300.asp,::1
2021/01/07 14:48:48,c103,ステータス配信対象設定,01,海貨,6AMKB,/SendStatus/sst300.asp,::1
2021/01/07 14:49:02,c103,ステータス配信対象設定,01,海貨,6AMKB,/SendStatus/sst300.asp,::1
2021/01/07 14:49:03,c103,ステータス配信対象設定,01,海貨,6AMKB,/SendStatus/sst300.asp,::1
2021/01/07 14:49:18,c103,ステータス配信対象設定,01,海貨,6AMKB,/SendStatus/sst300.asp,::1
2021/01/07 14:49:37,c103,ステータス配信対象設定,01,海貨,6AMKB,/SendStatus/sst300.asp,::1
2021/01/07 14:49:56,c103,ステータス配信対象設定,01,海貨,6AMKB,/SendStatus/sst300.asp,::1
2021/01/07 14:50:07,c103,ステータス配信対象設定,01,海貨,6AMKB,/SendStatus/sst300.asp,::1
2021/01/07 14:50:08,c103,ステータス配信対象設定,01,海貨,6AMKB,/SendStatus/sst300.asp,::1
2021/01/07 14:50:37,c103,ステータス配信対象設定,01,海貨,6AMKB,/SendStatus/sst300.asp,::1
2021/01/07 15:09:21,c101,ステータス配信依頼中一覧,01,海貨,6AMKB,/SendStatus/sst100L.asp,::1
2021/01/07 15:12:54,2001,輸入コンテナ照会,12,海貨,6AMKB,/impcntnr.asp,::1,31VTGQD807HT202,入力内容の正誤:0(正しい)
2021/01/07 15:12:54,2006,輸入コンテナ照会-単独コンテナ,00,海貨,6AMKB,/impdetail.asp,::1,TGHU6553572,
2021/01/07 15:14:01,2001,輸入コンテナ照会,11,海貨,6AMKB,/impcntnr.asp,::1,APLU08668310,入力内容の正誤:1(誤り)
2021/01/07 15:14:24,2001,輸入コンテナ照会,12,海貨,6AMKB,/impcntnr.asp,::1,KKLUUS3050255,入力内容の正誤:0(正しい)
2021/01/07 15:14:24,2002,輸入コンテナ照会-複数コンテナ,00,海貨,6AMKB,/implist.asp,::1,,
2021/01/07 15:17:07,2001,輸入コンテナ照会,12,海貨,6AMKB,/impcntnr.asp,::1,EGLV456742362346,入力内容の正誤:0(正しい)
2021/01/07 15:17:07,2002,輸入コンテナ照会-複数コンテナ,00,海貨,6AMKB,/implist.asp,::1,,
2021/01/07 15:32:38,b000,ログイン,00,,,/userchk.asp,::1,,
2021/01/07 15:32:51,c101,ステータス配信依頼中一覧,01,海貨,6AMKB,/SendStatus/sst100L.asp,::1
2021/01/07 15:36:06,c103,ステータス配信対象設定,01,海貨,6AMKB,/SendStatus/sst300.asp,::1
2021/01/07 15:36:48,c103,ステータス配信対象設定,01,海貨,6AMKB,/SendStatus/sst300.asp,::1
2021/01/07 15:54:58,b000,ログイン,00,,,/userchk.asp,::1,,
2021/01/07 15:55:10,b101,空搬出事前情報一覧,04,海貨,6AMKB,/predef/top.asp,::1
2021/01/07 15:55:21,b401,実搬入事前情報一覧,01,海貨,6AMKB,/predef/top.asp,::1
2021/01/07 15:56:33,b101,空搬出事前情報一覧,04,海貨,6AMKB,/predef/top.asp,::1
2021/01/07 15:56:33,b401,実搬入事前情報一覧,01,海貨,6AMKB,/predef/top.asp,::1
2021/01/07 16:38:30,b000,ログイン,00,,,/userchk.asp,::1,,
2021/01/07 16:38:35,b000,ログイン,00,,,/userchk.asp,::1,,
2021/01/07 16:41:16,b101,空搬出事前情報一覧,04,海貨,6AMKB,/predef/top.asp,::1
2021/01/07 16:41:16,b401,実搬入事前情報一覧,01,海貨,6AMKB,/predef/top.asp,::1
2021/01/07 16:41:21,b101,空搬出事前情報一覧,04,海貨,6AMKB,/predef/top.asp,::1
2021/01/07 16:41:21,b401,実搬入事前情報一覧,01,海貨,6AMKB,/predef/top.asp,::1
2021/01/07 16:41:23,b101,実搬出事前情報一覧,01,海貨,6AMKB,/predef/dmo010L.asp,::1
2021/01/07 16:41:24,b201,空搬入事前情報一覧,01,海貨,6AMKB,/predef/dmo110L.asp,::1
2021/01/07 16:41:25,b301,空搬出事前情報一覧,01,海貨,6AMKB,/predef/dmo210L.asp,::1
2021/01/07 16:41:26,b401,実搬入事前情報一覧,01,海貨,6AMKB,/predef/dmo310L.asp,::1
2021/01/07 16:41:28,b102,実搬出事前情報入力(共通),00,海貨,6AMKB,/predef/dmi010.asp,::1
2021/01/07 16:41:31,b102,実搬出事前情報入力(共通),00,海貨,6AMKB,/predef/dmi010.asp,::1
2021/01/07 16:41:32,b202,空搬入事前情報入力,00,海貨,6AMKB,/predef/dmi110.asp,::1
2021/01/07 16:41:33,b302,空搬出事前情報入力,01,海貨,6AMKB,/predef/dmi210.asp,::1
2021/01/07 16:48:29,1001,輸出コンテナ照会,00,海貨,6AMKB,/expentry.asp,::1,,
2021/01/07 16:48:47,b000,ログイン,00,海貨,6AMKB,/userchk.asp,::1,,
2021/01/07 16:49:41,b000,ログイン,00,,,/userchk.asp,::1,,
2021/01/07 16:49:49,b101,空搬出事前情報一覧,04,海貨,6AFTR,/predef/top.asp,::1
2021/01/07 16:49:49,b401,実搬入事前情報一覧,01,海貨,6AFTR,/predef/top.asp,::1
2021/01/07 16:50:04,1001,輸出コンテナ照会,00,海貨,6AFTR,/expentry.asp,::1,,
