2021/01/05 10:18:07,1001,輸出コンテナ照会,00,,,/expentry.asp,::1,,
2021/01/05 10:19:22,1001,輸出コンテナ照会,11,,,/expcntnr.asp,::1,FYTU2334999,入力内容の正誤:1(誤り)
2021/01/05 10:21:21,2001,輸入コンテナ照会,00,,,/impentry.asp,::1,,
2021/01/05 10:21:30,b000,ログイン,00,,,/userchk.asp,::1,,
2021/01/05 10:22:54,b000,ログイン,00,,,/userchk.asp,::1,,
2021/01/05 10:34:44,b000,ログイン,00,,,/userchk.asp,::1,,
2021/01/05 10:34:47,b000,ログイン,00,,,/userchk.asp,::1,,
2021/01/05 11:06:53,1001,輸出コンテナ照会,00,,,/expentry.asp,::1,,
2021/01/05 11:07:13,b000,ログイン,00,,,/userchk.asp,::1,,
2021/01/05 11:17:48,b000,ログイン,00,,,/userchk.asp,127.0.0.1,,
2021/01/05 11:21:40,b000,ログイン,00,,,/userchk.asp,::1,,
2021/01/05 11:22:19,c000,ログイン,00,,,/userchk.asp,::1,,
2021/01/05 11:22:59,b000,ログイン,00,,,/userchk.asp,127.0.0.1,,
2021/01/05 11:23:13,b000,ログイン,10,,,/userchk.asp,127.0.0.1,1ACWH,入力内容の正誤:1(誤り)2
2021/01/05 11:23:52,c000,ログイン,10,,,/userchk.asp,::1,1ACWH,入力内容の正誤:1(誤り)2
2021/01/05 11:36:32,b000,ログイン,10,,,/userchk.asp,127.0.0.1,1ACWH,入力内容の正誤:1(誤り)3
2021/01/05 11:38:21,b000,ログイン,10,,,/userchk.asp,127.0.0.1,1ACWH,入力内容の正誤:1(誤り)4
2021/01/05 11:44:42,1001,輸出コンテナ照会,00,,,/expentry.asp,::1,,
2021/01/05 11:45:27,b000,ログイン,00,,,/userchk.asp,::1,,
2021/01/05 11:45:30,2001,輸入コンテナ照会,00,,,/impentry.asp,::1,,
2021/01/05 11:45:37,d101,着離岸情報照会,01,,,/arvdepinfo.asp,::1,,
2021/01/05 11:45:46,c000,ログイン,00,,,/userchk.asp,::1,,
2021/01/05 11:45:49,8001,ゲート前映像・混雑状況照会-ゲート内所要時間,00,,,/terminal.asp,::1,,
2021/01/05 11:45:53,8002,ゲート前映像・混雑状況照会-ゲート周辺簡易地図,00,,,/camera.asp,::1,,
2021/01/05 11:45:59,8006,ゲート前映像・混雑状況照会-ICCTゲート周辺簡易地図,00,,,/camera.icct.asp,::1,,
2021/01/05 11:46:04,2001,輸入コンテナ照会,00,,,/impentry.asp,::1,,
2021/01/05 11:46:08,d101,着離岸情報照会,01,,,/arvdepinfo.asp,::1,,
2021/01/05 11:47:29,d101,着離岸情報照会,02,,,/arvdep_list.asp,::1,,
2021/01/05 11:47:37,d101,着離岸情報照会,02,,,/arvdep_list.asp,::1,,
2021/01/05 12:24:14,2001,輸入コンテナ照会,00,,,/impentry.asp,127.0.0.1,,
2021/01/05 12:24:19,b000,ログイン,00,,,/userchk.asp,127.0.0.1,,
2021/01/05 12:24:32,b000,ログイン,00,,,/userchk.asp,::1,,
2021/01/05 12:24:39,1001,輸出コンテナ照会,00,,,/expentry.asp,::1,,
2021/01/05 12:25:02,b000,ログイン,00,,,/userchk.asp,::1,,
2021/01/05 12:26:35,b000,ログイン,00,,,/userchk.asp,::1,,
2021/01/05 12:26:45,2001,輸入コンテナ照会,00,,,/impentry.asp,::1,,
2021/01/05 12:26:52,8001,ゲート前映像・混雑状況照会-ゲート内所要時間,00,,,/terminal.asp,::1,,
2021/01/05 12:26:56,d101,着離岸情報照会,01,,,/arvdepinfo.asp,::1,,
2021/01/05 12:27:09,8001,ゲート前映像・混雑状況照会-ゲート内所要時間,00,,,/terminal.asp,::1,,
2021/01/05 12:34:17,d101,着離岸情報照会,01,,,/arvdepinfo.asp,::1,,
2021/01/05 12:39:35,b000,ログイン,00,,,/userchk.asp,::1,,
2021/01/05 12:40:59,b000,ログイン,00,,,/userchk.asp,::1,,
2021/01/05 12:42:39,b000,ログイン,00,,,/userchk.asp,::1,,
2021/01/05 12:46:00,b000,ログイン,00,,,/userchk.asp,::1,,
2021/01/05 13:35:12,b000,ログイン,00,,,/userchk.asp,::1,,
2021/01/05 13:35:25,1001,輸出コンテナ照会,00,,,/expentry.asp,::1,,
2021/01/05 13:35:33,c000,ログイン,00,,,/userchk.asp,::1,,
2021/01/05 13:54:55,b000,ログイン,00,,,/userchk.asp,::1,,
2021/01/05 13:56:11,2001,輸入コンテナ照会,00,陸運,YYY,/impentry.asp,::1,,
2021/01/05 13:56:24,b000,ログイン,00,,,/userchk.asp,::1,,
2021/01/05 13:56:37,b000,ログイン,10,,,/userchk.asp,::1,1ACWH,入力内容の正誤:1(誤り)2
2021/01/05 13:56:45,b000,ログイン,10,,,/userchk.asp,::1,1ACWH,入力内容の正誤:1(誤り)3
2021/01/05 13:56:47,b000,ログイン,10,,,/userchk.asp,::1,1ACWH,入力内容の正誤:1(誤り)4
2021/01/05 13:57:42,b000,ログイン,00,,,/userchk.asp,::1,,
2021/01/05 13:58:51,b000,ログイン,10,,,/userchk.asp,::1,1ACWH,入力内容の正誤:1(誤り)2
2021/01/05 13:59:02,b000,ログイン,10,,,/userchk.asp,::1,1ACWH,入力内容の正誤:1(誤り)3
2021/01/05 13:59:07,b000,ログイン,10,,,/userchk.asp,::1,1ACWH,入力内容の正誤:1(誤り)4
2021/01/05 14:00:56,b000,ログイン,00,,,/userchk.asp,127.0.0.1,,
2021/01/05 14:01:13,b000,ログイン,10,,,/userchk.asp,127.0.0.1,1ACWH,入力内容の正誤:1(誤り)2
2021/01/05 14:01:21,b000,ログイン,10,,,/userchk.asp,127.0.0.1,1ACWH,入力内容の正誤:1(誤り)3
2021/01/05 14:01:23,b000,ログイン,10,,,/userchk.asp,127.0.0.1,1ACWH,入力内容の正誤:1(誤り)4
2021/01/05 14:03:32,b000,ログイン,00,陸運,YYY,/userchk.asp,::1,,
2021/01/05 14:05:39,,ログイン,,,,/userchk.asp,127.0.0.1,1ACWH,入力内容の正誤:1(誤り)1
2021/01/05 14:16:46,b000,ログイン,00,,,/userchk.asp,::1,,
2021/01/05 16:34:47,b000,ログイン,00,,,/userchk.asp,::1,,
2021/01/05 16:35:26,1001,輸出コンテナ照会,00,海貨,1ACWH,/expentry.asp,::1,,
2021/01/05 16:36:10,b000,ログイン,00,,,/userchk.asp,::1,,
2021/01/05 16:37:26,b000,ログイン,00,海貨,1ACWH,/userchk.asp,::1,,
2021/01/05 16:37:46,b000,ログイン,00,海貨,1ACWH,/userchk.asp,::1,,
2021/01/05 16:39:19,b000,ログイン,00,海貨,1ACWH,/userchk.asp,::1,,
2021/01/05 16:40:08,d101,着離岸情報照会,01,陸運,YYY,/arvdepinfo.asp,::1,,
2021/01/05 16:40:14,2001,輸入コンテナ照会,00,陸運,YYY,/impentry.asp,::1,,
2021/01/05 16:47:50,b000,ログイン,00,陸運,YYY,/userchk.asp,::1,,
2021/01/05 16:48:44,b000,ログイン,00,海貨,6FKAM,/userchk.asp,::1,,
2021/01/05 16:49:45,b000,ログイン,00,海貨,6FKAM,/userchk.asp,::1,,
2021/01/05 16:50:05,b000,ログイン,00,海貨,6FKAM,/userchk.asp,::1,,
2021/01/05 16:50:16,b000,ログイン,00,海貨,6FKAM,/userchk.asp,::1,,
2021/01/05 16:50:49,b000,ログイン,00,,,/userchk.asp,::1,,
2021/01/05 16:51:02,b000,ログイン,00,海貨,6FKAM,/userchk.asp,::1,,
2021/01/05 16:53:45,b000,ログイン,00,海貨,6FKAM,/userchk.asp,::1,,
2021/01/05 16:53:46,b000,ログイン,00,海貨,6FKAM,/userchk.asp,::1,,
2021/01/05 16:53:59,b000,ログイン,00,海貨,6FKAM,/userchk.asp,::1,,
2021/01/05 17:00:06,b000,ログイン,00,,,/userchk.asp,::1,,
2021/01/05 17:34:47,b000,ログイン,00,,,/userchk.asp,::1,,
2021/01/05 17:36:47,b000,ログイン,00,海貨,6FKAM,/userchk.asp,::1,,
2021/01/05 17:40:06,b000,ログイン,00,海貨,6FKAM,/userchk.asp,::1,,
2021/01/05 17:40:09,b000,ログイン,10,海貨,6FKAM,/userchk.asp,::1,QWE,入力内容の正誤:1(誤り)2
2021/01/05 17:40:13,b000,ログイン,10,海貨,6FKAM,/userchk.asp,::1,QWE,入力内容の正誤:1(誤り)3
2021/01/05 17:40:15,b000,ログイン,10,海貨,6FKAM,/userchk.asp,::1,QWE,入力内容の正誤:1(誤り)4
