2021/01/13 14:32:06,b000,ログイン,00,,,/userchk.asp,::1,,
2021/01/13 14:56:00,b101,空搬出事前情報一覧,04,海貨,6FKAM,/predef/top.asp,::1
2021/01/13 14:56:08,b401,実搬入事前情報一覧,01,海貨,6FKAM,/predef/top.asp,::1
2021/01/13 14:57:39,b101,実搬出事前情報一覧,01,海貨,6FKAM,/predef/dmo010L.asp,::1
2021/01/13 14:58:00,b101,空搬出事前情報一覧,04,海貨,6FKAM,/predef/top.asp,::1
2021/01/13 14:58:05,b401,実搬入事前情報一覧,01,海貨,6FKAM,/predef/top.asp,::1
2021/01/13 14:58:26,b000,ログイン,00,海貨,,/userchk.asp,::1,,
2021/01/13 14:58:37,b101,空搬出事前情報一覧,04,海貨,6AFTR,/predef/top.asp,::1
2021/01/13 14:58:37,b401,実搬入事前情報一覧,01,海貨,6AFTR,/predef/top.asp,::1
2021/01/13 15:04:19,b101,空搬出事前情報一覧,04,海貨,6AFTR,/predef/top.asp,::1
2021/01/13 15:04:19,b401,実搬入事前情報一覧,01,海貨,6AFTR,/predef/top.asp,::1
2021/01/13 15:04:34,b101,空搬出事前情報一覧,04,海貨,6AFTR,/predef/top.asp,::1
2021/01/13 15:04:34,b401,実搬入事前情報一覧,01,海貨,6AFTR,/predef/top.asp,::1
2021/01/13 15:04:34,b101,空搬出事前情報一覧,04,海貨,6AFTR,/predef/top.asp,::1
2021/01/13 15:04:34,b401,実搬入事前情報一覧,01,海貨,6AFTR,/predef/top.asp,::1
2021/01/13 15:07:37,d101,着離岸情報照会,01,海貨,6AFTR,/arvdepinfo.asp,::1,,
2021/01/13 15:13:43,b101,空搬出事前情報一覧,04,海貨,6AFTR,/predef/top.asp,::1
2021/01/13 15:13:43,b401,実搬入事前情報一覧,01,海貨,6AFTR,/predef/top.asp,::1
2021/01/13 15:18:53,b101,空搬出事前情報一覧,04,海貨,6AFTR,/predef/top.asp,::1
2021/01/13 15:18:53,b401,実搬入事前情報一覧,01,海貨,6AFTR,/predef/top.asp,::1
2021/01/13 15:45:10,b101,空搬出事前情報一覧,04,海貨,6AFTR,/predef/top.asp,::1
2021/01/13 15:45:11,b401,実搬入事前情報一覧,01,海貨,6AFTR,/predef/top.asp,::1
2021/01/13 15:45:20,b102,実搬出事前情報入力(共通),00,海貨,6AFTR,/predef/dmi010.asp,::1
2021/01/13 15:45:34,b103,実搬出事前情報入力(指定あり),00,海貨,6AFTR,/predef/dmi015.asp,::1,'EMCU5305946',入力内容の正誤:0(正しい)
2021/01/13 15:48:22,b202,空搬入事前情報入力,00,海貨,6AFTR,/predef/dmi110.asp,::1
2021/01/13 15:51:06,b101,実搬出事前情報一覧,01,海貨,6AFTR,/predef/dmo010L.asp,::1
2021/01/13 15:51:13,b000,ログイン,00,海貨,,/userchk.asp,::1,,
2021/01/13 15:51:18,b101,空搬出事前情報一覧,04,海貨,6FKAM,/predef/top.asp,::1
2021/01/13 15:51:18,b401,実搬入事前情報一覧,01,海貨,6FKAM,/predef/top.asp,::1
2021/01/13 15:52:03,b101,実搬出事前情報一覧,01,海貨,6FKAM,/predef/dmo010L.asp,::1
2021/01/13 15:54:27,b000,ログイン,00,,,/userchk.asp,::1,,
2021/01/13 15:54:34,b101,空搬出事前情報一覧,04,海貨,6FKAM,/predef/top.asp,::1
2021/01/13 15:54:34,b401,実搬入事前情報一覧,01,海貨,6FKAM,/predef/top.asp,::1
2021/01/13 15:54:47,b101,実搬出事前情報一覧,01,海貨,6FKAM,/predef/dmo010L.asp,::1
2021/01/13 15:59:22,b107,実搬出事前情報一覧,01,海貨,6FKAM,/predef/dmo010L.asp,::1
2021/01/13 15:59:22,b101,実搬出事前情報一覧,01,海貨,6FKAM,/predef/dmo010L.asp,::1
2021/01/13 16:00:04,b101,空搬出事前情報一覧,04,海貨,6FKAM,/predef/top.asp,::1
2021/01/13 16:00:04,b401,実搬入事前情報一覧,01,海貨,6FKAM,/predef/top.asp,::1
2021/01/13 16:01:39,b101,空搬出事前情報一覧,04,海貨,6FKAM,/predef/top.asp,::1
2021/01/13 16:01:39,b401,実搬入事前情報一覧,01,海貨,6FKAM,/predef/top.asp,::1
2021/01/13 16:02:16,b101,空搬出事前情報一覧,04,海貨,6FKAM,/predef/top.asp,::1
2021/01/13 16:02:16,b401,実搬入事前情報一覧,01,海貨,6FKAM,/predef/top.asp,::1
2021/01/13 16:02:34,b101,空搬出事前情報一覧,04,海貨,6FKAM,/predef/top.asp,::1
2021/01/13 16:02:34,b401,実搬入事前情報一覧,01,海貨,6FKAM,/predef/top.asp,::1
2021/01/13 16:02:47,b101,空搬出事前情報一覧,04,海貨,6FKAM,/predef/top.asp,::1
2021/01/13 16:02:47,b401,実搬入事前情報一覧,01,海貨,6FKAM,/predef/top.asp,::1
2021/01/13 16:03:04,b101,空搬出事前情報一覧,04,海貨,6FKAM,/predef/top.asp,::1
2021/01/13 16:03:04,b401,実搬入事前情報一覧,01,海貨,6FKAM,/predef/top.asp,::1
2021/01/13 16:03:16,b101,空搬出事前情報一覧,04,海貨,6FKAM,/predef/top.asp,::1
2021/01/13 16:03:16,b401,実搬入事前情報一覧,01,海貨,6FKAM,/predef/top.asp,::1
2021/01/13 16:08:25,b101,空搬出事前情報一覧,04,海貨,6FKAM,/predef/top.asp,::1
2021/01/13 16:08:25,b401,実搬入事前情報一覧,01,海貨,6FKAM,/predef/top.asp,::1
2021/01/13 16:08:42,b101,空搬出事前情報一覧,04,海貨,6FKAM,/predef/top.asp,::1
2021/01/13 16:08:42,b401,実搬入事前情報一覧,01,海貨,6FKAM,/predef/top.asp,::1
2021/01/13 16:08:55,b101,空搬出事前情報一覧,04,海貨,6FKAM,/predef/top.asp,::1
2021/01/13 16:08:55,b401,実搬入事前情報一覧,01,海貨,6FKAM,/predef/top.asp,::1
2021/01/13 16:58:46,b000,ログイン,00,,,/Userchk.asp,::1,,
2021/01/13 16:58:53,b101,空搬出事前情報一覧,04,海貨,6FKAM,/predef/top.asp,::1
2021/01/13 16:58:59,b401,実搬入事前情報一覧,01,海貨,6FKAM,/predef/top.asp,::1
2021/01/13 17:04:34,b302,空搬出事前情報入力,01,海貨,6FKAM,/predef/dmi210.asp,::1
2021/01/13 17:05:41,b101,空搬出事前情報一覧,04,海貨,6FKAM,/predef/top.asp,::1
2021/01/13 17:05:42,b401,実搬入事前情報一覧,01,海貨,6FKAM,/predef/top.asp,::1
2021/01/13 17:05:55,b302,空搬出事前情報入力,01,海貨,6FKAM,/predef/dmi210.asp,::1
2021/01/13 17:06:12,b302,空搬出事前情報入力,01,海貨,6FKAM,/predef/dmi210.asp,::1
2021/01/13 17:06:21,b101,空搬出事前情報一覧,04,海貨,6FKAM,/predef/top.asp,::1
2021/01/13 17:06:21,b401,実搬入事前情報一覧,01,海貨,6FKAM,/predef/top.asp,::1
2021/01/13 17:06:28,b302,空搬出事前情報入力,01,海貨,6FKAM,/predef/dmi210.asp,::1
2021/01/13 17:07:11,b402,実搬入事前情報入力,01,海貨,6FKAM,/predef/dmi312.asp,::1,123123123,入力内容の正誤:1(誤り)
2021/01/13 17:08:56,b301,空搬出事前情報一覧,01,海貨,6FKAM,/predef/dmo210L.asp,::1
2021/01/13 17:09:01,b201,空搬入事前情報一覧,02,海貨,6FKAM,/predef/dmo210L.asp,::1
2021/01/13 17:09:12,b301,空搬出事前情報一覧,01,海貨,6FKAM,/predef/dmo210L.asp,::1
2021/01/13 17:09:13,b201,空搬入事前情報一覧,01,海貨,6FKAM,/predef/dmo110L.asp,::1
2021/01/13 17:09:18,b101,実搬出事前情報一覧,01,海貨,6FKAM,/predef/dmo010L.asp,::1
2021/01/13 17:09:25,b201,空搬入事前情報一覧,01,海貨,6FKAM,/predef/dmo110L.asp,::1
2021/01/13 17:09:27,b301,空搬出事前情報一覧,01,海貨,6FKAM,/predef/dmo210L.asp,::1
2021/01/13 17:09:33,b000,ログイン,00,海貨,6FKAM,/userchk.asp,::1,,
2021/01/13 17:09:49,b101,空搬出事前情報一覧,04,海貨,6AFTR,/predef/top.asp,::1
2021/01/13 17:09:49,b401,実搬入事前情報一覧,01,海貨,6AFTR,/predef/top.asp,::1
2021/01/13 17:09:51,b301,空搬出事前情報一覧,01,海貨,6AFTR,/predef/dmo210L.asp,::1
2021/01/13 17:09:54,b201,空搬入事前情報一覧,02,海貨,6AFTR,/predef/dmo210L.asp,::1
2021/01/13 17:09:58,b401,実搬入事前情報一覧,01,海貨,6AFTR,/predef/dmo310L.asp,::1
2021/01/13 17:10:15,b302,空搬出事前情報入力,01,海貨,6AFTR,/predef/dmi210.asp,::1
2021/01/13 17:10:18,b402,実搬入事前情報入力,01,海貨,6AFTR,/predef/dmi312.asp,::1,ASD,入力内容の正誤:1(誤り)
2021/01/13 17:11:18,b302,空搬出事前情報入力,01,海貨,6AFTR,/predef/dmi210.asp,::1
2021/01/13 17:11:24,b402,実搬入事前情報入力,01,海貨,6AFTR,/predef/dmi312.asp,::1,55858,入力内容の正誤:1(誤り)
2021/01/13 17:11:29,b302,空搬出事前情報入力,01,海貨,6AFTR,/predef/dmi210.asp,::1
2021/01/13 17:11:36,1009,ブッキング情報照会,10,海貨,6AFTR,/bookcheck.asp,::1,55858,入力内容の正誤:1(誤り)
2021/01/13 17:12:30,b102,実搬出事前情報入力(共通),00,海貨,6AFTR,/predef/dmi010.asp,::1
2021/01/13 17:20:14,b101,空搬出事前情報一覧,04,海貨,6AFTR,/predef/top.asp,::1
2021/01/13 17:20:14,b401,実搬入事前情報一覧,01,海貨,6AFTR,/predef/top.asp,::1
2021/01/13 17:20:25,b000,ログイン,00,海貨,6AFTR,/userchk.asp,::1,,
2021/01/13 17:20:33,b101,空搬出事前情報一覧,04,海貨,6FKAM,/predef/top.asp,::1
2021/01/13 17:20:33,b401,実搬入事前情報一覧,01,海貨,6FKAM,/predef/top.asp,::1
2021/01/13 17:22:07,b000,ログイン,00,,,/userchk.asp,::1,,
2021/01/13 17:22:12,b101,空搬出事前情報一覧,04,海貨,6FKAM,/predef/top.asp,::1
2021/01/13 17:22:12,b401,実搬入事前情報一覧,01,海貨,6FKAM,/predef/top.asp,::1
