2021/01/11 08:25:31,1001,輸出コンテナ照会,00,,,/expentry.asp,::1,,
2021/01/11 08:25:38,2001,輸入コンテナ照会,00,,,/impentry.asp,::1,,
2021/01/11 08:25:43,8001,ゲート前映像・混雑状況照会-ゲート内所要時間,00,,,/terminal.asp,::1,,
2021/01/11 08:25:50,c000,ログイン,00,,,/userchk.asp,::1,,
2021/01/11 08:26:23,c103,ステータス配信対象設定,01,海貨,6AFTR,/SendStatus/sst300.asp,::1
2021/01/11 08:26:31,c101,ステータス配信依頼中一覧,01,海貨,6AFTR,/SendStatus/sst100L.asp,::1
2021/01/11 08:27:10,2001,輸入コンテナ照会,11,海貨,6AFTR,/impcntnr.asp,::1,HAHU4030222,入力内容の正誤:0(正しい)
2021/01/11 08:27:10,2006,輸入コンテナ照会-単独コンテナ,00,海貨,6AFTR,/impdetail.asp,::1,HAHU4030222,
2021/01/11 08:29:50,b101,空搬出事前情報一覧,04,海貨,6AFTR,/predef/top.asp,::1
2021/01/11 08:29:57,b401,実搬入事前情報一覧,01,海貨,6AFTR,/predef/top.asp,::1
2021/01/11 08:31:14,b101,空搬出事前情報一覧,04,海貨,6AFTR,/predef/top.asp,::1
2021/01/11 08:31:14,b401,実搬入事前情報一覧,01,海貨,6AFTR,/predef/top.asp,::1
2021/01/11 08:31:18,b101,実搬出事前情報一覧,01,海貨,6AFTR,/predef/dmo010L.asp,::1
2021/01/11 08:31:24,b101,実搬出事前情報一覧,01,海貨,6AFTR,/predef/dmo010L.asp,::1
2021/01/11 08:31:26,b201,空搬入事前情報一覧,01,海貨,6AFTR,/predef/dmo110L.asp,::1
2021/01/11 08:31:28,b301,空搬出事前情報一覧,01,海貨,6AFTR,/predef/dmo210L.asp,::1
2021/01/11 08:31:31,b401,実搬入事前情報一覧,01,海貨,6AFTR,/predef/dmo310L.asp,::1
2021/01/11 08:31:32,b301,空搬出事前情報一覧,01,海貨,6AFTR,/predef/dmo210L.asp,::1
2021/01/11 08:31:41,b402,作業発生mail設定,00,海貨,6AFTR,/predef/dmi410.asp,::1
2021/01/11 08:32:19,1001,輸出コンテナ照会,00,海貨,6AFTR,/expentry.asp,::1,,
2021/01/11 08:32:42,c101,ステータス配信依頼中一覧,01,海貨,6AFTR,/SendStatus/sst100L.asp,::1
2021/01/11 08:32:50,2001,輸入コンテナ照会,00,海貨,6AFTR,/impentry.asp,::1,,
2021/01/11 08:32:54,2001,輸入コンテナ照会,11,海貨,6AFTR,/impcntnr.asp,::1,HAHU4030222,入力内容の正誤:0(正しい)
2021/01/11 08:32:54,2006,輸入コンテナ照会-単独コンテナ,00,海貨,6AFTR,/impdetail.asp,::1,HAHU4030222,
2021/01/11 08:56:35,1001,輸出コンテナ照会,00,海貨,6AFTR,/expentry.asp,::1,,
2021/01/11 09:00:02,1001,輸出コンテナ照会,00,海貨,6AFTR,/expentry.asp,::1,,
2021/01/11 09:00:13,c101,ステータス配信依頼中一覧,01,海貨,6AFTR,/SendStatus/sst100L.asp,::1
2021/01/11 09:00:22,2001,輸入コンテナ照会,00,海貨,6AFTR,/impentry.asp,::1,,
2021/01/11 09:41:22,l106,バナー６,01,,,/bannerlog.asp,::1,,
2021/01/11 09:41:30,1001,輸出コンテナ照会,00,,,/expentry.asp,::1,,
2021/01/11 09:41:47,1001,輸出コンテナ照会,11,,,/expcntnr.asp,::1,FYTU2334999,入力内容の正誤:1(誤り)
2021/01/11 09:41:50,1001,輸出コンテナ照会,00,,,/expentry.asp,::1,,
2021/01/11 09:41:58,b000,ログイン,00,,,/userchk.asp,::1,,
2021/01/11 09:42:25,1001,輸出コンテナ照会,00,海貨,6AFTR,/expentry.asp,::1,,
2021/01/11 09:42:36,c101,ステータス配信依頼中一覧,01,海貨,6AFTR,/SendStatus/sst100L.asp,::1
2021/01/11 09:42:43,1001,輸出コンテナ照会,00,海貨,6AFTR,/expentry.asp,::1,,
2021/01/11 09:42:47,1001,輸出コンテナ照会,11,海貨,6AFTR,/expcntnr.asp,::1,HAHU4030222,入力内容の正誤:0(正しい)
2021/01/11 09:42:47,1007,輸出コンテナ照会-単独コンテナ,00,海貨,6AFTR,/expdetail.asp,::1,HAHU4030222,
2021/01/11 10:02:09,1001,輸出コンテナ照会,00,海貨,6AFTR,/expentry.asp,::1,,
2021/01/11 10:08:42,2001,輸入コンテナ照会,00,海貨,6AFTR,/impentry.asp,::1,,
2021/01/11 10:08:46,8001,ゲート前映像・混雑状況照会-ゲート内所要時間,00,海貨,6AFTR,/terminal.asp,::1,,
2021/01/11 10:08:49,d101,着離岸情報照会,01,海貨,6AFTR,/arvdepinfo.asp,::1,,
2021/01/11 10:47:50,8001,ゲート前映像・混雑状況照会-ゲート内所要時間,00,,,/terminal.asp,::1,,
2021/01/11 10:55:09,2001,輸入コンテナ照会,00,,,/english/impentry.asp,::1,,
2021/01/11 10:56:28,c000,ログイン,00,,,/english/userchk.asp,::1,,
2021/01/11 10:57:55,c101,ステータス配信依頼中一覧,01,海貨,6AFTR,/english/SendStatus/sst100L.asp,::1
2021/01/11 11:03:28,c101,ステータス配信依頼中一覧,01,海貨,6AFTR,/english/SendStatus/sst100L.asp,::1
2021/01/11 11:03:31,c103,ステータス配信対象設定,01,海貨,6AFTR,/english/SendStatus/sst300.asp,::1
2021/01/11 11:08:04,c103,ステータス配信対象設定,01,海貨,6AFTR,/english/SendStatus/sst300.asp,::1
2021/01/11 11:08:56,b000,ログイン,00,,,/userchk.asp,::1,,
2021/01/11 11:08:59,c000,ログイン,00,,,/userchk.asp,::1,,
2021/01/11 11:09:23,c101,ステータス配信依頼中一覧,01,海貨,6AFTR,/english/SendStatus/sst100L.asp,::1
2021/01/11 11:10:19,2001,輸入コンテナ照会,00,海貨,6AFTR,/english/impentry.asp,::1,,
2021/01/11 11:12:09,1001,輸出コンテナ照会,00,海貨,6AFTR,/english/expentry.asp,::1,,
2021/01/11 11:12:16,2001,輸入コンテナ照会,00,海貨,6AFTR,/english/impentry.asp,::1,,
2021/01/11 11:14:48,1001,輸出コンテナ照会,00,海貨,6AFTR,/english/expentry.asp,::1,,
2021/01/11 11:15:32,1001,輸出コンテナ照会,00,海貨,6AFTR,/expentry.asp,::1,,
2021/01/11 11:18:52,1001,輸出コンテナ照会,00,海貨,6AFTR,/expentry.asp,::1,,
2021/01/11 11:19:13,1001,輸出コンテナ照会,00,海貨,6AFTR,/expentry.asp,::1,,
2021/01/11 11:19:28,1001,輸出コンテナ照会,00,海貨,6AFTR,/expentry.asp,::1,,
2021/01/11 11:20:46,1001,輸出コンテナ照会,00,海貨,6AFTR,/expentry.asp,::1,,
2021/01/11 11:21:37,1001,輸出コンテナ照会,00,海貨,6AFTR,/expentry.asp,::1,,
2021/01/11 11:21:42,1001,輸出コンテナ照会,00,海貨,6AFTR,/expentry.asp,::1,,
2021/01/11 11:21:51,c101,ステータス配信依頼中一覧,01,海貨,6AFTR,/SendStatus/sst100L.asp,::1
2021/01/11 11:22:03,c101,ステータス配信依頼中一覧,01,海貨,6AFTR,/SendStatus/sst100L.asp,::1
2021/01/11 11:22:04,c101,ステータス配信依頼中一覧,01,海貨,6AFTR,/SendStatus/sst100L.asp,::1
2021/01/11 11:22:05,c101,ステータス配信依頼中一覧,01,海貨,6AFTR,/SendStatus/sst100L.asp,::1
2021/01/11 11:22:11,1001,輸出コンテナ照会,00,海貨,6AFTR,/expentry.asp,::1,,
2021/01/11 11:22:20,1001,輸出コンテナ照会,11,海貨,6AFTR,/expcntnr.asp,::1,HAHU4030222,入力内容の正誤:0(正しい)
2021/01/11 11:22:20,1007,輸出コンテナ照会-単独コンテナ,00,海貨,6AFTR,/expdetail.asp,::1,HAHU4030222,
2021/01/11 11:24:21,1008,輸出コンテナ照会-CSVファイル出力,30,海貨,6AFTR,/expcsvout.asp,::1,,
2021/01/11 11:27:39,1001,輸出コンテナ照会,00,海貨,6AFTR,/expentry.asp,::1,,
2021/01/11 11:27:44,1001,輸出コンテナ照会,00,海貨,6AFTR,/expentry.asp,::1,,
2021/01/11 11:27:49,2001,輸入コンテナ照会,00,海貨,6AFTR,/impentry.asp,::1,,
2021/01/11 11:28:00,2001,輸入コンテナ照会,11,海貨,6AFTR,/impcntnr.asp,::1,HAHU4030222,入力内容の正誤:0(正しい)
2021/01/11 11:28:00,2006,輸入コンテナ照会-単独コンテナ,00,海貨,6AFTR,/impdetail.asp,::1,HAHU4030222,
2021/01/11 11:28:40,2001,輸入コンテナ照会,00,海貨,6AFTR,/impentry.asp,::1,,
2021/01/11 11:30:24,2001,輸入コンテナ照会,00,海貨,6AFTR,/impentry.asp,::1,,
2021/01/11 11:30:29,2001,輸入コンテナ照会,00,海貨,6AFTR,/impentry.asp,::1,,
2021/01/11 11:30:32,d101,着離岸情報照会,01,海貨,6AFTR,/arvdepinfo.asp,::1,,
2021/01/11 11:32:00,8001,ゲート前映像・混雑状況照会-ゲート内所要時間,00,海貨,6AFTR,/terminal.asp,::1,,
2021/01/11 11:32:08,d101,着離岸情報照会,01,海貨,6AFTR,/arvdepinfo.asp,::1,,
2021/01/11 11:32:20,1001,輸出コンテナ照会,00,海貨,6AFTR,/expentry.asp,::1,,
2021/01/11 11:32:24,b101,空搬出事前情報一覧,04,海貨,6AFTR,/predef/top.asp,::1
2021/01/11 11:32:25,b401,実搬入事前情報一覧,01,海貨,6AFTR,/predef/top.asp,::1
2021/01/11 11:32:44,b101,実搬出事前情報一覧,01,海貨,6AFTR,/predef/dmo010L.asp,::1
2021/01/11 11:35:17,b101,空搬出事前情報一覧,04,海貨,6AFTR,/predef/top.asp,::1
2021/01/11 11:35:17,b401,実搬入事前情報一覧,01,海貨,6AFTR,/predef/top.asp,::1
2021/01/11 11:35:20,b101,空搬出事前情報一覧,04,海貨,6AFTR,/predef/top.asp,::1
2021/01/11 11:35:20,b401,実搬入事前情報一覧,01,海貨,6AFTR,/predef/top.asp,::1
2021/01/11 11:35:24,b101,実搬出事前情報一覧,01,海貨,6AFTR,/predef/dmo010L.asp,::1
2021/01/11 11:35:42,b101,実搬出事前情報一覧,01,海貨,6AFTR,/predef/dmo010L.asp,::1
2021/01/11 11:35:43,b101,実搬出事前情報一覧,01,海貨,6AFTR,/predef/dmo010L.asp,::1
2021/01/11 11:35:57,c101,ステータス配信依頼中一覧,01,海貨,6AFTR,/SendStatus/sst100L.asp,::1
2021/01/11 11:36:03,b101,空搬出事前情報一覧,04,海貨,6AFTR,/predef/top.asp,::1
2021/01/11 11:36:03,b401,実搬入事前情報一覧,01,海貨,6AFTR,/predef/top.asp,::1
2021/01/11 11:36:15,b101,実搬出事前情報一覧,01,海貨,6AFTR,/predef/dmo010L.asp,::1
2021/01/11 11:36:19,b101,実搬出事前情報一覧,11,海貨,6AFTR,/predef/dmo010L.asp,::1,HAHU4030222
2021/01/11 11:38:02,b000,ログイン,00,海貨,6AFTR,/userchk.asp,::1,,
2021/01/11 11:38:08,c101,ステータス配信依頼中一覧,01,海貨,1ACWH,/SendStatus/sst100L.asp,::1
2021/01/11 11:47:01,b000,ログイン,00,,,/userchk.asp,::1,,
2021/01/11 11:47:12,b101,空搬出事前情報一覧,04,海貨,6FKAM,/predef/top.asp,::1
2021/01/11 11:47:13,b401,実搬入事前情報一覧,01,海貨,6FKAM,/predef/top.asp,::1
2021/01/11 11:48:37,b101,空搬出事前情報一覧,04,海貨,1ACWH,/predef/top.asp,::1
2021/01/11 11:48:37,b401,実搬入事前情報一覧,01,海貨,1ACWH,/predef/top.asp,::1
2021/01/11 11:48:43,b000,ログイン,00,海貨,1ACWH,/userchk.asp,::1,,
2021/01/11 11:48:51,b101,空搬出事前情報一覧,04,海貨,6FKAM,/predef/top.asp,::1
2021/01/11 11:48:52,b401,実搬入事前情報一覧,01,海貨,6FKAM,/predef/top.asp,::1
2021/01/11 11:52:29,b101,実搬出事前情報一覧,01,海貨,6FKAM,/predef/dmo010L.asp,::1
2021/01/11 11:52:34,b101,実搬出事前情報一覧,01,海貨,6FKAM,/predef/dmo010L.asp,::1
2021/01/11 11:52:38,b201,空搬入事前情報一覧,01,海貨,6FKAM,/predef/dmo110L.asp,::1
2021/01/11 11:52:40,b101,実搬出事前情報一覧,01,海貨,6FKAM,/predef/dmo010L.asp,::1
2021/01/11 11:52:53,b101,実搬出事前情報一覧,01,海貨,6FKAM,/predef/dmo010L.asp,::1
2021/01/11 11:54:48,b101,空搬出事前情報一覧,04,海貨,6FKAM,/predef/top.asp,::1
2021/01/11 11:54:48,b401,実搬入事前情報一覧,01,海貨,6FKAM,/predef/top.asp,::1
2021/01/11 11:54:52,b101,実搬出事前情報一覧,01,海貨,6FKAM,/predef/dmo010L.asp,::1
2021/01/11 11:55:12,b106,実搬出事前情報入力(ＢＬ番号),11,海貨,6FKAM,/predef/dmo020.asp,::1
2021/01/11 11:55:32,b101,実搬出事前情報一覧,01,海貨,6FKAM,/predef/dmo010L.asp,::1
2021/01/11 11:55:36,b106,実搬出事前情報入力(ＢＬ番号),11,海貨,6FKAM,/predef/dmo020.asp,::1
2021/01/11 11:58:33,b101,空搬出事前情報一覧,04,海貨,6FKAM,/predef/top.asp,::1
2021/01/11 11:58:33,b401,実搬入事前情報一覧,01,海貨,6FKAM,/predef/top.asp,::1
2021/01/11 11:58:36,b101,実搬出事前情報一覧,01,海貨,6FKAM,/predef/dmo010L.asp,::1
2021/01/11 11:58:39,b106,実搬出事前情報入力(ＢＬ番号),11,海貨,6FKAM,/predef/dmo020.asp,::1
2021/01/11 11:59:31,b106,実搬出事前情報入力(ＢＬ番号),11,海貨,6FKAM,/predef/dmo020.asp,::1
2021/01/11 12:00:25,b106,実搬出事前情報入力(ＢＬ番号),11,海貨,6FKAM,/predef/dmo020.asp,::1
2021/01/11 12:00:52,b101,空搬出事前情報一覧,04,海貨,6FKAM,/predef/top.asp,::1
2021/01/11 12:00:52,b401,実搬入事前情報一覧,01,海貨,6FKAM,/predef/top.asp,::1
2021/01/11 12:00:56,b101,実搬出事前情報一覧,01,海貨,6FKAM,/predef/dmo010L.asp,::1
2021/01/11 12:00:59,b106,実搬出事前情報入力(ＢＬ番号),11,海貨,6FKAM,/predef/dmo020.asp,::1
2021/01/11 12:01:13,b101,空搬出事前情報一覧,04,海貨,6FKAM,/predef/top.asp,::1
2021/01/11 12:01:13,b401,実搬入事前情報一覧,01,海貨,6FKAM,/predef/top.asp,::1
2021/01/11 12:01:15,b101,実搬出事前情報一覧,01,海貨,6FKAM,/predef/dmo010L.asp,::1
2021/01/11 12:01:18,b106,実搬出事前情報入力(ＢＬ番号),11,海貨,6FKAM,/predef/dmo020.asp,::1
2021/01/11 12:01:52,b109,実搬出事前情報展開,01,海貨,6FKAM,/predef/dmo030.asp,::1
2021/01/11 12:01:57,2001,輸入コンテナ照会,12,海貨,6FKAM,/impcntnr.asp,::1,YMLUI228236251,入力内容の正誤:0(正しい)
2021/01/11 12:01:57,2006,輸入コンテナ照会-単独コンテナ,00,海貨,6FKAM,/impdetail.asp,::1,TCNU3471519,
2021/01/11 12:02:29,b106,実搬出事前情報入力(ＢＬ番号),11,海貨,6FKAM,/predef/dmo020.asp,::1
2021/01/11 12:02:41,b106,実搬出事前情報入力(ＢＬ番号),11,海貨,6FKAM,/predef/dmo020.asp,::1
2021/01/11 12:02:56,b101,空搬出事前情報一覧,04,海貨,6FKAM,/predef/top.asp,::1
2021/01/11 12:02:56,b401,実搬入事前情報一覧,01,海貨,6FKAM,/predef/top.asp,::1
2021/01/11 12:02:58,b101,実搬出事前情報一覧,01,海貨,6FKAM,/predef/dmo010L.asp,::1
2021/01/11 12:03:01,b106,実搬出事前情報入力(ＢＬ番号),11,海貨,6FKAM,/predef/dmo020.asp,::1
2021/01/11 12:04:57,b101,空搬出事前情報一覧,04,海貨,6FKAM,/predef/top.asp,::1
2021/01/11 12:04:57,b401,実搬入事前情報一覧,01,海貨,6FKAM,/predef/top.asp,::1
2021/01/11 12:04:59,b101,実搬出事前情報一覧,01,海貨,6FKAM,/predef/dmo010L.asp,::1
2021/01/11 12:05:02,b106,実搬出事前情報入力(ＢＬ番号),11,海貨,6FKAM,/predef/dmo020.asp,::1
2021/01/11 12:05:07,b105,実搬出事前情報入力(一覧から選択),11,海貨,6FKAM,/predef/dmo020.asp,::1
2021/01/11 12:05:45,b101,空搬出事前情報一覧,04,海貨,6FKAM,/predef/top.asp,::1
2021/01/11 12:05:45,b401,実搬入事前情報一覧,01,海貨,6FKAM,/predef/top.asp,::1
2021/01/11 12:05:48,b101,実搬出事前情報一覧,01,海貨,6FKAM,/predef/dmo010L.asp,::1
2021/01/11 12:05:51,b106,実搬出事前情報入力(ＢＬ番号),11,海貨,6FKAM,/predef/dmo020.asp,::1
2021/01/11 12:06:45,b101,実搬出事前情報一覧,01,海貨,6FKAM,/predef/dmo010L.asp,::1
2021/01/11 12:06:49,b109,実搬出事前情報展開,01,海貨,6FKAM,/predef/dmo030.asp,::1
2021/01/11 12:06:58,b106,実搬出事前情報入力(ＢＬ番号),11,海貨,6FKAM,/predef/dmo020.asp,::1
2021/01/11 12:07:14,b109,実搬出指示書印刷,01,海貨,6FKAM,/predef/dmo091.asp,::1
2021/01/11 12:08:18,b106,実搬出事前情報入力(ＢＬ番号),11,海貨,6FKAM,/predef/dmo020.asp,::1
2021/01/11 12:08:22,b109,実搬出指示書印刷,01,海貨,6FKAM,/predef/dmo091.asp,::1
2021/01/11 12:09:08,b106,実搬出事前情報入力(ＢＬ番号),11,海貨,6FKAM,/predef/dmo020.asp,::1
2021/01/11 12:09:10,b109,実搬出指示書印刷,01,海貨,6FKAM,/predef/dmo091.asp,::1
2021/01/11 12:09:42,b109,実搬出指示書印刷,02,海貨,6FKAM,/predef/dmo092.asp,::1
2021/01/11 12:10:39,b109,実搬出指示書印刷,02,海貨,6FKAM,/predef/dmo092.asp,::1
2021/01/11 12:10:49,b106,実搬出事前情報入力(ＢＬ番号),11,海貨,6FKAM,/predef/dmo020.asp,::1
2021/01/11 12:11:31,b106,実搬出事前情報一覧(ＢＬ番号),12,海貨,6FKAM,/predef/dmi021.asp,::1
2021/01/11 12:11:47,b106,実搬出事前情報入力(ＢＬ番号),11,海貨,6FKAM,/predef/dmo020.asp,::1
2021/01/11 12:11:59,b106,実搬出事前情報一覧(ＢＬ番号),12,海貨,6FKAM,/predef/dmi021.asp,::1
2021/01/11 12:12:40,b106,実搬出事前情報入力(ＢＬ番号),11,海貨,6FKAM,/predef/dmo020.asp,::1
2021/01/11 12:54:17,b000,ログイン,00,,,/Userchk.asp,::1,,
2021/01/11 12:54:24,b101,空搬出事前情報一覧,04,海貨,6FKAM,/predef/top.asp,::1
2021/01/11 12:54:24,b401,実搬入事前情報一覧,01,海貨,6FKAM,/predef/top.asp,::1
2021/01/11 12:54:30,b106,実搬出事前情報入力(ＢＬ番号),11,海貨,6FKAM,/predef/dmo020.asp,::1
2021/01/11 12:54:31,b106,実搬出事前情報一覧(ＢＬ番号),12,海貨,6FKAM,/predef/dmi021.asp,::1
2021/01/11 12:54:39,b106,実搬出事前情報入力(ＢＬ番号),11,海貨,6FKAM,/predef/dmo020.asp,::1
2021/01/11 12:55:16,b106,実搬出事前情報入力(ＢＬ番号),11,海貨,6FKAM,/predef/dmo020.asp,::1
2021/01/11 12:55:17,b106,実搬出事前情報一覧(ＢＬ番号),12,海貨,6FKAM,/predef/dmi021.asp,::1
2021/01/11 12:55:28,b106,実搬出事前情報入力(ＢＬ番号),11,海貨,6FKAM,/predef/dmo020.asp,::1
2021/01/11 12:55:35,b106,実搬出事前情報一覧(ＢＬ番号),12,海貨,6FKAM,/predef/dmi021.asp,::1
2021/01/11 12:55:42,b106,実搬出事前情報一覧(ＢＬ番号),13,海貨,6FKAM,/predef/dmi030.asp,::1,KC//CY//当日,入力内容の正誤:0(正しい)
2021/01/11 12:55:44,b106,実搬出事前情報一覧(ＢＬ番号),14,海貨,6FKAM,/predef/dmi040.asp,::1
2021/01/11 12:56:07,b109,実搬出指示書印刷,01,海貨,6FKAM,/predef/dmo091.asp,::1
2021/01/11 12:56:46,b106,実搬出事前情報入力(ＢＬ番号),11,海貨,6FKAM,/predef/dmo020.asp,::1
2021/01/11 12:56:50,b109,実搬出指示書印刷,01,海貨,6FKAM,/predef/dmo091.asp,::1
2021/01/11 12:56:56,b106,実搬出事前情報入力(ＢＬ番号),11,海貨,6FKAM,/predef/dmo020.asp,::1
2021/01/11 12:56:57,b106,実搬出事前情報一覧(ＢＬ番号),12,海貨,6FKAM,/predef/dmi021.asp,::1
2021/01/11 12:57:00,b106,実搬出事前情報一覧(ＢＬ番号),13,海貨,6FKAM,/predef/dmi030.asp,::1,KC//CY//当日,入力内容の正誤:0(正しい)
2021/01/11 12:57:59,b106,実搬出事前情報一覧(ＢＬ番号),14,海貨,6FKAM,/predef/dmi040.asp,::1
2021/01/11 12:58:59,b109,実搬出指示書印刷,01,海貨,6FKAM,/predef/dmo091.asp,::1
2021/01/11 13:08:34,b106,実搬出事前情報入力(ＢＬ番号),11,海貨,6FKAM,/predef/dmo020.asp,::1
2021/01/11 13:08:37,b106,実搬出事前情報一覧(ＢＬ番号),12,海貨,6FKAM,/predef/dmi021.asp,::1
2021/01/11 13:08:44,b106,実搬出事前情報入力(ＢＬ番号),11,海貨,6FKAM,/predef/dmo020.asp,::1
2021/01/11 13:08:49,b106,実搬出事前情報一覧(ＢＬ番号),12,海貨,6FKAM,/predef/dmi021.asp,::1
2021/01/11 13:10:41,b106,実搬出事前情報一覧(ＢＬ番号),13,海貨,6FKAM,/predef/dmi030.asp,::1,KC//CY//未入力,入力内容の正誤:0(正しい)
2021/01/11 13:11:25,b106,実搬出事前情報一覧(ＢＬ番号),14,海貨,6FKAM,/predef/dmi040.asp,::1
2021/01/11 13:11:43,b109,実搬出指示書印刷,01,海貨,6FKAM,/predef/dmo091.asp,::1
2021/01/11 13:12:42,b109,実搬出指示書印刷,02,海貨,6FKAM,/predef/dmo092.asp,::1
2021/01/11 13:13:16,b101,空搬出事前情報一覧,04,海貨,6FKAM,/predef/top.asp,::1
2021/01/11 13:13:16,b401,実搬入事前情報一覧,01,海貨,6FKAM,/predef/top.asp,::1
2021/01/11 13:13:22,b101,実搬出事前情報一覧,01,海貨,6FKAM,/predef/dmo010L.asp,::1
2021/01/11 13:13:55,b101,実搬出事前情報一覧,01,海貨,6FKAM,/predef/dmo010L.asp,::1
2021/01/11 14:54:16,b000,ログイン,00,,,/userchk.asp,::1,,
2021/01/11 14:54:31,b101,空搬出事前情報一覧,04,海貨,6FKAM,/predef/top.asp,::1
2021/01/11 14:54:39,b401,実搬入事前情報一覧,01,海貨,6FKAM,/predef/top.asp,::1
2021/01/11 14:55:14,b101,実搬出事前情報一覧,01,海貨,6FKAM,/predef/dmo010L.asp,::1
2021/01/11 14:55:28,b105,実搬出事前情報入力(一覧から選択),11,海貨,6FKAM,/predef/dmo020.asp,::1
2021/01/11 14:55:34,b106,実搬出事前情報入力(ＢＬ番号),11,海貨,6FKAM,/predef/dmo020.asp,::1
2021/01/11 14:55:42,b106,実搬出事前情報入力(ＢＬ番号),11,海貨,6FKAM,/predef/dmo020.asp,::1
2021/01/11 14:56:57,b101,実搬出事前情報一覧,01,海貨,6FKAM,/predef/dmo010L.asp,::1
2021/01/11 14:59:58,b101,実搬出事前情報一覧,01,海貨,6FKAM,/predef/dmo010L.asp,::1
2021/01/11 15:02:59,b107,実搬出事前情報一覧,01,海貨,6FKAM,/predef/dmo010L.asp,::1
2021/01/11 15:02:59,b101,実搬出事前情報一覧,01,海貨,6FKAM,/predef/dmo010L.asp,::1
2021/01/11 15:05:36,b000,ログイン,00,,,/userchk.asp,::1,,
2021/01/11 15:05:50,b101,空搬出事前情報一覧,04,海貨,6FKAM,/predef/top.asp,::1
2021/01/11 15:05:54,b401,実搬入事前情報一覧,01,海貨,6FKAM,/predef/top.asp,::1
2021/01/11 15:06:17,b101,実搬出事前情報一覧,01,海貨,6FKAM,/predef/dmo010L.asp,::1
2021/01/11 15:16:07,b101,空搬出事前情報一覧,04,海貨,6FKAM,/predef/top.asp,::1
2021/01/11 15:16:07,b401,実搬入事前情報一覧,01,海貨,6FKAM,/predef/top.asp,::1
2021/01/11 15:16:12,b101,実搬出事前情報一覧,01,海貨,6FKAM,/predef/dmo010L.asp,::1
2021/01/11 15:18:38,b101,空搬出事前情報一覧,04,海貨,6FKAM,/predef/top.asp,::1
2021/01/11 15:18:38,b401,実搬入事前情報一覧,01,海貨,6FKAM,/predef/top.asp,::1
2021/01/11 15:18:42,b101,実搬出事前情報一覧,01,海貨,6FKAM,/predef/dmo010L.asp,::1
2021/01/11 15:19:30,b101,空搬出事前情報一覧,04,海貨,6FKAM,/predef/top.asp,::1
2021/01/11 15:19:30,b401,実搬入事前情報一覧,01,海貨,6FKAM,/predef/top.asp,::1
2021/01/11 15:19:33,b101,実搬出事前情報一覧,01,海貨,6FKAM,/predef/dmo010L.asp,::1
2021/01/11 15:22:30,b101,実搬出事前情報一覧,01,海貨,6FKAM,/predef/dmo010L.asp,::1
2021/01/11 15:22:33,b101,空搬出事前情報一覧,04,海貨,6FKAM,/predef/top.asp,::1
2021/01/11 15:22:33,b401,実搬入事前情報一覧,01,海貨,6FKAM,/predef/top.asp,::1
2021/01/11 15:22:37,b101,実搬出事前情報一覧,01,海貨,6FKAM,/predef/dmo010L.asp,::1
2021/01/11 15:25:39,b101,空搬出事前情報一覧,04,海貨,6FKAM,/predef/top.asp,::1
2021/01/11 15:25:39,b401,実搬入事前情報一覧,01,海貨,6FKAM,/predef/top.asp,::1
2021/01/11 15:25:43,b101,実搬出事前情報一覧,01,海貨,6FKAM,/predef/dmo010L.asp,::1
2021/01/11 15:27:34,b101,空搬出事前情報一覧,04,海貨,6FKAM,/predef/top.asp,::1
2021/01/11 15:27:34,b401,実搬入事前情報一覧,01,海貨,6FKAM,/predef/top.asp,::1
2021/01/11 15:27:39,b101,実搬出事前情報一覧,01,海貨,6FKAM,/predef/dmo010L.asp,::1
2021/01/11 15:29:21,b101,空搬出事前情報一覧,04,海貨,6FKAM,/predef/top.asp,::1
2021/01/11 15:29:21,b401,実搬入事前情報一覧,01,海貨,6FKAM,/predef/top.asp,::1
2021/01/11 15:29:24,b101,実搬出事前情報一覧,01,海貨,6FKAM,/predef/dmo010L.asp,::1
2021/01/11 15:30:08,b101,空搬出事前情報一覧,04,海貨,6FKAM,/predef/top.asp,::1
2021/01/11 15:30:08,b401,実搬入事前情報一覧,01,海貨,6FKAM,/predef/top.asp,::1
2021/01/11 15:30:11,b101,実搬出事前情報一覧,01,海貨,6FKAM,/predef/dmo010L.asp,::1
2021/01/11 15:32:50,b101,空搬出事前情報一覧,04,海貨,6FKAM,/predef/top.asp,::1
2021/01/11 15:32:50,b401,実搬入事前情報一覧,01,海貨,6FKAM,/predef/top.asp,::1
2021/01/11 15:32:53,b101,実搬出事前情報一覧,01,海貨,6FKAM,/predef/dmo010L.asp,::1
2021/01/11 15:33:54,b101,空搬出事前情報一覧,04,海貨,6FKAM,/predef/top.asp,::1
2021/01/11 15:33:54,b401,実搬入事前情報一覧,01,海貨,6FKAM,/predef/top.asp,::1
2021/01/11 15:34:04,b101,実搬出事前情報一覧,01,海貨,6FKAM,/predef/dmo010L.asp,::1
2021/01/11 15:35:55,b101,空搬出事前情報一覧,04,海貨,6FKAM,/predef/top.asp,::1
2021/01/11 15:35:55,b401,実搬入事前情報一覧,01,海貨,6FKAM,/predef/top.asp,::1
2021/01/11 15:36:00,b101,実搬出事前情報一覧,01,海貨,6FKAM,/predef/dmo010L.asp,::1
2021/01/11 15:38:09,b101,空搬出事前情報一覧,04,海貨,6FKAM,/predef/top.asp,::1
2021/01/11 15:38:10,b401,実搬入事前情報一覧,01,海貨,6FKAM,/predef/top.asp,::1
2021/01/11 15:38:15,b101,実搬出事前情報一覧,01,海貨,6FKAM,/predef/dmo010L.asp,::1
2021/01/11 15:38:31,b000,ログイン,00,,,/Userchk.asp,::1,,
2021/01/11 15:38:41,b101,空搬出事前情報一覧,04,海貨,6FKAM,/predef/top.asp,::1
2021/01/11 15:38:41,b401,実搬入事前情報一覧,01,海貨,6FKAM,/predef/top.asp,::1
2021/01/11 15:38:43,b101,実搬出事前情報一覧,01,海貨,6FKAM,/predef/dmo010L.asp,::1
2021/01/11 15:42:30,b101,空搬出事前情報一覧,04,海貨,6FKAM,/predef/top.asp,::1
2021/01/11 15:42:30,b401,実搬入事前情報一覧,01,海貨,6FKAM,/predef/top.asp,::1
2021/01/11 15:43:51,b101,空搬出事前情報一覧,04,海貨,6FKAM,/predef/top.asp,::1
2021/01/11 15:43:51,b401,実搬入事前情報一覧,01,海貨,6FKAM,/predef/top.asp,::1
2021/01/11 15:43:53,b101,実搬出事前情報一覧,01,海貨,6FKAM,/predef/dmo010L.asp,::1
2021/01/11 15:47:30,b101,空搬出事前情報一覧,04,海貨,6FKAM,/predef/top.asp,::1
2021/01/11 15:47:30,b401,実搬入事前情報一覧,01,海貨,6FKAM,/predef/top.asp,::1
2021/01/11 15:47:32,b101,実搬出事前情報一覧,01,海貨,6FKAM,/predef/dmo010L.asp,::1
2021/01/11 15:50:01,b101,空搬出事前情報一覧,04,海貨,6FKAM,/predef/top.asp,::1
2021/01/11 15:50:01,b401,実搬入事前情報一覧,01,海貨,6FKAM,/predef/top.asp,::1
2021/01/11 15:50:05,b101,実搬出事前情報一覧,01,海貨,6FKAM,/predef/dmo010L.asp,::1
2021/01/11 15:55:34,b101,空搬出事前情報一覧,04,海貨,6FKAM,/predef/top.asp,::1
2021/01/11 15:55:34,b401,実搬入事前情報一覧,01,海貨,6FKAM,/predef/top.asp,::1
2021/01/11 15:55:36,b101,実搬出事前情報一覧,01,海貨,6FKAM,/predef/dmo010L.asp,::1
2021/01/11 15:55:46,b101,空搬出事前情報一覧,04,海貨,6FKAM,/predef/top.asp,::1
2021/01/11 15:55:46,b401,実搬入事前情報一覧,01,海貨,6FKAM,/predef/top.asp,::1
2021/01/11 15:55:49,b101,実搬出事前情報一覧,01,海貨,6FKAM,/predef/dmo010L.asp,::1
2021/01/11 15:59:45,b107,実搬出事前情報一覧,01,海貨,6FKAM,/predef/dmo010L.asp,::1
2021/01/11 15:59:46,b101,実搬出事前情報一覧,01,海貨,6FKAM,/predef/dmo010L.asp,::1
2021/01/11 16:03:22,b101,空搬出事前情報一覧,04,海貨,6FKAM,/predef/top.asp,::1
2021/01/11 16:03:22,b401,実搬入事前情報一覧,01,海貨,6FKAM,/predef/top.asp,::1
2021/01/11 16:04:17,b101,空搬出事前情報一覧,04,海貨,6FKAM,/predef/top.asp,::1
2021/01/11 16:04:17,b401,実搬入事前情報一覧,01,海貨,6FKAM,/predef/top.asp,::1
2021/01/11 16:04:20,b101,実搬出事前情報一覧,01,海貨,6FKAM,/predef/dmo010L.asp,::1
2021/01/11 16:08:35,b107,実搬出事前情報一覧,01,海貨,6FKAM,/predef/dmo010L.asp,::1
2021/01/11 16:08:35,b101,実搬出事前情報一覧,01,海貨,6FKAM,/predef/dmo010L.asp,::1
2021/01/11 16:08:49,b107,実搬出事前情報一覧,01,海貨,6FKAM,/predef/dmo010L.asp,::1
2021/01/11 16:08:49,b101,実搬出事前情報一覧,01,海貨,6FKAM,/predef/dmo010L.asp,::1
2021/01/11 16:16:57,b101,空搬出事前情報一覧,04,海貨,6FKAM,/predef/top.asp,::1
2021/01/11 16:16:57,b401,実搬入事前情報一覧,01,海貨,6FKAM,/predef/top.asp,::1
2021/01/11 16:17:01,b101,実搬出事前情報一覧,01,海貨,6FKAM,/predef/dmo010L.asp,::1
2021/01/11 16:21:16,b101,空搬出事前情報一覧,04,海貨,6FKAM,/predef/top.asp,::1
2021/01/11 16:21:16,b401,実搬入事前情報一覧,01,海貨,6FKAM,/predef/top.asp,::1
2021/01/11 16:21:19,b101,実搬出事前情報一覧,01,海貨,6FKAM,/predef/dmo010L.asp,::1
2021/01/11 16:21:48,b101,空搬出事前情報一覧,04,海貨,6FKAM,/predef/top.asp,::1
2021/01/11 16:21:48,b401,実搬入事前情報一覧,01,海貨,6FKAM,/predef/top.asp,::1
2021/01/11 16:21:50,b101,実搬出事前情報一覧,01,海貨,6FKAM,/predef/dmo010L.asp,::1
2021/01/11 16:22:01,b101,空搬出事前情報一覧,04,海貨,6FKAM,/predef/top.asp,::1
2021/01/11 16:22:01,b401,実搬入事前情報一覧,01,海貨,6FKAM,/predef/top.asp,::1
2021/01/11 16:22:04,b101,実搬出事前情報一覧,01,海貨,6FKAM,/predef/dmo010L.asp,::1
2021/01/11 16:22:13,b101,空搬出事前情報一覧,04,海貨,6FKAM,/predef/top.asp,::1
2021/01/11 16:22:13,b401,実搬入事前情報一覧,01,海貨,6FKAM,/predef/top.asp,::1
2021/01/11 16:22:15,b101,実搬出事前情報一覧,01,海貨,6FKAM,/predef/dmo010L.asp,::1
2021/01/11 16:23:18,b101,空搬出事前情報一覧,04,海貨,6FKAM,/predef/top.asp,::1
2021/01/11 16:23:18,b401,実搬入事前情報一覧,01,海貨,6FKAM,/predef/top.asp,::1
2021/01/11 16:23:21,b101,実搬出事前情報一覧,01,海貨,6FKAM,/predef/dmo010L.asp,::1
2021/01/11 16:25:13,b101,空搬出事前情報一覧,04,海貨,6FKAM,/predef/top.asp,::1
2021/01/11 16:25:13,b401,実搬入事前情報一覧,01,海貨,6FKAM,/predef/top.asp,::1
2021/01/11 16:25:14,b101,実搬出事前情報一覧,01,海貨,6FKAM,/predef/dmo010L.asp,::1
2021/01/11 16:27:48,b101,空搬出事前情報一覧,04,海貨,6FKAM,/predef/top.asp,::1
2021/01/11 16:27:48,b401,実搬入事前情報一覧,01,海貨,6FKAM,/predef/top.asp,::1
2021/01/11 16:27:50,b101,実搬出事前情報一覧,01,海貨,6FKAM,/predef/dmo010L.asp,::1
2021/01/11 16:28:07,b101,実搬出事前情報一覧,01,海貨,6FKAM,/predef/dmo010L.asp,::1
2021/01/11 16:28:26,b101,空搬出事前情報一覧,04,海貨,6FKAM,/predef/top.asp,::1
2021/01/11 16:28:26,b401,実搬入事前情報一覧,01,海貨,6FKAM,/predef/top.asp,::1
2021/01/11 16:28:34,b101,空搬出事前情報一覧,04,海貨,6FKAM,/predef/top.asp,::1
2021/01/11 16:28:34,b401,実搬入事前情報一覧,01,海貨,6FKAM,/predef/top.asp,::1
2021/01/11 16:28:36,b101,空搬出事前情報一覧,04,海貨,6FKAM,/predef/top.asp,::1
2021/01/11 16:28:36,b401,実搬入事前情報一覧,01,海貨,6FKAM,/predef/top.asp,::1
2021/01/11 16:28:38,b101,実搬出事前情報一覧,01,海貨,6FKAM,/predef/dmo010L.asp,::1
2021/01/11 16:29:07,b101,実搬出事前情報一覧,01,海貨,6FKAM,/predef/dmo010L.asp,::1
2021/01/11 16:31:52,b101,空搬出事前情報一覧,04,海貨,6FKAM,/predef/top.asp,::1
2021/01/11 16:31:52,b401,実搬入事前情報一覧,01,海貨,6FKAM,/predef/top.asp,::1
2021/01/11 16:31:55,b101,実搬出事前情報一覧,01,海貨,6FKAM,/predef/dmo010L.asp,::1
2021/01/11 16:33:00,b101,空搬出事前情報一覧,04,海貨,6FKAM,/predef/top.asp,::1
2021/01/11 16:33:00,b401,実搬入事前情報一覧,01,海貨,6FKAM,/predef/top.asp,::1
2021/01/11 16:33:03,b101,実搬出事前情報一覧,01,海貨,6FKAM,/predef/dmo010L.asp,::1
2021/01/11 16:33:28,b101,実搬出事前情報一覧,01,海貨,6FKAM,/predef/dmo010L.asp,::1
2021/01/11 16:34:10,b101,空搬出事前情報一覧,04,海貨,6FKAM,/predef/top.asp,::1
2021/01/11 16:34:10,b401,実搬入事前情報一覧,01,海貨,6FKAM,/predef/top.asp,::1
2021/01/11 16:34:13,b101,実搬出事前情報一覧,01,海貨,6FKAM,/predef/dmo010L.asp,::1
2021/01/11 16:36:01,b101,実搬出事前情報一覧,01,海貨,6FKAM,/predef/dmo010L.asp,::1
2021/01/11 16:37:53,b101,空搬出事前情報一覧,04,海貨,6FKAM,/predef/top.asp,::1
2021/01/11 16:37:54,b401,実搬入事前情報一覧,01,海貨,6FKAM,/predef/top.asp,::1
2021/01/11 16:37:57,b101,実搬出事前情報一覧,01,海貨,6FKAM,/predef/dmo010L.asp,::1
2021/01/11 16:38:46,b101,空搬出事前情報一覧,04,海貨,6FKAM,/predef/top.asp,::1
2021/01/11 16:38:46,b401,実搬入事前情報一覧,01,海貨,6FKAM,/predef/top.asp,::1
2021/01/11 16:38:49,b101,実搬出事前情報一覧,01,海貨,6FKAM,/predef/dmo010L.asp,::1
2021/01/11 16:40:24,b101,空搬出事前情報一覧,04,海貨,6FKAM,/predef/top.asp,::1
2021/01/11 16:40:24,b401,実搬入事前情報一覧,01,海貨,6FKAM,/predef/top.asp,::1
2021/01/11 16:40:28,b101,実搬出事前情報一覧,01,海貨,6FKAM,/predef/dmo010L.asp,::1
2021/01/11 16:41:06,b101,空搬出事前情報一覧,04,海貨,6FKAM,/predef/top.asp,::1
2021/01/11 16:41:06,b401,実搬入事前情報一覧,01,海貨,6FKAM,/predef/top.asp,::1
2021/01/11 16:41:09,b101,実搬出事前情報一覧,01,海貨,6FKAM,/predef/dmo010L.asp,::1
2021/01/11 16:41:35,b101,空搬出事前情報一覧,04,海貨,6FKAM,/predef/top.asp,::1
2021/01/11 16:41:35,b401,実搬入事前情報一覧,01,海貨,6FKAM,/predef/top.asp,::1
2021/01/11 16:41:39,b101,実搬出事前情報一覧,01,海貨,6FKAM,/predef/dmo010L.asp,::1
2021/01/11 16:41:56,b101,空搬出事前情報一覧,04,海貨,6FKAM,/predef/top.asp,::1
2021/01/11 16:41:56,b401,実搬入事前情報一覧,01,海貨,6FKAM,/predef/top.asp,::1
2021/01/11 16:42:00,b101,実搬出事前情報一覧,01,海貨,6FKAM,/predef/dmo010L.asp,::1
2021/01/11 16:46:36,b101,空搬出事前情報一覧,04,海貨,6FKAM,/predef/top.asp,::1
2021/01/11 16:46:36,b401,実搬入事前情報一覧,01,海貨,6FKAM,/predef/top.asp,::1
2021/01/11 16:46:39,b101,実搬出事前情報一覧,01,海貨,6FKAM,/predef/dmo010L.asp,::1
2021/01/11 16:47:55,b101,空搬出事前情報一覧,04,海貨,6FKAM,/predef/top.asp,::1
2021/01/11 16:47:55,b401,実搬入事前情報一覧,01,海貨,6FKAM,/predef/top.asp,::1
2021/01/11 16:47:58,b101,実搬出事前情報一覧,01,海貨,6FKAM,/predef/dmo010L.asp,::1
2021/01/11 16:48:56,b000,ログイン,00,,,/Userchk.asp,::1,,
2021/01/11 16:49:01,b101,空搬出事前情報一覧,04,海貨,6FKAM,/predef/top.asp,::1
2021/01/11 16:49:01,b401,実搬入事前情報一覧,01,海貨,6FKAM,/predef/top.asp,::1
2021/01/11 16:49:03,b101,実搬出事前情報一覧,01,海貨,6FKAM,/predef/dmo010L.asp,::1
2021/01/11 16:50:12,b101,空搬出事前情報一覧,04,海貨,6FKAM,/predef/top.asp,::1
2021/01/11 16:50:12,b401,実搬入事前情報一覧,01,海貨,6FKAM,/predef/top.asp,::1
2021/01/11 16:50:14,b101,実搬出事前情報一覧,01,海貨,6FKAM,/predef/dmo010L.asp,::1
2021/01/11 16:50:32,b101,空搬出事前情報一覧,04,海貨,6FKAM,/predef/top.asp,::1
2021/01/11 16:50:32,b401,実搬入事前情報一覧,01,海貨,6FKAM,/predef/top.asp,::1
2021/01/11 16:50:35,b101,実搬出事前情報一覧,01,海貨,6FKAM,/predef/dmo010L.asp,::1
2021/01/11 16:51:17,b101,空搬出事前情報一覧,04,海貨,6FKAM,/predef/top.asp,::1
2021/01/11 16:51:17,b401,実搬入事前情報一覧,01,海貨,6FKAM,/predef/top.asp,::1
2021/01/11 16:51:19,b101,実搬出事前情報一覧,01,海貨,6FKAM,/predef/dmo010L.asp,::1
2021/01/11 16:51:33,b101,空搬出事前情報一覧,04,海貨,6FKAM,/predef/top.asp,::1
2021/01/11 16:51:33,b401,実搬入事前情報一覧,01,海貨,6FKAM,/predef/top.asp,::1
2021/01/11 16:51:36,b101,実搬出事前情報一覧,01,海貨,6FKAM,/predef/dmo010L.asp,::1
2021/01/11 16:51:50,b101,空搬出事前情報一覧,04,海貨,6FKAM,/predef/top.asp,::1
2021/01/11 16:51:50,b401,実搬入事前情報一覧,01,海貨,6FKAM,/predef/top.asp,::1
2021/01/11 16:51:54,b101,実搬出事前情報一覧,01,海貨,6FKAM,/predef/dmo010L.asp,::1
2021/01/11 16:52:08,b101,空搬出事前情報一覧,04,海貨,6FKAM,/predef/top.asp,::1
2021/01/11 16:52:08,b401,実搬入事前情報一覧,01,海貨,6FKAM,/predef/top.asp,::1
2021/01/11 16:52:12,b101,実搬出事前情報一覧,01,海貨,6FKAM,/predef/dmo010L.asp,::1
2021/01/11 16:53:56,b101,空搬出事前情報一覧,04,海貨,6FKAM,/predef/top.asp,::1
2021/01/11 16:53:56,b401,実搬入事前情報一覧,01,海貨,6FKAM,/predef/top.asp,::1
2021/01/11 16:54:00,b101,実搬出事前情報一覧,01,海貨,6FKAM,/predef/dmo010L.asp,::1
2021/01/11 16:54:14,b101,空搬出事前情報一覧,04,海貨,6FKAM,/predef/top.asp,::1
2021/01/11 16:54:14,b401,実搬入事前情報一覧,01,海貨,6FKAM,/predef/top.asp,::1
2021/01/11 16:54:17,b101,実搬出事前情報一覧,01,海貨,6FKAM,/predef/dmo010L.asp,::1
2021/01/11 16:54:32,b101,空搬出事前情報一覧,04,海貨,6FKAM,/predef/top.asp,::1
2021/01/11 16:54:32,b401,実搬入事前情報一覧,01,海貨,6FKAM,/predef/top.asp,::1
2021/01/11 16:54:35,b101,実搬出事前情報一覧,01,海貨,6FKAM,/predef/dmo010L.asp,::1
2021/01/11 16:54:45,b101,空搬出事前情報一覧,04,海貨,6FKAM,/predef/top.asp,::1
2021/01/11 16:54:45,b401,実搬入事前情報一覧,01,海貨,6FKAM,/predef/top.asp,::1
2021/01/11 16:54:48,b101,実搬出事前情報一覧,01,海貨,6FKAM,/predef/dmo010L.asp,::1
2021/01/11 16:55:02,b101,空搬出事前情報一覧,04,海貨,6FKAM,/predef/top.asp,::1
2021/01/11 16:55:02,b401,実搬入事前情報一覧,01,海貨,6FKAM,/predef/top.asp,::1
2021/01/11 16:55:05,b101,実搬出事前情報一覧,01,海貨,6FKAM,/predef/dmo010L.asp,::1
2021/01/11 18:35:45,b000,ログイン,00,,,/Userchk.asp,::1,,
2021/01/11 18:35:52,b101,空搬出事前情報一覧,04,海貨,6FKAM,/predef/top.asp,::1
2021/01/11 18:36:00,b401,実搬入事前情報一覧,01,海貨,6FKAM,/predef/top.asp,::1
2021/01/11 18:37:09,b000,ログイン,00,海貨,6FKAM,/userchk.asp,::1,,
2021/01/11 18:37:23,b101,空搬出事前情報一覧,04,海貨,6AFTR,/predef/top.asp,::1
2021/01/11 18:37:23,b401,実搬入事前情報一覧,01,海貨,6AFTR,/predef/top.asp,::1
2021/01/11 18:38:44,b101,空搬出事前情報一覧,04,海貨,6AFTR,/predef/top.asp,::1
2021/01/11 18:38:44,b401,実搬入事前情報一覧,01,海貨,6AFTR,/predef/top.asp,::1
2021/01/11 18:38:45,b101,空搬出事前情報一覧,04,海貨,6AFTR,/predef/top.asp,::1
2021/01/11 18:38:45,b401,実搬入事前情報一覧,01,海貨,6AFTR,/predef/top.asp,::1
2021/01/11 18:38:46,b101,空搬出事前情報一覧,04,海貨,6AFTR,/predef/top.asp,::1
2021/01/11 18:38:46,b401,実搬入事前情報一覧,01,海貨,6AFTR,/predef/top.asp,::1
2021/01/11 18:38:46,b101,空搬出事前情報一覧,04,海貨,6AFTR,/predef/top.asp,::1
2021/01/11 18:38:46,b401,実搬入事前情報一覧,01,海貨,6AFTR,/predef/top.asp,::1
2021/01/11 18:38:59,b101,空搬出事前情報一覧,04,海貨,6AFTR,/predef/top.asp,::1
2021/01/11 18:38:59,b401,実搬入事前情報一覧,01,海貨,6AFTR,/predef/top.asp,::1
2021/01/11 18:39:00,b101,空搬出事前情報一覧,04,海貨,6AFTR,/predef/top.asp,::1
2021/01/11 18:39:00,b401,実搬入事前情報一覧,01,海貨,6AFTR,/predef/top.asp,::1
2021/01/11 18:39:14,b101,空搬出事前情報一覧,04,海貨,6AFTR,/predef/top.asp,::1
2021/01/11 18:39:14,b401,実搬入事前情報一覧,01,海貨,6AFTR,/predef/top.asp,::1
2021/01/11 18:39:15,b101,空搬出事前情報一覧,04,海貨,6AFTR,/predef/top.asp,::1
2021/01/11 18:39:15,b401,実搬入事前情報一覧,01,海貨,6AFTR,/predef/top.asp,::1
2021/01/11 18:39:17,b101,空搬出事前情報一覧,04,海貨,6AFTR,/predef/top.asp,::1
2021/01/11 18:39:17,b401,実搬入事前情報一覧,01,海貨,6AFTR,/predef/top.asp,::1
2021/01/11 18:39:21,d101,着離岸情報照会,01,海貨,6AFTR,/arvdepinfo.asp,::1,,
2021/01/11 18:40:39,b101,空搬出事前情報一覧,04,海貨,6AFTR,/predef/top.asp,::1
2021/01/11 18:40:39,b401,実搬入事前情報一覧,01,海貨,6AFTR,/predef/top.asp,::1
2021/01/11 18:48:18,b101,空搬出事前情報一覧,04,海貨,6AFTR,/predef/top.asp,::1
2021/01/11 18:48:19,b401,実搬入事前情報一覧,01,海貨,6AFTR,/predef/top.asp,::1
2021/01/11 18:49:24,b101,空搬出事前情報一覧,04,海貨,6AFTR,/predef/top.asp,::1
2021/01/11 18:49:24,b401,実搬入事前情報一覧,01,海貨,6AFTR,/predef/top.asp,::1
2021/01/11 18:56:33,b101,実搬出事前情報一覧,01,海貨,6AFTR,/predef/dmo010L.asp,::1
2021/01/11 18:56:42,b101,空搬出事前情報一覧,04,海貨,6AFTR,/predef/top.asp,::1
2021/01/11 18:56:42,b401,実搬入事前情報一覧,01,海貨,6AFTR,/predef/top.asp,::1
2021/01/11 18:56:48,b000,ログイン,00,海貨,6AFTR,/userchk.asp,::1,,
2021/01/11 18:56:56,b101,空搬出事前情報一覧,04,海貨,6FKAM,/predef/top.asp,::1
2021/01/11 18:56:56,b401,実搬入事前情報一覧,01,海貨,6FKAM,/predef/top.asp,::1
2021/01/11 18:57:17,b101,実搬出事前情報一覧,01,海貨,6FKAM,/predef/dmo010L.asp,::1
2021/01/11 18:57:53,b106,実搬出事前情報入力(ＢＬ番号),11,海貨,6FKAM,/predef/dmo020.asp,::1
2021/01/11 18:58:20,b109,実搬出指示書印刷,01,海貨,6FKAM,/predef/dmo091.asp,::1
2021/01/11 18:58:33,b109,実搬出指示書印刷,02,海貨,6FKAM,/predef/dmo092.asp,::1
2021/01/11 18:59:02,b109,実搬出事前情報展開,01,海貨,6FKAM,/predef/dmo030.asp,::1
2021/01/11 19:00:09,2001,輸入コンテナ照会,12,海貨,6FKAM,/impcntnr.asp,::1,YMLUI228236251,入力内容の正誤:0(正しい)
2021/01/11 19:00:09,2006,輸入コンテナ照会-単独コンテナ,00,海貨,6FKAM,/impdetail.asp,::1,TCNU3471519,
2021/01/11 19:00:17,b106,実搬出事前情報入力(ＢＬ番号),11,海貨,6FKAM,/predef/dmo020.asp,::1
2021/01/11 19:00:19,b106,実搬出事前情報一覧(ＢＬ番号),12,海貨,6FKAM,/predef/dmi021.asp,::1
2021/01/11 19:01:09,b106,実搬出事前情報一覧(ＢＬ番号),13,海貨,6FKAM,/predef/dmi030.asp,::1,KC//CY//未入力,入力内容の正誤:0(正しい)
2021/01/11 19:02:07,b106,実搬出事前情報一覧(ＢＬ番号),14,海貨,6FKAM,/predef/dmi040.asp,::1
2021/01/11 19:02:10,b109,実搬出指示書印刷,01,海貨,6FKAM,/predef/dmo091.asp,::1
2021/01/11 19:05:19,b109,実搬出事前情報展開,01,海貨,6FKAM,/predef/dmo030.asp,::1
2021/01/11 19:05:49,2001,輸入コンテナ照会,12,海貨,6FKAM,/impcntnr.asp,::1,YMLUI228236251,入力内容の正誤:0(正しい)
2021/01/11 19:05:49,2006,輸入コンテナ照会-単独コンテナ,00,海貨,6FKAM,/impdetail.asp,::1,TCNU3471519,
2021/01/11 19:06:23,b109,実搬出事前情報展開,01,海貨,6FKAM,/predef/dmo030.asp,::1
2021/01/11 19:06:41,b105,実搬出事前情報入力(一覧から選択),11,海貨,6FKAM,/predef/dmo020.asp,::1
2021/01/11 19:06:51,b109,実搬出事前情報展開,01,海貨,6FKAM,/predef/dmo030.asp,::1
2021/01/11 19:06:57,b109,実搬出事前情報展開,01,海貨,6FKAM,/predef/dmo030.asp,::1
2021/01/11 19:07:00,b109,実搬出事前情報展開,01,海貨,6FKAM,/predef/dmo030.asp,::1
2021/01/11 19:07:23,b106,実搬出事前情報入力(ＢＬ番号),11,海貨,6FKAM,/predef/dmo020.asp,::1
2021/01/11 19:07:27,b109,実搬出事前情報展開,01,海貨,6FKAM,/predef/dmo030.asp,::1
2021/01/11 19:07:34,b109,実搬出事前情報展開,01,海貨,6FKAM,/predef/dmo030.asp,::1
2021/01/11 19:07:36,b109,実搬出事前情報展開,01,海貨,6FKAM,/predef/dmo030.asp,::1
2021/01/11 19:07:37,b109,実搬出事前情報展開,01,海貨,6FKAM,/predef/dmo030.asp,::1
2021/01/11 19:07:40,b109,実搬出事前情報展開,01,海貨,6FKAM,/predef/dmo030.asp,::1
2021/01/11 19:07:41,b109,実搬出事前情報展開,01,海貨,6FKAM,/predef/dmo030.asp,::1
2021/01/11 19:07:42,b109,実搬出事前情報展開,01,海貨,6FKAM,/predef/dmo030.asp,::1
2021/01/11 19:07:43,b109,実搬出事前情報展開,01,海貨,6FKAM,/predef/dmo030.asp,::1
2021/01/11 19:07:48,b109,実搬出事前情報展開,01,海貨,6FKAM,/predef/dmo030.asp,::1
2021/01/11 19:07:50,b109,実搬出事前情報展開,01,海貨,6FKAM,/predef/dmo030.asp,::1
2021/01/11 19:07:51,b109,実搬出事前情報展開,01,海貨,6FKAM,/predef/dmo030.asp,::1
2021/01/11 19:08:00,b109,実搬出事前情報展開,01,海貨,6FKAM,/predef/dmo030.asp,::1
2021/01/11 19:08:09,b109,実搬出事前情報展開,01,海貨,6FKAM,/predef/dmo030.asp,::1
2021/01/11 19:08:28,b109,実搬出事前情報展開,01,海貨,6FKAM,/predef/dmo030.asp,::1
2021/01/11 19:09:08,b109,実搬出事前情報展開,01,海貨,6FKAM,/predef/dmo030.asp,::1
2021/01/11 19:11:00,2001,輸入コンテナ照会,12,海貨,6FKAM,/impcntnr.asp,::1,YMLUI228236251,入力内容の正誤:0(正しい)
2021/01/11 19:11:00,2006,輸入コンテナ照会-単独コンテナ,00,海貨,6FKAM,/impdetail.asp,::1,TCNU3471519,
2021/01/11 19:11:27,b105,実搬出事前情報入力(一覧から選択),11,海貨,6FKAM,/predef/dmo020.asp,::1
2021/01/11 19:12:33,b101,実搬出事前情報一覧,11,海貨,6FKAM,/predef/dmo010L.asp,::1,OC3FD
2021/01/11 19:12:55,b101,実搬出事前情報一覧,01,海貨,6FKAM,/predef/dmo010L.asp,::1
2021/01/11 19:13:13,b101,実搬出事前情報一覧,11,海貨,6FKAM,/predef/dmo010L.asp,::1,0C3FD
2021/01/11 19:13:19,b106,実搬出事前情報入力(ＢＬ番号),11,海貨,6FKAM,/predef/dmo020.asp,::1
2021/01/11 19:14:45,b201,空搬入事前情報一覧,01,海貨,6FKAM,/predef/dmo110L.asp,::1
2021/01/11 19:15:10,b201,空搬入事前情報一覧,01,海貨,6FKAM,/predef/dmo110L.asp,::1
2021/01/11 19:15:21,b101,実搬出事前情報一覧,01,海貨,6FKAM,/predef/dmo010L.asp,::1
2021/01/11 19:15:25,b102,実搬出事前情報入力(共通),00,海貨,6FKAM,/predef/dmi010.asp,::1
2021/01/11 19:15:41,b106,実搬出事前情報入力(ＢＬ番号),11,海貨,6FKAM,/predef/dmo020.asp,::1
2021/01/11 19:15:45,b201,空搬入事前情報一覧,01,海貨,6FKAM,/predef/dmo110L.asp,::1
2021/01/11 19:15:48,b101,実搬出事前情報一覧,01,海貨,6FKAM,/predef/dmo010L.asp,::1
2021/01/11 19:15:53,b201,空搬入事前情報一覧,01,海貨,6FKAM,/predef/dmo110L.asp,::1
2021/01/11 19:15:56,b202,空搬入事前情報入力,11,海貨,6FKAM,/predef/dmo120.asp,::1
2021/01/11 19:16:38,b202,空搬入事前情報入力,12,海貨,6FKAM,/predef/dmi120.asp,::1
2021/01/11 19:17:36,b201,空搬入事前情報一覧,01,海貨,6FKAM,/predef/dmo110L.asp,::1
2021/01/11 19:17:39,b202,空搬入事前情報入力,11,海貨,6FKAM,/predef/dmo120.asp,::1
2021/01/11 19:18:11,b101,空搬出事前情報一覧,04,海貨,6FKAM,/predef/top.asp,::1
2021/01/11 19:18:11,b401,実搬入事前情報一覧,01,海貨,6FKAM,/predef/top.asp,::1
2021/01/11 19:18:14,b201,空搬入事前情報一覧,01,海貨,6FKAM,/predef/dmo110L.asp,::1
2021/01/11 19:18:16,b202,空搬入事前情報入力,11,海貨,6FKAM,/predef/dmo120.asp,::1
2021/01/11 19:18:38,b101,空搬出事前情報一覧,04,海貨,6FKAM,/predef/top.asp,::1
2021/01/11 19:18:38,b401,実搬入事前情報一覧,01,海貨,6FKAM,/predef/top.asp,::1
2021/01/11 19:18:42,b201,空搬入事前情報一覧,01,海貨,6FKAM,/predef/dmo110L.asp,::1
2021/01/11 19:18:44,b202,空搬入事前情報入力,11,海貨,6FKAM,/predef/dmo120.asp,::1
2021/01/11 19:19:10,b101,空搬出事前情報一覧,04,海貨,6FKAM,/predef/top.asp,::1
2021/01/11 19:19:11,b401,実搬入事前情報一覧,01,海貨,6FKAM,/predef/top.asp,::1
2021/01/11 19:19:15,b201,空搬入事前情報一覧,01,海貨,6FKAM,/predef/dmo110L.asp,::1
2021/01/11 19:19:17,b202,空搬入事前情報入力,11,海貨,6FKAM,/predef/dmo120.asp,::1
2021/01/11 19:19:58,b202,空搬入事前情報入力,11,海貨,6FKAM,/predef/dmo120.asp,::1
2021/01/11 19:20:01,b202,空搬入事前情報入力,12,海貨,6FKAM,/predef/dmi120.asp,::1
2021/01/11 19:20:47,b101,空搬出事前情報一覧,04,海貨,6FKAM,/predef/top.asp,::1
2021/01/11 19:20:47,b401,実搬入事前情報一覧,01,海貨,6FKAM,/predef/top.asp,::1
2021/01/11 19:20:50,b201,空搬入事前情報一覧,01,海貨,6FKAM,/predef/dmo110L.asp,::1
2021/01/11 19:20:56,b202,空搬入事前情報入力,11,海貨,6FKAM,/predef/dmo120.asp,::1
2021/01/11 19:20:57,b202,空搬入事前情報入力,12,海貨,6FKAM,/predef/dmi120.asp,::1
2021/01/11 19:21:03,b202,空搬入事前情報入力,11,海貨,6FKAM,/predef/dmo120.asp,::1
2021/01/11 19:21:04,b202,空搬入事前情報入力,12,海貨,6FKAM,/predef/dmi120.asp,::1
2021/01/11 19:21:10,b202,空搬入事前情報入力,11,海貨,6FKAM,/predef/dmo120.asp,::1
2021/01/11 19:21:12,b202,空搬入事前情報入力,12,海貨,6FKAM,/predef/dmi120.asp,::1
2021/01/11 19:21:16,b202,空搬入事前情報入力,11,海貨,6FKAM,/predef/dmo120.asp,::1
2021/01/11 19:21:19,b202,空搬入事前情報入力,12,海貨,6FKAM,/predef/dmi120.asp,::1
2021/01/11 19:22:08,b202,空搬入事前情報入力,14,海貨,6FKAM,/predef/dmi140.asp,::1
2021/01/11 19:22:08,b201,空搬入事前情報一覧,01,海貨,6FKAM,/predef/dmo110L.asp,::1
2021/01/11 19:22:24,b202,空搬入事前情報入力,11,海貨,6FKAM,/predef/dmo120.asp,::1
2021/01/11 19:22:26,b202,空搬入事前情報入力,12,海貨,6FKAM,/predef/dmi120.asp,::1
2021/01/11 19:22:48,b202,空搬入事前情報入力,12,海貨,6FKAM,/predef/dmi120.asp,::1
2021/01/11 19:22:53,2001,輸入コンテナ照会,11,海貨,6FKAM,/impcntnr.asp,::1,EMCU5305946,入力内容の正誤:0(正しい)
2021/01/11 19:22:53,2006,輸入コンテナ照会-単独コンテナ,00,海貨,6FKAM,/impdetail.asp,::1,EMCU5305946,
2021/01/11 19:23:14,b202,空搬入事前情報入力,11,海貨,6FKAM,/predef/dmo120.asp,::1
2021/01/11 19:24:11,b101,実搬出事前情報一覧,01,海貨,6FKAM,/predef/dmo010L.asp,::1
2021/01/11 19:24:19,b201,空搬入事前情報一覧,01,海貨,6FKAM,/predef/dmo110L.asp,::1
2021/01/11 19:26:40,b101,実搬出事前情報一覧,01,海貨,6FKAM,/predef/dmo010L.asp,::1
2021/01/11 19:27:45,b101,空搬出事前情報一覧,04,海貨,6FKAM,/predef/top.asp,::1
2021/01/11 19:27:45,b401,実搬入事前情報一覧,01,海貨,6FKAM,/predef/top.asp,::1
2021/01/11 19:27:49,b101,実搬出事前情報一覧,01,海貨,6FKAM,/predef/dmo010L.asp,::1
2021/01/11 19:28:15,b101,空搬出事前情報一覧,04,海貨,6FKAM,/predef/top.asp,::1
2021/01/11 19:28:15,b401,実搬入事前情報一覧,01,海貨,6FKAM,/predef/top.asp,::1
2021/01/11 19:28:20,b101,実搬出事前情報一覧,01,海貨,6FKAM,/predef/dmo010L.asp,::1
2021/01/11 19:28:22,b201,空搬入事前情報一覧,01,海貨,6FKAM,/predef/dmo110L.asp,::1
2021/01/11 19:28:26,b201,空搬入事前情報一覧,01,海貨,6FKAM,/predef/dmo110L.asp,::1
2021/01/11 19:28:26,b101,実搬出事前情報一覧,01,海貨,6FKAM,/predef/dmo010L.asp,::1
2021/01/11 19:28:33,b201,空搬入事前情報一覧,01,海貨,6FKAM,/predef/dmo110L.asp,::1
2021/01/11 19:29:29,b101,空搬出事前情報一覧,04,海貨,6FKAM,/predef/top.asp,::1
2021/01/11 19:29:29,b401,実搬入事前情報一覧,01,海貨,6FKAM,/predef/top.asp,::1
2021/01/11 19:29:33,b201,空搬入事前情報一覧,01,海貨,6FKAM,/predef/dmo110L.asp,::1
2021/01/11 19:29:39,b101,空搬出事前情報一覧,04,海貨,6FKAM,/predef/top.asp,::1
2021/01/11 19:29:39,b401,実搬入事前情報一覧,01,海貨,6FKAM,/predef/top.asp,::1
2021/01/11 19:29:42,b201,空搬入事前情報一覧,01,海貨,6FKAM,/predef/dmo110L.asp,::1
2021/01/11 19:29:47,b201,空搬入事前情報一覧,01,海貨,6FKAM,/predef/dmo110L.asp,::1
2021/01/11 19:29:51,b202,空搬入事前情報入力,11,海貨,6FKAM,/predef/dmo120.asp,::1
2021/01/11 19:29:55,b202,空搬入事前情報入力,11,海貨,6FKAM,/predef/dmo120.asp,::1
2021/01/11 19:29:57,b202,空搬入事前情報入力,12,海貨,6FKAM,/predef/dmi120.asp,::1
2021/01/11 19:38:57,b102,実搬出事前情報入力(共通),00,海貨,6FKAM,/predef/dmi010.asp,::1
2021/01/11 19:39:04,b202,空搬入事前情報入力,00,海貨,6FKAM,/predef/dmi110.asp,::1
2021/01/11 19:39:12,b301,空搬出事前情報一覧,01,海貨,6FKAM,/predef/dmo210L.asp,::1
2021/01/11 19:39:19,b401,実搬入事前情報一覧,01,海貨,6FKAM,/predef/dmo310L.asp,::1
2021/01/11 19:40:23,b402,実搬入事前情報入力,00,海貨,6FKAM,/predef/dmi310.asp,::1
2021/01/11 19:40:36,b402,実搬入事前情報入力,11,海貨,6FKAM,/predef/dmo320.asp,::1
2021/01/11 19:46:30,b402,実搬入事前情報入力,11,海貨,6FKAM,/predef/dmo320.asp,::1
